ERROR - 2024-10-02 17:13:37 --> mysqli_sql_exception: Unknown column 'producttype_id' in 'where clause' in C:\xampp\htdocs\projects\petzadmin\system\Database\MySQLi\Connection.php:306
Stack trace:
#0 C:\xampp\htdocs\projects\petzadmin\system\Database\MySQLi\Connection.php(306): mysqli->query('SELECT *\nFROM `...', 0)
#1 C:\xampp\htdocs\projects\petzadmin\system\Database\BaseConnection.php(693): CodeIgniter\Database\MySQLi\Connection->execute('SELECT *\nFROM `...')
#2 C:\xampp\htdocs\projects\petzadmin\system\Database\BaseConnection.php(607): CodeIgniter\Database\BaseConnection->simpleQuery('SELECT *\nFROM `...')
#3 C:\xampp\htdocs\projects\petzadmin\system\Database\BaseBuilder.php(1616): CodeIgniter\Database\BaseConnection->query('SELECT *\nFROM `...', Array, false)
#4 C:\xampp\htdocs\projects\petzadmin\system\Model.php(270): CodeIgniter\Database\BaseBuilder->get()
#5 C:\xampp\htdocs\projects\petzadmin\system\BaseModel.php(676): CodeIgniter\Model->doFirst()
#6 C:\xampp\htdocs\projects\petzadmin\app\Controllers\Workflow_Product.php(64): CodeIgniter\BaseModel->first()
#7 C:\xampp\htdocs\projects\petzadmin\system\CodeIgniter.php(941): App\Controllers\Workflow_Product->insertProduct()
#8 C:\xampp\htdocs\projects\petzadmin\system\CodeIgniter.php(502): CodeIgniter\CodeIgniter->runController(Object(App\Controllers\Workflow_Product))
#9 C:\xampp\htdocs\projects\petzadmin\system\CodeIgniter.php(361): CodeIgniter\CodeIgniter->handleRequest(NULL, Object(Config\Cache), false)
#10 C:\xampp\htdocs\projects\petzadmin\index.php(79): CodeIgniter\CodeIgniter->run()
#11 {main}
CRITICAL - 2024-10-02 17:13:37 --> CodeIgniter\Database\Exceptions\DatabaseException: Unknown column 'producttype_id' in 'where clause'
in SYSTEMPATH\Database\BaseConnection.php on line 647.
 1 SYSTEMPATH\Database\BaseBuilder.php(1616): CodeIgniter\Database\BaseConnection->query('SELECT *
FROM `product_tbl`
WHERE `name` = :name:
AND `brand_id` = :brand_id:
AND `breed_id` = :breed_id:
AND `producttype_id` = :producttype_id:
AND `productcategory_id` = :productcategory_id:
AND `flag` = :flag:
 LIMIT 1', [...], false)
 2 SYSTEMPATH\Model.php(270): CodeIgniter\Database\BaseBuilder->get()
 3 SYSTEMPATH\BaseModel.php(676): CodeIgniter\Model->doFirst()
 4 APPPATH\Controllers\Workflow_Product.php(64): CodeIgniter\BaseModel->first()
 5 SYSTEMPATH\CodeIgniter.php(941): App\Controllers\Workflow_Product->insertProduct()
 6 SYSTEMPATH\CodeIgniter.php(502): CodeIgniter\CodeIgniter->runController(Object(App\Controllers\Workflow_Product))
 7 SYSTEMPATH\CodeIgniter.php(361): CodeIgniter\CodeIgniter->handleRequest(null, Object(Config\Cache), false)
 8 FCPATH\index.php(79): CodeIgniter\CodeIgniter->run()
CRITICAL - 2024-10-02 17:13:37 --> [Caused by] CodeIgniter\Database\Exceptions\DatabaseException: Unknown column 'producttype_id' in 'where clause'
in SYSTEMPATH\Database\MySQLi\Connection.php on line 311.
 1 SYSTEMPATH\Database\BaseConnection.php(693): CodeIgniter\Database\MySQLi\Connection->execute('SELECT *
FROM `product_tbl`
WHERE `name` = \'jayaraj\'
AND `brand_id` = \'3\'
AND `breed_id` = \'6\'
AND `producttype_id` = \'2\'
AND `productcategory_id` = \'4\'
AND `flag` = 1
 LIMIT 1')
 2 SYSTEMPATH\Database\BaseConnection.php(607): CodeIgniter\Database\BaseConnection->simpleQuery('SELECT *
FROM `product_tbl`
WHERE `name` = \'jayaraj\'
AND `brand_id` = \'3\'
AND `breed_id` = \'6\'
AND `producttype_id` = \'2\'
AND `productcategory_id` = \'4\'
AND `flag` = 1
 LIMIT 1')
 3 SYSTEMPATH\Database\BaseBuilder.php(1616): CodeIgniter\Database\BaseConnection->query('SELECT *
FROM `product_tbl`
WHERE `name` = :name:
AND `brand_id` = :brand_id:
AND `breed_id` = :breed_id:
AND `producttype_id` = :producttype_id:
AND `productcategory_id` = :productcategory_id:
AND `flag` = :flag:
 LIMIT 1', [...], false)
 4 SYSTEMPATH\Model.php(270): CodeIgniter\Database\BaseBuilder->get()
 5 SYSTEMPATH\BaseModel.php(676): CodeIgniter\Model->doFirst()
 6 APPPATH\Controllers\Workflow_Product.php(64): CodeIgniter\BaseModel->first()
 7 SYSTEMPATH\CodeIgniter.php(941): App\Controllers\Workflow_Product->insertProduct()
 8 SYSTEMPATH\CodeIgniter.php(502): CodeIgniter\CodeIgniter->runController(Object(App\Controllers\Workflow_Product))
 9 SYSTEMPATH\CodeIgniter.php(361): CodeIgniter\CodeIgniter->handleRequest(null, Object(Config\Cache), false)
10 FCPATH\index.php(79): CodeIgniter\CodeIgniter->run()
CRITICAL - 2024-10-02 17:13:37 --> [Caused by] mysqli_sql_exception: Unknown column 'producttype_id' in 'where clause'
in SYSTEMPATH\Database\MySQLi\Connection.php on line 306.
 1 SYSTEMPATH\Database\MySQLi\Connection.php(306): mysqli->query('SELECT *
FROM `product_tbl`
WHERE `name` = \'jayaraj\'
AND `brand_id` = \'3\'
AND `breed_id` = \'6\'
AND `producttype_id` = \'2\'
AND `productcategory_id` = \'4\'
AND `flag` = 1
 LIMIT 1', 0)
 2 SYSTEMPATH\Database\BaseConnection.php(693): CodeIgniter\Database\MySQLi\Connection->execute('SELECT *
FROM `product_tbl`
WHERE `name` = \'jayaraj\'
AND `brand_id` = \'3\'
AND `breed_id` = \'6\'
AND `producttype_id` = \'2\'
AND `productcategory_id` = \'4\'
AND `flag` = 1
 LIMIT 1')
 3 SYSTEMPATH\Database\BaseConnection.php(607): CodeIgniter\Database\BaseConnection->simpleQuery('SELECT *
FROM `product_tbl`
WHERE `name` = \'jayaraj\'
AND `brand_id` = \'3\'
AND `breed_id` = \'6\'
AND `producttype_id` = \'2\'
AND `productcategory_id` = \'4\'
AND `flag` = 1
 LIMIT 1')
 4 SYSTEMPATH\Database\BaseBuilder.php(1616): CodeIgniter\Database\BaseConnection->query('SELECT *
FROM `product_tbl`
WHERE `name` = :name:
AND `brand_id` = :brand_id:
AND `breed_id` = :breed_id:
AND `producttype_id` = :producttype_id:
AND `productcategory_id` = :productcategory_id:
AND `flag` = :flag:
 LIMIT 1', [...], false)
 5 SYSTEMPATH\Model.php(270): CodeIgniter\Database\BaseBuilder->get()
 6 SYSTEMPATH\BaseModel.php(676): CodeIgniter\Model->doFirst()
 7 APPPATH\Controllers\Workflow_Product.php(64): CodeIgniter\BaseModel->first()
 8 SYSTEMPATH\CodeIgniter.php(941): App\Controllers\Workflow_Product->insertProduct()
 9 SYSTEMPATH\CodeIgniter.php(502): CodeIgniter\CodeIgniter->runController(Object(App\Controllers\Workflow_Product))
10 SYSTEMPATH\CodeIgniter.php(361): CodeIgniter\CodeIgniter->handleRequest(null, Object(Config\Cache), false)
11 FCPATH\index.php(79): CodeIgniter\CodeIgniter->run()
ERROR - 2024-10-02 17:15:00 --> mysqli_sql_exception: Unknown column 'producttype_id' in 'where clause' in C:\xampp\htdocs\projects\petzadmin\system\Database\MySQLi\Connection.php:306
Stack trace:
#0 C:\xampp\htdocs\projects\petzadmin\system\Database\MySQLi\Connection.php(306): mysqli->query('SELECT *\nFROM `...', 0)
#1 C:\xampp\htdocs\projects\petzadmin\system\Database\BaseConnection.php(693): CodeIgniter\Database\MySQLi\Connection->execute('SELECT *\nFROM `...')
#2 C:\xampp\htdocs\projects\petzadmin\system\Database\BaseConnection.php(607): CodeIgniter\Database\BaseConnection->simpleQuery('SELECT *\nFROM `...')
#3 C:\xampp\htdocs\projects\petzadmin\system\Database\BaseBuilder.php(1616): CodeIgniter\Database\BaseConnection->query('SELECT *\nFROM `...', Array, false)
#4 C:\xampp\htdocs\projects\petzadmin\system\Model.php(270): CodeIgniter\Database\BaseBuilder->get()
#5 C:\xampp\htdocs\projects\petzadmin\system\BaseModel.php(676): CodeIgniter\Model->doFirst()
#6 C:\xampp\htdocs\projects\petzadmin\app\Controllers\Workflow_Product.php(64): CodeIgniter\BaseModel->first()
#7 C:\xampp\htdocs\projects\petzadmin\system\CodeIgniter.php(941): App\Controllers\Workflow_Product->insertProduct()
#8 C:\xampp\htdocs\projects\petzadmin\system\CodeIgniter.php(502): CodeIgniter\CodeIgniter->runController(Object(App\Controllers\Workflow_Product))
#9 C:\xampp\htdocs\projects\petzadmin\system\CodeIgniter.php(361): CodeIgniter\CodeIgniter->handleRequest(NULL, Object(Config\Cache), false)
#10 C:\xampp\htdocs\projects\petzadmin\index.php(79): CodeIgniter\CodeIgniter->run()
#11 {main}
CRITICAL - 2024-10-02 17:15:00 --> CodeIgniter\Database\Exceptions\DatabaseException: Unknown column 'producttype_id' in 'where clause'
in SYSTEMPATH\Database\BaseConnection.php on line 647.
 1 SYSTEMPATH\Database\BaseBuilder.php(1616): CodeIgniter\Database\BaseConnection->query('SELECT *
FROM `product_tbl`
WHERE `name` = :name:
AND `brand_id` = :brand_id:
AND `breed_id` = :breed_id:
AND `producttype_id` = :producttype_id:
AND `productcategory_id` = :productcategory_id:
AND `flag` = :flag:
 LIMIT 1', [...], false)
 2 SYSTEMPATH\Model.php(270): CodeIgniter\Database\BaseBuilder->get()
 3 SYSTEMPATH\BaseModel.php(676): CodeIgniter\Model->doFirst()
 4 APPPATH\Controllers\Workflow_Product.php(64): CodeIgniter\BaseModel->first()
 5 SYSTEMPATH\CodeIgniter.php(941): App\Controllers\Workflow_Product->insertProduct()
 6 SYSTEMPATH\CodeIgniter.php(502): CodeIgniter\CodeIgniter->runController(Object(App\Controllers\Workflow_Product))
 7 SYSTEMPATH\CodeIgniter.php(361): CodeIgniter\CodeIgniter->handleRequest(null, Object(Config\Cache), false)
 8 FCPATH\index.php(79): CodeIgniter\CodeIgniter->run()
CRITICAL - 2024-10-02 17:15:00 --> [Caused by] CodeIgniter\Database\Exceptions\DatabaseException: Unknown column 'producttype_id' in 'where clause'
in SYSTEMPATH\Database\MySQLi\Connection.php on line 311.
 1 SYSTEMPATH\Database\BaseConnection.php(693): CodeIgniter\Database\MySQLi\Connection->execute('SELECT *
FROM `product_tbl`
WHERE `name` = \'jay\'
AND `brand_id` = \'3\'
AND `breed_id` = \'6\'
AND `producttype_id` = \'2\'
AND `productcategory_id` = \'4\'
AND `flag` = 1
 LIMIT 1')
 2 SYSTEMPATH\Database\BaseConnection.php(607): CodeIgniter\Database\BaseConnection->simpleQuery('SELECT *
FROM `product_tbl`
WHERE `name` = \'jay\'
AND `brand_id` = \'3\'
AND `breed_id` = \'6\'
AND `producttype_id` = \'2\'
AND `productcategory_id` = \'4\'
AND `flag` = 1
 LIMIT 1')
 3 SYSTEMPATH\Database\BaseBuilder.php(1616): CodeIgniter\Database\BaseConnection->query('SELECT *
FROM `product_tbl`
WHERE `name` = :name:
AND `brand_id` = :brand_id:
AND `breed_id` = :breed_id:
AND `producttype_id` = :producttype_id:
AND `productcategory_id` = :productcategory_id:
AND `flag` = :flag:
 LIMIT 1', [...], false)
 4 SYSTEMPATH\Model.php(270): CodeIgniter\Database\BaseBuilder->get()
 5 SYSTEMPATH\BaseModel.php(676): CodeIgniter\Model->doFirst()
 6 APPPATH\Controllers\Workflow_Product.php(64): CodeIgniter\BaseModel->first()
 7 SYSTEMPATH\CodeIgniter.php(941): App\Controllers\Workflow_Product->insertProduct()
 8 SYSTEMPATH\CodeIgniter.php(502): CodeIgniter\CodeIgniter->runController(Object(App\Controllers\Workflow_Product))
 9 SYSTEMPATH\CodeIgniter.php(361): CodeIgniter\CodeIgniter->handleRequest(null, Object(Config\Cache), false)
10 FCPATH\index.php(79): CodeIgniter\CodeIgniter->run()
CRITICAL - 2024-10-02 17:15:00 --> [Caused by] mysqli_sql_exception: Unknown column 'producttype_id' in 'where clause'
in SYSTEMPATH\Database\MySQLi\Connection.php on line 306.
 1 SYSTEMPATH\Database\MySQLi\Connection.php(306): mysqli->query('SELECT *
FROM `product_tbl`
WHERE `name` = \'jay\'
AND `brand_id` = \'3\'
AND `breed_id` = \'6\'
AND `producttype_id` = \'2\'
AND `productcategory_id` = \'4\'
AND `flag` = 1
 LIMIT 1', 0)
 2 SYSTEMPATH\Database\BaseConnection.php(693): CodeIgniter\Database\MySQLi\Connection->execute('SELECT *
FROM `product_tbl`
WHERE `name` = \'jay\'
AND `brand_id` = \'3\'
AND `breed_id` = \'6\'
AND `producttype_id` = \'2\'
AND `productcategory_id` = \'4\'
AND `flag` = 1
 LIMIT 1')
 3 SYSTEMPATH\Database\BaseConnection.php(607): CodeIgniter\Database\BaseConnection->simpleQuery('SELECT *
FROM `product_tbl`
WHERE `name` = \'jay\'
AND `brand_id` = \'3\'
AND `breed_id` = \'6\'
AND `producttype_id` = \'2\'
AND `productcategory_id` = \'4\'
AND `flag` = 1
 LIMIT 1')
 4 SYSTEMPATH\Database\BaseBuilder.php(1616): CodeIgniter\Database\BaseConnection->query('SELECT *
FROM `product_tbl`
WHERE `name` = :name:
AND `brand_id` = :brand_id:
AND `breed_id` = :breed_id:
AND `producttype_id` = :producttype_id:
AND `productcategory_id` = :productcategory_id:
AND `flag` = :flag:
 LIMIT 1', [...], false)
 5 SYSTEMPATH\Model.php(270): CodeIgniter\Database\BaseBuilder->get()
 6 SYSTEMPATH\BaseModel.php(676): CodeIgniter\Model->doFirst()
 7 APPPATH\Controllers\Workflow_Product.php(64): CodeIgniter\BaseModel->first()
 8 SYSTEMPATH\CodeIgniter.php(941): App\Controllers\Workflow_Product->insertProduct()
 9 SYSTEMPATH\CodeIgniter.php(502): CodeIgniter\CodeIgniter->runController(Object(App\Controllers\Workflow_Product))
10 SYSTEMPATH\CodeIgniter.php(361): CodeIgniter\CodeIgniter->handleRequest(null, Object(Config\Cache), false)
11 FCPATH\index.php(79): CodeIgniter\CodeIgniter->run()
ERROR - 2024-10-02 17:15:10 --> mysqli_sql_exception: Unknown column 'producttype_id' in 'where clause' in C:\xampp\htdocs\projects\petzadmin\system\Database\MySQLi\Connection.php:306
Stack trace:
#0 C:\xampp\htdocs\projects\petzadmin\system\Database\MySQLi\Connection.php(306): mysqli->query('SELECT *\nFROM `...', 0)
#1 C:\xampp\htdocs\projects\petzadmin\system\Database\BaseConnection.php(693): CodeIgniter\Database\MySQLi\Connection->execute('SELECT *\nFROM `...')
#2 C:\xampp\htdocs\projects\petzadmin\system\Database\BaseConnection.php(607): CodeIgniter\Database\BaseConnection->simpleQuery('SELECT *\nFROM `...')
#3 C:\xampp\htdocs\projects\petzadmin\system\Database\BaseBuilder.php(1616): CodeIgniter\Database\BaseConnection->query('SELECT *\nFROM `...', Array, false)
#4 C:\xampp\htdocs\projects\petzadmin\system\Model.php(270): CodeIgniter\Database\BaseBuilder->get()
#5 C:\xampp\htdocs\projects\petzadmin\system\BaseModel.php(676): CodeIgniter\Model->doFirst()
#6 C:\xampp\htdocs\projects\petzadmin\app\Controllers\Workflow_Product.php(64): CodeIgniter\BaseModel->first()
#7 C:\xampp\htdocs\projects\petzadmin\system\CodeIgniter.php(941): App\Controllers\Workflow_Product->insertProduct()
#8 C:\xampp\htdocs\projects\petzadmin\system\CodeIgniter.php(502): CodeIgniter\CodeIgniter->runController(Object(App\Controllers\Workflow_Product))
#9 C:\xampp\htdocs\projects\petzadmin\system\CodeIgniter.php(361): CodeIgniter\CodeIgniter->handleRequest(NULL, Object(Config\Cache), false)
#10 C:\xampp\htdocs\projects\petzadmin\index.php(79): CodeIgniter\CodeIgniter->run()
#11 {main}
CRITICAL - 2024-10-02 17:15:10 --> CodeIgniter\Database\Exceptions\DatabaseException: Unknown column 'producttype_id' in 'where clause'
in SYSTEMPATH\Database\BaseConnection.php on line 647.
 1 SYSTEMPATH\Database\BaseBuilder.php(1616): CodeIgniter\Database\BaseConnection->query('SELECT *
FROM `product_tbl`
WHERE `name` = :name:
AND `brand_id` = :brand_id:
AND `breed_id` = :breed_id:
AND `producttype_id` = :producttype_id:
AND `productcategory_id` = :productcategory_id:
AND `flag` = :flag:
 LIMIT 1', [...], false)
 2 SYSTEMPATH\Model.php(270): CodeIgniter\Database\BaseBuilder->get()
 3 SYSTEMPATH\BaseModel.php(676): CodeIgniter\Model->doFirst()
 4 APPPATH\Controllers\Workflow_Product.php(64): CodeIgniter\BaseModel->first()
 5 SYSTEMPATH\CodeIgniter.php(941): App\Controllers\Workflow_Product->insertProduct()
 6 SYSTEMPATH\CodeIgniter.php(502): CodeIgniter\CodeIgniter->runController(Object(App\Controllers\Workflow_Product))
 7 SYSTEMPATH\CodeIgniter.php(361): CodeIgniter\CodeIgniter->handleRequest(null, Object(Config\Cache), false)
 8 FCPATH\index.php(79): CodeIgniter\CodeIgniter->run()
CRITICAL - 2024-10-02 17:15:10 --> [Caused by] CodeIgniter\Database\Exceptions\DatabaseException: Unknown column 'producttype_id' in 'where clause'
in SYSTEMPATH\Database\MySQLi\Connection.php on line 311.
 1 SYSTEMPATH\Database\BaseConnection.php(693): CodeIgniter\Database\MySQLi\Connection->execute('SELECT *
FROM `product_tbl`
WHERE `name` = \'jay\'
AND `brand_id` = \'3\'
AND `breed_id` = \'6\'
AND `producttype_id` = \'2\'
AND `productcategory_id` = \'4\'
AND `flag` = 1
 LIMIT 1')
 2 SYSTEMPATH\Database\BaseConnection.php(607): CodeIgniter\Database\BaseConnection->simpleQuery('SELECT *
FROM `product_tbl`
WHERE `name` = \'jay\'
AND `brand_id` = \'3\'
AND `breed_id` = \'6\'
AND `producttype_id` = \'2\'
AND `productcategory_id` = \'4\'
AND `flag` = 1
 LIMIT 1')
 3 SYSTEMPATH\Database\BaseBuilder.php(1616): CodeIgniter\Database\BaseConnection->query('SELECT *
FROM `product_tbl`
WHERE `name` = :name:
AND `brand_id` = :brand_id:
AND `breed_id` = :breed_id:
AND `producttype_id` = :producttype_id:
AND `productcategory_id` = :productcategory_id:
AND `flag` = :flag:
 LIMIT 1', [...], false)
 4 SYSTEMPATH\Model.php(270): CodeIgniter\Database\BaseBuilder->get()
 5 SYSTEMPATH\BaseModel.php(676): CodeIgniter\Model->doFirst()
 6 APPPATH\Controllers\Workflow_Product.php(64): CodeIgniter\BaseModel->first()
 7 SYSTEMPATH\CodeIgniter.php(941): App\Controllers\Workflow_Product->insertProduct()
 8 SYSTEMPATH\CodeIgniter.php(502): CodeIgniter\CodeIgniter->runController(Object(App\Controllers\Workflow_Product))
 9 SYSTEMPATH\CodeIgniter.php(361): CodeIgniter\CodeIgniter->handleRequest(null, Object(Config\Cache), false)
10 FCPATH\index.php(79): CodeIgniter\CodeIgniter->run()
CRITICAL - 2024-10-02 17:15:10 --> [Caused by] mysqli_sql_exception: Unknown column 'producttype_id' in 'where clause'
in SYSTEMPATH\Database\MySQLi\Connection.php on line 306.
 1 SYSTEMPATH\Database\MySQLi\Connection.php(306): mysqli->query('SELECT *
FROM `product_tbl`
WHERE `name` = \'jay\'
AND `brand_id` = \'3\'
AND `breed_id` = \'6\'
AND `producttype_id` = \'2\'
AND `productcategory_id` = \'4\'
AND `flag` = 1
 LIMIT 1', 0)
 2 SYSTEMPATH\Database\BaseConnection.php(693): CodeIgniter\Database\MySQLi\Connection->execute('SELECT *
FROM `product_tbl`
WHERE `name` = \'jay\'
AND `brand_id` = \'3\'
AND `breed_id` = \'6\'
AND `producttype_id` = \'2\'
AND `productcategory_id` = \'4\'
AND `flag` = 1
 LIMIT 1')
 3 SYSTEMPATH\Database\BaseConnection.php(607): CodeIgniter\Database\BaseConnection->simpleQuery('SELECT *
FROM `product_tbl`
WHERE `name` = \'jay\'
AND `brand_id` = \'3\'
AND `breed_id` = \'6\'
AND `producttype_id` = \'2\'
AND `productcategory_id` = \'4\'
AND `flag` = 1
 LIMIT 1')
 4 SYSTEMPATH\Database\BaseBuilder.php(1616): CodeIgniter\Database\BaseConnection->query('SELECT *
FROM `product_tbl`
WHERE `name` = :name:
AND `brand_id` = :brand_id:
AND `breed_id` = :breed_id:
AND `producttype_id` = :producttype_id:
AND `productcategory_id` = :productcategory_id:
AND `flag` = :flag:
 LIMIT 1', [...], false)
 5 SYSTEMPATH\Model.php(270): CodeIgniter\Database\BaseBuilder->get()
 6 SYSTEMPATH\BaseModel.php(676): CodeIgniter\Model->doFirst()
 7 APPPATH\Controllers\Workflow_Product.php(64): CodeIgniter\BaseModel->first()
 8 SYSTEMPATH\CodeIgniter.php(941): App\Controllers\Workflow_Product->insertProduct()
 9 SYSTEMPATH\CodeIgniter.php(502): CodeIgniter\CodeIgniter->runController(Object(App\Controllers\Workflow_Product))
10 SYSTEMPATH\CodeIgniter.php(361): CodeIgniter\CodeIgniter->handleRequest(null, Object(Config\Cache), false)
11 FCPATH\index.php(79): CodeIgniter\CodeIgniter->run()
ERROR - 2024-10-02 17:15:49 --> mysqli_sql_exception: Unknown column 'producttype_id' in 'where clause' in C:\xampp\htdocs\projects\petzadmin\system\Database\MySQLi\Connection.php:306
Stack trace:
#0 C:\xampp\htdocs\projects\petzadmin\system\Database\MySQLi\Connection.php(306): mysqli->query('SELECT *\nFROM `...', 0)
#1 C:\xampp\htdocs\projects\petzadmin\system\Database\BaseConnection.php(693): CodeIgniter\Database\MySQLi\Connection->execute('SELECT *\nFROM `...')
#2 C:\xampp\htdocs\projects\petzadmin\system\Database\BaseConnection.php(607): CodeIgniter\Database\BaseConnection->simpleQuery('SELECT *\nFROM `...')
#3 C:\xampp\htdocs\projects\petzadmin\system\Database\BaseBuilder.php(1616): CodeIgniter\Database\BaseConnection->query('SELECT *\nFROM `...', Array, false)
#4 C:\xampp\htdocs\projects\petzadmin\system\Model.php(270): CodeIgniter\Database\BaseBuilder->get()
#5 C:\xampp\htdocs\projects\petzadmin\system\BaseModel.php(676): CodeIgniter\Model->doFirst()
#6 C:\xampp\htdocs\projects\petzadmin\app\Controllers\Workflow_Product.php(64): CodeIgniter\BaseModel->first()
#7 C:\xampp\htdocs\projects\petzadmin\system\CodeIgniter.php(941): App\Controllers\Workflow_Product->insertProduct()
#8 C:\xampp\htdocs\projects\petzadmin\system\CodeIgniter.php(502): CodeIgniter\CodeIgniter->runController(Object(App\Controllers\Workflow_Product))
#9 C:\xampp\htdocs\projects\petzadmin\system\CodeIgniter.php(361): CodeIgniter\CodeIgniter->handleRequest(NULL, Object(Config\Cache), false)
#10 C:\xampp\htdocs\projects\petzadmin\index.php(79): CodeIgniter\CodeIgniter->run()
#11 {main}
CRITICAL - 2024-10-02 17:15:49 --> CodeIgniter\Database\Exceptions\DatabaseException: Unknown column 'producttype_id' in 'where clause'
in SYSTEMPATH\Database\BaseConnection.php on line 647.
 1 SYSTEMPATH\Database\BaseBuilder.php(1616): CodeIgniter\Database\BaseConnection->query('SELECT *
FROM `product_tbl`
WHERE `brand_id` = :brand_id:
AND `breed_id` = :breed_id:
AND `producttype_id` = :producttype_id:
AND `productcategory_id` = :productcategory_id:
AND `name` = :name:
AND `flag` = :flag:
 LIMIT 1', [...], false)
 2 SYSTEMPATH\Model.php(270): CodeIgniter\Database\BaseBuilder->get()
 3 SYSTEMPATH\BaseModel.php(676): CodeIgniter\Model->doFirst()
 4 APPPATH\Controllers\Workflow_Product.php(64): CodeIgniter\BaseModel->first()
 5 SYSTEMPATH\CodeIgniter.php(941): App\Controllers\Workflow_Product->insertProduct()
 6 SYSTEMPATH\CodeIgniter.php(502): CodeIgniter\CodeIgniter->runController(Object(App\Controllers\Workflow_Product))
 7 SYSTEMPATH\CodeIgniter.php(361): CodeIgniter\CodeIgniter->handleRequest(null, Object(Config\Cache), false)
 8 FCPATH\index.php(79): CodeIgniter\CodeIgniter->run()
CRITICAL - 2024-10-02 17:15:49 --> [Caused by] CodeIgniter\Database\Exceptions\DatabaseException: Unknown column 'producttype_id' in 'where clause'
in SYSTEMPATH\Database\MySQLi\Connection.php on line 311.
 1 SYSTEMPATH\Database\BaseConnection.php(693): CodeIgniter\Database\MySQLi\Connection->execute('SELECT *
FROM `product_tbl`
WHERE `brand_id` = \'3\'
AND `breed_id` = \'6\'
AND `producttype_id` = \'2\'
AND `productcategory_id` = \'4\'
AND `name` = \'jay\'
AND `flag` = 1
 LIMIT 1')
 2 SYSTEMPATH\Database\BaseConnection.php(607): CodeIgniter\Database\BaseConnection->simpleQuery('SELECT *
FROM `product_tbl`
WHERE `brand_id` = \'3\'
AND `breed_id` = \'6\'
AND `producttype_id` = \'2\'
AND `productcategory_id` = \'4\'
AND `name` = \'jay\'
AND `flag` = 1
 LIMIT 1')
 3 SYSTEMPATH\Database\BaseBuilder.php(1616): CodeIgniter\Database\BaseConnection->query('SELECT *
FROM `product_tbl`
WHERE `brand_id` = :brand_id:
AND `breed_id` = :breed_id:
AND `producttype_id` = :producttype_id:
AND `productcategory_id` = :productcategory_id:
AND `name` = :name:
AND `flag` = :flag:
 LIMIT 1', [...], false)
 4 SYSTEMPATH\Model.php(270): CodeIgniter\Database\BaseBuilder->get()
 5 SYSTEMPATH\BaseModel.php(676): CodeIgniter\Model->doFirst()
 6 APPPATH\Controllers\Workflow_Product.php(64): CodeIgniter\BaseModel->first()
 7 SYSTEMPATH\CodeIgniter.php(941): App\Controllers\Workflow_Product->insertProduct()
 8 SYSTEMPATH\CodeIgniter.php(502): CodeIgniter\CodeIgniter->runController(Object(App\Controllers\Workflow_Product))
 9 SYSTEMPATH\CodeIgniter.php(361): CodeIgniter\CodeIgniter->handleRequest(null, Object(Config\Cache), false)
10 FCPATH\index.php(79): CodeIgniter\CodeIgniter->run()
CRITICAL - 2024-10-02 17:15:49 --> [Caused by] mysqli_sql_exception: Unknown column 'producttype_id' in 'where clause'
in SYSTEMPATH\Database\MySQLi\Connection.php on line 306.
 1 SYSTEMPATH\Database\MySQLi\Connection.php(306): mysqli->query('SELECT *
FROM `product_tbl`
WHERE `brand_id` = \'3\'
AND `breed_id` = \'6\'
AND `producttype_id` = \'2\'
AND `productcategory_id` = \'4\'
AND `name` = \'jay\'
AND `flag` = 1
 LIMIT 1', 0)
 2 SYSTEMPATH\Database\BaseConnection.php(693): CodeIgniter\Database\MySQLi\Connection->execute('SELECT *
FROM `product_tbl`
WHERE `brand_id` = \'3\'
AND `breed_id` = \'6\'
AND `producttype_id` = \'2\'
AND `productcategory_id` = \'4\'
AND `name` = \'jay\'
AND `flag` = 1
 LIMIT 1')
 3 SYSTEMPATH\Database\BaseConnection.php(607): CodeIgniter\Database\BaseConnection->simpleQuery('SELECT *
FROM `product_tbl`
WHERE `brand_id` = \'3\'
AND `breed_id` = \'6\'
AND `producttype_id` = \'2\'
AND `productcategory_id` = \'4\'
AND `name` = \'jay\'
AND `flag` = 1
 LIMIT 1')
 4 SYSTEMPATH\Database\BaseBuilder.php(1616): CodeIgniter\Database\BaseConnection->query('SELECT *
FROM `product_tbl`
WHERE `brand_id` = :brand_id:
AND `breed_id` = :breed_id:
AND `producttype_id` = :producttype_id:
AND `productcategory_id` = :productcategory_id:
AND `name` = :name:
AND `flag` = :flag:
 LIMIT 1', [...], false)
 5 SYSTEMPATH\Model.php(270): CodeIgniter\Database\BaseBuilder->get()
 6 SYSTEMPATH\BaseModel.php(676): CodeIgniter\Model->doFirst()
 7 APPPATH\Controllers\Workflow_Product.php(64): CodeIgniter\BaseModel->first()
 8 SYSTEMPATH\CodeIgniter.php(941): App\Controllers\Workflow_Product->insertProduct()
 9 SYSTEMPATH\CodeIgniter.php(502): CodeIgniter\CodeIgniter->runController(Object(App\Controllers\Workflow_Product))
10 SYSTEMPATH\CodeIgniter.php(361): CodeIgniter\CodeIgniter->handleRequest(null, Object(Config\Cache), false)
11 FCPATH\index.php(79): CodeIgniter\CodeIgniter->run()
