ERROR - 2025-07-11 17:31:09 --> Error connecting to the database: mysqli_sql_exception: No connection could be made because the target machine actively refused it in C:\xampp\htdocs\projects\Petz24\admin\system\Database\MySQLi\Connection.php:185
Stack trace:
#0 C:\xampp\htdocs\projects\Petz24\admin\system\Database\MySQLi\Connection.php(185): mysqli->real_connect()
#1 C:\xampp\htdocs\projects\Petz24\admin\system\Database\BaseConnection.php(392): CodeIgniter\Database\MySQLi\Connection->connect()
#2 C:\xampp\htdocs\projects\Petz24\admin\system\Database\BaseConnection.php(575): CodeIgniter\Database\BaseConnection->initialize()
#3 C:\xampp\htdocs\projects\Petz24\admin\system\Database\BaseBuilder.php(1616): CodeIgniter\Database\BaseConnection->query()
#4 C:\xampp\htdocs\projects\Petz24\admin\system\Model.php(270): CodeIgniter\Database\BaseBuilder->get()
#5 C:\xampp\htdocs\projects\Petz24\admin\system\BaseModel.php(676): CodeIgniter\Model->doFirst()
#6 C:\xampp\htdocs\projects\Petz24\admin\app\Controllers\Workflow_LoginLogout.php(27): CodeIgniter\BaseModel->first()
#7 C:\xampp\htdocs\projects\Petz24\admin\system\CodeIgniter.php(941): App\Controllers\Workflow_LoginLogout->logincheck()
#8 C:\xampp\htdocs\projects\Petz24\admin\system\CodeIgniter.php(502): CodeIgniter\CodeIgniter->runController()
#9 C:\xampp\htdocs\projects\Petz24\admin\system\CodeIgniter.php(361): CodeIgniter\CodeIgniter->handleRequest()
#10 C:\xampp\htdocs\projects\Petz24\admin\index.php(79): CodeIgniter\CodeIgniter->run()
#11 {main}

Next CodeIgniter\Database\Exceptions\DatabaseException: No connection could be made because the target machine actively refused it in C:\xampp\htdocs\projects\Petz24\admin\system\Database\MySQLi\Connection.php:229
Stack trace:
#0 C:\xampp\htdocs\projects\Petz24\admin\system\Database\BaseConnection.php(392): CodeIgniter\Database\MySQLi\Connection->connect()
#1 C:\xampp\htdocs\projects\Petz24\admin\system\Database\BaseConnection.php(575): CodeIgniter\Database\BaseConnection->initialize()
#2 C:\xampp\htdocs\projects\Petz24\admin\system\Database\BaseBuilder.php(1616): CodeIgniter\Database\BaseConnection->query()
#3 C:\xampp\htdocs\projects\Petz24\admin\system\Model.php(270): CodeIgniter\Database\BaseBuilder->get()
#4 C:\xampp\htdocs\projects\Petz24\admin\system\BaseModel.php(676): CodeIgniter\Model->doFirst()
#5 C:\xampp\htdocs\projects\Petz24\admin\app\Controllers\Workflow_LoginLogout.php(27): CodeIgniter\BaseModel->first()
#6 C:\xampp\htdocs\projects\Petz24\admin\system\CodeIgniter.php(941): App\Controllers\Workflow_LoginLogout->logincheck()
#7 C:\xampp\htdocs\projects\Petz24\admin\system\CodeIgniter.php(502): CodeIgniter\CodeIgniter->runController()
#8 C:\xampp\htdocs\projects\Petz24\admin\system\CodeIgniter.php(361): CodeIgniter\CodeIgniter->handleRequest()
#9 C:\xampp\htdocs\projects\Petz24\admin\index.php(79): CodeIgniter\CodeIgniter->run()
#10 {main}
CRITICAL - 2025-07-11 17:31:09 --> CodeIgniter\Database\Exceptions\DatabaseException: Unable to connect to the database.
Main connection [MySQLi]: No connection could be made because the target machine actively refused it
in SYSTEMPATH\Database\BaseConnection.php on line 428.
 1 SYSTEMPATH\Database\BaseConnection.php(575): CodeIgniter\Database\BaseConnection->initialize()
 2 SYSTEMPATH\Database\BaseBuilder.php(1616): CodeIgniter\Database\BaseConnection->query()
 3 SYSTEMPATH\Model.php(270): CodeIgniter\Database\BaseBuilder->get()
 4 SYSTEMPATH\BaseModel.php(676): CodeIgniter\Model->doFirst()
 5 APPPATH\Controllers\Workflow_LoginLogout.php(27): CodeIgniter\BaseModel->first()
 6 SYSTEMPATH\CodeIgniter.php(941): App\Controllers\Workflow_LoginLogout->logincheck()
 7 SYSTEMPATH\CodeIgniter.php(502): CodeIgniter\CodeIgniter->runController()
 8 SYSTEMPATH\CodeIgniter.php(361): CodeIgniter\CodeIgniter->handleRequest()
 9 FCPATH\index.php(79): CodeIgniter\CodeIgniter->run()
ERROR - 2025-07-11 17:31:13 --> Error connecting to the database: mysqli_sql_exception: No connection could be made because the target machine actively refused it in C:\xampp\htdocs\projects\Petz24\admin\system\Database\MySQLi\Connection.php:185
Stack trace:
#0 C:\xampp\htdocs\projects\Petz24\admin\system\Database\MySQLi\Connection.php(185): mysqli->real_connect()
#1 C:\xampp\htdocs\projects\Petz24\admin\system\Database\BaseConnection.php(392): CodeIgniter\Database\MySQLi\Connection->connect()
#2 C:\xampp\htdocs\projects\Petz24\admin\system\Database\BaseConnection.php(575): CodeIgniter\Database\BaseConnection->initialize()
#3 C:\xampp\htdocs\projects\Petz24\admin\system\Database\BaseBuilder.php(1616): CodeIgniter\Database\BaseConnection->query()
#4 C:\xampp\htdocs\projects\Petz24\admin\system\Model.php(270): CodeIgniter\Database\BaseBuilder->get()
#5 C:\xampp\htdocs\projects\Petz24\admin\system\BaseModel.php(676): CodeIgniter\Model->doFirst()
#6 C:\xampp\htdocs\projects\Petz24\admin\app\Controllers\Workflow_LoginLogout.php(27): CodeIgniter\BaseModel->first()
#7 C:\xampp\htdocs\projects\Petz24\admin\system\CodeIgniter.php(941): App\Controllers\Workflow_LoginLogout->logincheck()
#8 C:\xampp\htdocs\projects\Petz24\admin\system\CodeIgniter.php(502): CodeIgniter\CodeIgniter->runController()
#9 C:\xampp\htdocs\projects\Petz24\admin\system\CodeIgniter.php(361): CodeIgniter\CodeIgniter->handleRequest()
#10 C:\xampp\htdocs\projects\Petz24\admin\index.php(79): CodeIgniter\CodeIgniter->run()
#11 {main}

Next CodeIgniter\Database\Exceptions\DatabaseException: No connection could be made because the target machine actively refused it in C:\xampp\htdocs\projects\Petz24\admin\system\Database\MySQLi\Connection.php:229
Stack trace:
#0 C:\xampp\htdocs\projects\Petz24\admin\system\Database\BaseConnection.php(392): CodeIgniter\Database\MySQLi\Connection->connect()
#1 C:\xampp\htdocs\projects\Petz24\admin\system\Database\BaseConnection.php(575): CodeIgniter\Database\BaseConnection->initialize()
#2 C:\xampp\htdocs\projects\Petz24\admin\system\Database\BaseBuilder.php(1616): CodeIgniter\Database\BaseConnection->query()
#3 C:\xampp\htdocs\projects\Petz24\admin\system\Model.php(270): CodeIgniter\Database\BaseBuilder->get()
#4 C:\xampp\htdocs\projects\Petz24\admin\system\BaseModel.php(676): CodeIgniter\Model->doFirst()
#5 C:\xampp\htdocs\projects\Petz24\admin\app\Controllers\Workflow_LoginLogout.php(27): CodeIgniter\BaseModel->first()
#6 C:\xampp\htdocs\projects\Petz24\admin\system\CodeIgniter.php(941): App\Controllers\Workflow_LoginLogout->logincheck()
#7 C:\xampp\htdocs\projects\Petz24\admin\system\CodeIgniter.php(502): CodeIgniter\CodeIgniter->runController()
#8 C:\xampp\htdocs\projects\Petz24\admin\system\CodeIgniter.php(361): CodeIgniter\CodeIgniter->handleRequest()
#9 C:\xampp\htdocs\projects\Petz24\admin\index.php(79): CodeIgniter\CodeIgniter->run()
#10 {main}
CRITICAL - 2025-07-11 17:31:13 --> CodeIgniter\Database\Exceptions\DatabaseException: Unable to connect to the database.
Main connection [MySQLi]: No connection could be made because the target machine actively refused it
in SYSTEMPATH\Database\BaseConnection.php on line 428.
 1 SYSTEMPATH\Database\BaseConnection.php(575): CodeIgniter\Database\BaseConnection->initialize()
 2 SYSTEMPATH\Database\BaseBuilder.php(1616): CodeIgniter\Database\BaseConnection->query()
 3 SYSTEMPATH\Model.php(270): CodeIgniter\Database\BaseBuilder->get()
 4 SYSTEMPATH\BaseModel.php(676): CodeIgniter\Model->doFirst()
 5 APPPATH\Controllers\Workflow_LoginLogout.php(27): CodeIgniter\BaseModel->first()
 6 SYSTEMPATH\CodeIgniter.php(941): App\Controllers\Workflow_LoginLogout->logincheck()
 7 SYSTEMPATH\CodeIgniter.php(502): CodeIgniter\CodeIgniter->runController()
 8 SYSTEMPATH\CodeIgniter.php(361): CodeIgniter\CodeIgniter->handleRequest()
 9 FCPATH\index.php(79): CodeIgniter\CodeIgniter->run()
ERROR - 2025-07-11 17:31:17 --> Error connecting to the database: mysqli_sql_exception: No connection could be made because the target machine actively refused it in C:\xampp\htdocs\projects\Petz24\admin\system\Database\MySQLi\Connection.php:185
Stack trace:
#0 C:\xampp\htdocs\projects\Petz24\admin\system\Database\MySQLi\Connection.php(185): mysqli->real_connect()
#1 C:\xampp\htdocs\projects\Petz24\admin\system\Database\BaseConnection.php(392): CodeIgniter\Database\MySQLi\Connection->connect()
#2 C:\xampp\htdocs\projects\Petz24\admin\system\Database\BaseConnection.php(575): CodeIgniter\Database\BaseConnection->initialize()
#3 C:\xampp\htdocs\projects\Petz24\admin\system\Database\BaseBuilder.php(1616): CodeIgniter\Database\BaseConnection->query()
#4 C:\xampp\htdocs\projects\Petz24\admin\system\Model.php(270): CodeIgniter\Database\BaseBuilder->get()
#5 C:\xampp\htdocs\projects\Petz24\admin\system\BaseModel.php(676): CodeIgniter\Model->doFirst()
#6 C:\xampp\htdocs\projects\Petz24\admin\app\Controllers\Workflow_LoginLogout.php(27): CodeIgniter\BaseModel->first()
#7 C:\xampp\htdocs\projects\Petz24\admin\system\CodeIgniter.php(941): App\Controllers\Workflow_LoginLogout->logincheck()
#8 C:\xampp\htdocs\projects\Petz24\admin\system\CodeIgniter.php(502): CodeIgniter\CodeIgniter->runController()
#9 C:\xampp\htdocs\projects\Petz24\admin\system\CodeIgniter.php(361): CodeIgniter\CodeIgniter->handleRequest()
#10 C:\xampp\htdocs\projects\Petz24\admin\index.php(79): CodeIgniter\CodeIgniter->run()
#11 {main}

Next CodeIgniter\Database\Exceptions\DatabaseException: No connection could be made because the target machine actively refused it in C:\xampp\htdocs\projects\Petz24\admin\system\Database\MySQLi\Connection.php:229
Stack trace:
#0 C:\xampp\htdocs\projects\Petz24\admin\system\Database\BaseConnection.php(392): CodeIgniter\Database\MySQLi\Connection->connect()
#1 C:\xampp\htdocs\projects\Petz24\admin\system\Database\BaseConnection.php(575): CodeIgniter\Database\BaseConnection->initialize()
#2 C:\xampp\htdocs\projects\Petz24\admin\system\Database\BaseBuilder.php(1616): CodeIgniter\Database\BaseConnection->query()
#3 C:\xampp\htdocs\projects\Petz24\admin\system\Model.php(270): CodeIgniter\Database\BaseBuilder->get()
#4 C:\xampp\htdocs\projects\Petz24\admin\system\BaseModel.php(676): CodeIgniter\Model->doFirst()
#5 C:\xampp\htdocs\projects\Petz24\admin\app\Controllers\Workflow_LoginLogout.php(27): CodeIgniter\BaseModel->first()
#6 C:\xampp\htdocs\projects\Petz24\admin\system\CodeIgniter.php(941): App\Controllers\Workflow_LoginLogout->logincheck()
#7 C:\xampp\htdocs\projects\Petz24\admin\system\CodeIgniter.php(502): CodeIgniter\CodeIgniter->runController()
#8 C:\xampp\htdocs\projects\Petz24\admin\system\CodeIgniter.php(361): CodeIgniter\CodeIgniter->handleRequest()
#9 C:\xampp\htdocs\projects\Petz24\admin\index.php(79): CodeIgniter\CodeIgniter->run()
#10 {main}
CRITICAL - 2025-07-11 17:31:17 --> CodeIgniter\Database\Exceptions\DatabaseException: Unable to connect to the database.
Main connection [MySQLi]: No connection could be made because the target machine actively refused it
in SYSTEMPATH\Database\BaseConnection.php on line 428.
 1 SYSTEMPATH\Database\BaseConnection.php(575): CodeIgniter\Database\BaseConnection->initialize()
 2 SYSTEMPATH\Database\BaseBuilder.php(1616): CodeIgniter\Database\BaseConnection->query()
 3 SYSTEMPATH\Model.php(270): CodeIgniter\Database\BaseBuilder->get()
 4 SYSTEMPATH\BaseModel.php(676): CodeIgniter\Model->doFirst()
 5 APPPATH\Controllers\Workflow_LoginLogout.php(27): CodeIgniter\BaseModel->first()
 6 SYSTEMPATH\CodeIgniter.php(941): App\Controllers\Workflow_LoginLogout->logincheck()
 7 SYSTEMPATH\CodeIgniter.php(502): CodeIgniter\CodeIgniter->runController()
 8 SYSTEMPATH\CodeIgniter.php(361): CodeIgniter\CodeIgniter->handleRequest()
 9 FCPATH\index.php(79): CodeIgniter\CodeIgniter->run()
ERROR - 2025-07-11 17:31:21 --> Error connecting to the database: mysqli_sql_exception: No connection could be made because the target machine actively refused it in C:\xampp\htdocs\projects\Petz24\admin\system\Database\MySQLi\Connection.php:185
Stack trace:
#0 C:\xampp\htdocs\projects\Petz24\admin\system\Database\MySQLi\Connection.php(185): mysqli->real_connect()
#1 C:\xampp\htdocs\projects\Petz24\admin\system\Database\BaseConnection.php(392): CodeIgniter\Database\MySQLi\Connection->connect()
#2 C:\xampp\htdocs\projects\Petz24\admin\system\Database\BaseConnection.php(575): CodeIgniter\Database\BaseConnection->initialize()
#3 C:\xampp\htdocs\projects\Petz24\admin\system\Database\BaseBuilder.php(1616): CodeIgniter\Database\BaseConnection->query()
#4 C:\xampp\htdocs\projects\Petz24\admin\system\Model.php(270): CodeIgniter\Database\BaseBuilder->get()
#5 C:\xampp\htdocs\projects\Petz24\admin\system\BaseModel.php(676): CodeIgniter\Model->doFirst()
#6 C:\xampp\htdocs\projects\Petz24\admin\app\Controllers\Workflow_LoginLogout.php(27): CodeIgniter\BaseModel->first()
#7 C:\xampp\htdocs\projects\Petz24\admin\system\CodeIgniter.php(941): App\Controllers\Workflow_LoginLogout->logincheck()
#8 C:\xampp\htdocs\projects\Petz24\admin\system\CodeIgniter.php(502): CodeIgniter\CodeIgniter->runController()
#9 C:\xampp\htdocs\projects\Petz24\admin\system\CodeIgniter.php(361): CodeIgniter\CodeIgniter->handleRequest()
#10 C:\xampp\htdocs\projects\Petz24\admin\index.php(79): CodeIgniter\CodeIgniter->run()
#11 {main}

Next CodeIgniter\Database\Exceptions\DatabaseException: No connection could be made because the target machine actively refused it in C:\xampp\htdocs\projects\Petz24\admin\system\Database\MySQLi\Connection.php:229
Stack trace:
#0 C:\xampp\htdocs\projects\Petz24\admin\system\Database\BaseConnection.php(392): CodeIgniter\Database\MySQLi\Connection->connect()
#1 C:\xampp\htdocs\projects\Petz24\admin\system\Database\BaseConnection.php(575): CodeIgniter\Database\BaseConnection->initialize()
#2 C:\xampp\htdocs\projects\Petz24\admin\system\Database\BaseBuilder.php(1616): CodeIgniter\Database\BaseConnection->query()
#3 C:\xampp\htdocs\projects\Petz24\admin\system\Model.php(270): CodeIgniter\Database\BaseBuilder->get()
#4 C:\xampp\htdocs\projects\Petz24\admin\system\BaseModel.php(676): CodeIgniter\Model->doFirst()
#5 C:\xampp\htdocs\projects\Petz24\admin\app\Controllers\Workflow_LoginLogout.php(27): CodeIgniter\BaseModel->first()
#6 C:\xampp\htdocs\projects\Petz24\admin\system\CodeIgniter.php(941): App\Controllers\Workflow_LoginLogout->logincheck()
#7 C:\xampp\htdocs\projects\Petz24\admin\system\CodeIgniter.php(502): CodeIgniter\CodeIgniter->runController()
#8 C:\xampp\htdocs\projects\Petz24\admin\system\CodeIgniter.php(361): CodeIgniter\CodeIgniter->handleRequest()
#9 C:\xampp\htdocs\projects\Petz24\admin\index.php(79): CodeIgniter\CodeIgniter->run()
#10 {main}
CRITICAL - 2025-07-11 17:31:21 --> CodeIgniter\Database\Exceptions\DatabaseException: Unable to connect to the database.
Main connection [MySQLi]: No connection could be made because the target machine actively refused it
in SYSTEMPATH\Database\BaseConnection.php on line 428.
 1 SYSTEMPATH\Database\BaseConnection.php(575): CodeIgniter\Database\BaseConnection->initialize()
 2 SYSTEMPATH\Database\BaseBuilder.php(1616): CodeIgniter\Database\BaseConnection->query()
 3 SYSTEMPATH\Model.php(270): CodeIgniter\Database\BaseBuilder->get()
 4 SYSTEMPATH\BaseModel.php(676): CodeIgniter\Model->doFirst()
 5 APPPATH\Controllers\Workflow_LoginLogout.php(27): CodeIgniter\BaseModel->first()
 6 SYSTEMPATH\CodeIgniter.php(941): App\Controllers\Workflow_LoginLogout->logincheck()
 7 SYSTEMPATH\CodeIgniter.php(502): CodeIgniter\CodeIgniter->runController()
 8 SYSTEMPATH\CodeIgniter.php(361): CodeIgniter\CodeIgniter->handleRequest()
 9 FCPATH\index.php(79): CodeIgniter\CodeIgniter->run()
