CRITICAL - 2024-06-18 09:55:25 --> ParseError: syntax error, unexpected 'public' (T_PUBLIC)
in APPPATH\Controllers\Product.php on line 106.
 1 SYSTEMPATH\Autoloader\Autoloader.php(290): CodeIgniter\Autoloader\Autoloader->includeFile('C:\\xampp\\htdocs\\projects\\crm\\app\\Controllers\\Product.php')
 2 SYSTEMPATH\Autoloader\Autoloader.php(266): CodeIgniter\Autoloader\Autoloader->loadInNamespace('App\\Controllers\\Product')
 3 [internal function]: CodeIgniter\Autoloader\Autoloader->loadClass('App\\Controllers\\Product')
 4 [internal function]: spl_autoload_call('App\\Controllers\\Product')
 5 SYSTEMPATH\CodeIgniter.php(899): class_exists('\\App\\Controllers\\Product', true)
 6 SYSTEMPATH\CodeIgniter.php(489): CodeIgniter\CodeIgniter->startController()
 7 SYSTEMPATH\CodeIgniter.php(361): CodeIgniter\CodeIgniter->handleRequest(null, Object(Config\Cache), false)
 8 FCPATH\index.php(79): CodeIgniter\CodeIgniter->run()
CRITICAL - 2024-06-18 10:18:02 --> ParseError: syntax error, unexpected 'navbar_page_id' (T_STRING), expecting function (T_FUNCTION) or const (T_CONST)
in APPPATH\Controllers\Product.php on line 132.
 1 SYSTEMPATH\Autoloader\Autoloader.php(290): CodeIgniter\Autoloader\Autoloader->includeFile('C:\\xampp\\htdocs\\projects\\crm\\app\\Controllers\\Product.php')
 2 SYSTEMPATH\Autoloader\Autoloader.php(266): CodeIgniter\Autoloader\Autoloader->loadInNamespace('App\\Controllers\\Product')
 3 [internal function]: CodeIgniter\Autoloader\Autoloader->loadClass('App\\Controllers\\Product')
 4 [internal function]: spl_autoload_call('App\\Controllers\\Product')
 5 SYSTEMPATH\CodeIgniter.php(899): class_exists('\\App\\Controllers\\Product', true)
 6 SYSTEMPATH\CodeIgniter.php(489): CodeIgniter\CodeIgniter->startController()
 7 SYSTEMPATH\CodeIgniter.php(361): CodeIgniter\CodeIgniter->handleRequest(null, Object(Config\Cache), false)
 8 FCPATH\index.php(79): CodeIgniter\CodeIgniter->run()
CRITICAL - 2024-06-18 10:20:27 --> ParseError: syntax error, unexpected 'navbar_page_id' (T_STRING), expecting function (T_FUNCTION) or const (T_CONST)
in APPPATH\Controllers\Product.php on line 131.
 1 SYSTEMPATH\Autoloader\Autoloader.php(290): CodeIgniter\Autoloader\Autoloader->includeFile('C:\\xampp\\htdocs\\projects\\crm\\app\\Controllers\\Product.php')
 2 SYSTEMPATH\Autoloader\Autoloader.php(266): CodeIgniter\Autoloader\Autoloader->loadInNamespace('App\\Controllers\\Product')
 3 [internal function]: CodeIgniter\Autoloader\Autoloader->loadClass('App\\Controllers\\Product')
 4 [internal function]: spl_autoload_call('App\\Controllers\\Product')
 5 SYSTEMPATH\CodeIgniter.php(899): class_exists('\\App\\Controllers\\Product', true)
 6 SYSTEMPATH\CodeIgniter.php(489): CodeIgniter\CodeIgniter->startController()
 7 SYSTEMPATH\CodeIgniter.php(361): CodeIgniter\CodeIgniter->handleRequest(null, Object(Config\Cache), false)
 8 FCPATH\index.php(79): CodeIgniter\CodeIgniter->run()
CRITICAL - 2024-06-18 10:48:10 --> Error: Call to a member function query() on null
in APPPATH\Controllers\Product.php on line 18.
 1 SYSTEMPATH\CodeIgniter.php(941): App\Controllers\Product->index()
 2 SYSTEMPATH\CodeIgniter.php(502): CodeIgniter\CodeIgniter->runController(Object(App\Controllers\Product))
 3 SYSTEMPATH\CodeIgniter.php(361): CodeIgniter\CodeIgniter->handleRequest(null, Object(Config\Cache), false)
 4 FCPATH\index.php(79): CodeIgniter\CodeIgniter->run()
CRITICAL - 2024-06-18 10:51:08 --> ErrorException: Invalid argument supplied for foreach()
in APPPATH\Views\product.php on line 97.
 1 APPPATH\Views\product.php(97): CodeIgniter\Debug\Exceptions->errorHandler(2, 'Invalid argument supplied for foreach()', 'C:\\xampp\\htdocs\\projects\\crm\\app\\Views\\product.php', 97, [...])
 2 SYSTEMPATH\View\View.php(228): include('C:\\xampp\\htdocs\\projects\\crm\\app\\Views\\product.php')
 3 SYSTEMPATH\View\View.php(231): CodeIgniter\View\View->CodeIgniter\View\{closure}()
 4 SYSTEMPATH\Common.php(1178): CodeIgniter\View\View->render('product', [], true)
 5 APPPATH\Controllers\Product.php(21): view('product', [...])
 6 SYSTEMPATH\CodeIgniter.php(941): App\Controllers\Product->index()
 7 SYSTEMPATH\CodeIgniter.php(502): CodeIgniter\CodeIgniter->runController(Object(App\Controllers\Product))
 8 SYSTEMPATH\CodeIgniter.php(361): CodeIgniter\CodeIgniter->handleRequest(null, Object(Config\Cache), false)
 9 FCPATH\index.php(79): CodeIgniter\CodeIgniter->run()
CRITICAL - 2024-06-18 10:52:49 --> Error: Function name must be a string
in APPPATH\Views\product.php on line 90.
 1 SYSTEMPATH\View\View.php(228): include()
 2 SYSTEMPATH\View\View.php(231): CodeIgniter\View\View->CodeIgniter\View\{closure}()
 3 SYSTEMPATH\Common.php(1178): CodeIgniter\View\View->render('product', [], true)
 4 APPPATH\Controllers\Product.php(21): view('product', [...])
 5 SYSTEMPATH\CodeIgniter.php(941): App\Controllers\Product->index()
 6 SYSTEMPATH\CodeIgniter.php(502): CodeIgniter\CodeIgniter->runController(Object(App\Controllers\Product))
 7 SYSTEMPATH\CodeIgniter.php(361): CodeIgniter\CodeIgniter->handleRequest(null, Object(Config\Cache), false)
 8 FCPATH\index.php(79): CodeIgniter\CodeIgniter->run()
CRITICAL - 2024-06-18 11:09:42 --> ErrorException: Invalid argument supplied for foreach()
in APPPATH\Views\product.php on line 97.
 1 APPPATH\Views\product.php(97): CodeIgniter\Debug\Exceptions->errorHandler(2, 'Invalid argument supplied for foreach()', 'C:\\xampp\\htdocs\\projects\\crm\\app\\Views\\product.php', 97, [...])
 2 SYSTEMPATH\View\View.php(228): include('C:\\xampp\\htdocs\\projects\\crm\\app\\Views\\product.php')
 3 SYSTEMPATH\View\View.php(231): CodeIgniter\View\View->CodeIgniter\View\{closure}()
 4 SYSTEMPATH\Common.php(1178): CodeIgniter\View\View->render('product', [], true)
 5 APPPATH\Controllers\Product.php(23): view('product', [...])
 6 SYSTEMPATH\CodeIgniter.php(941): App\Controllers\Product->index()
 7 SYSTEMPATH\CodeIgniter.php(502): CodeIgniter\CodeIgniter->runController(Object(App\Controllers\Product))
 8 SYSTEMPATH\CodeIgniter.php(361): CodeIgniter\CodeIgniter->handleRequest(null, Object(Config\Cache), false)
 9 FCPATH\index.php(79): CodeIgniter\CodeIgniter->run()
CRITICAL - 2024-06-18 11:31:35 --> ParseError: syntax error, unexpected ';'
in APPPATH\Controllers\Product.php on line 133.
 1 SYSTEMPATH\Autoloader\Autoloader.php(290): CodeIgniter\Autoloader\Autoloader->includeFile('C:\\xampp\\htdocs\\projects\\crm\\app\\Controllers\\Product.php')
 2 SYSTEMPATH\Autoloader\Autoloader.php(266): CodeIgniter\Autoloader\Autoloader->loadInNamespace('App\\Controllers\\Product')
 3 [internal function]: CodeIgniter\Autoloader\Autoloader->loadClass('App\\Controllers\\Product')
 4 [internal function]: spl_autoload_call('App\\Controllers\\Product')
 5 SYSTEMPATH\CodeIgniter.php(899): class_exists('\\App\\Controllers\\Product', true)
 6 SYSTEMPATH\CodeIgniter.php(489): CodeIgniter\CodeIgniter->startController()
 7 SYSTEMPATH\CodeIgniter.php(361): CodeIgniter\CodeIgniter->handleRequest(null, Object(Config\Cache), false)
 8 FCPATH\index.php(79): CodeIgniter\CodeIgniter->run()
ERROR - 2024-06-18 11:32:29 --> mysqli_sql_exception: Unknown column '$id' in 'where clause' in C:\xampp\htdocs\projects\crm\system\Database\MySQLi\Connection.php:306
Stack trace:
#0 C:\xampp\htdocs\projects\crm\system\Database\MySQLi\Connection.php(306): mysqli->query('SELECT \r\n      ...', 0)
#1 C:\xampp\htdocs\projects\crm\system\Database\BaseConnection.php(693): CodeIgniter\Database\MySQLi\Connection->execute('SELECT \r\n      ...')
#2 C:\xampp\htdocs\projects\crm\system\Database\BaseConnection.php(607): CodeIgniter\Database\BaseConnection->simpleQuery('SELECT \r\n      ...')
#3 C:\xampp\htdocs\projects\crm\app\Controllers\Product.php(139): CodeIgniter\Database\BaseConnection->query('SELECT \r\n      ...')
#4 C:\xampp\htdocs\projects\crm\system\CodeIgniter.php(941): App\Controllers\Product->getsubmenu()
#5 C:\xampp\htdocs\projects\crm\system\CodeIgniter.php(502): CodeIgniter\CodeIgniter->runController(Object(App\Controllers\Product))
#6 C:\xampp\htdocs\projects\crm\system\CodeIgniter.php(361): CodeIgniter\CodeIgniter->handleRequest(NULL, Object(Config\Cache), false)
#7 C:\xampp\htdocs\projects\crm\index.php(79): CodeIgniter\CodeIgniter->run()
#8 {main}
CRITICAL - 2024-06-18 11:32:29 --> CodeIgniter\Database\Exceptions\DatabaseException: Unknown column '$id' in 'where clause'
in SYSTEMPATH\Database\BaseConnection.php on line 647.
 1 APPPATH\Controllers\Product.php(139): CodeIgniter\Database\BaseConnection->query('SELECT 
             * FROM tbl_navbar_pages WHERE navbar_title_id = $id')
 2 SYSTEMPATH\CodeIgniter.php(941): App\Controllers\Product->getsubmenu()
 3 SYSTEMPATH\CodeIgniter.php(502): CodeIgniter\CodeIgniter->runController(Object(App\Controllers\Product))
 4 SYSTEMPATH\CodeIgniter.php(361): CodeIgniter\CodeIgniter->handleRequest(null, Object(Config\Cache), false)
 5 FCPATH\index.php(79): CodeIgniter\CodeIgniter->run()
CRITICAL - 2024-06-18 11:32:29 --> [Caused by] CodeIgniter\Database\Exceptions\DatabaseException: Unknown column '$id' in 'where clause'
in SYSTEMPATH\Database\MySQLi\Connection.php on line 311.
 1 SYSTEMPATH\Database\BaseConnection.php(693): CodeIgniter\Database\MySQLi\Connection->execute('SELECT 
             * FROM tbl_navbar_pages WHERE navbar_title_id = $id')
 2 SYSTEMPATH\Database\BaseConnection.php(607): CodeIgniter\Database\BaseConnection->simpleQuery('SELECT 
             * FROM tbl_navbar_pages WHERE navbar_title_id = $id')
 3 APPPATH\Controllers\Product.php(139): CodeIgniter\Database\BaseConnection->query('SELECT 
             * FROM tbl_navbar_pages WHERE navbar_title_id = $id')
 4 SYSTEMPATH\CodeIgniter.php(941): App\Controllers\Product->getsubmenu()
 5 SYSTEMPATH\CodeIgniter.php(502): CodeIgniter\CodeIgniter->runController(Object(App\Controllers\Product))
 6 SYSTEMPATH\CodeIgniter.php(361): CodeIgniter\CodeIgniter->handleRequest(null, Object(Config\Cache), false)
 7 FCPATH\index.php(79): CodeIgniter\CodeIgniter->run()
CRITICAL - 2024-06-18 11:32:29 --> [Caused by] mysqli_sql_exception: Unknown column '$id' in 'where clause'
in SYSTEMPATH\Database\MySQLi\Connection.php on line 306.
 1 SYSTEMPATH\Database\MySQLi\Connection.php(306): mysqli->query('SELECT 
             * FROM tbl_navbar_pages WHERE navbar_title_id = $id', 0)
 2 SYSTEMPATH\Database\BaseConnection.php(693): CodeIgniter\Database\MySQLi\Connection->execute('SELECT 
             * FROM tbl_navbar_pages WHERE navbar_title_id = $id')
 3 SYSTEMPATH\Database\BaseConnection.php(607): CodeIgniter\Database\BaseConnection->simpleQuery('SELECT 
             * FROM tbl_navbar_pages WHERE navbar_title_id = $id')
 4 APPPATH\Controllers\Product.php(139): CodeIgniter\Database\BaseConnection->query('SELECT 
             * FROM tbl_navbar_pages WHERE navbar_title_id = $id')
 5 SYSTEMPATH\CodeIgniter.php(941): App\Controllers\Product->getsubmenu()
 6 SYSTEMPATH\CodeIgniter.php(502): CodeIgniter\CodeIgniter->runController(Object(App\Controllers\Product))
 7 SYSTEMPATH\CodeIgniter.php(361): CodeIgniter\CodeIgniter->handleRequest(null, Object(Config\Cache), false)
 8 FCPATH\index.php(79): CodeIgniter\CodeIgniter->run()
CRITICAL - 2024-06-18 11:34:52 --> Error: Call to a member function lastquery() on null
in APPPATH\Controllers\Product.php on line 141.
 1 SYSTEMPATH\CodeIgniter.php(941): App\Controllers\Product->getsubmenu()
 2 SYSTEMPATH\CodeIgniter.php(502): CodeIgniter\CodeIgniter->runController(Object(App\Controllers\Product))
 3 SYSTEMPATH\CodeIgniter.php(361): CodeIgniter\CodeIgniter->handleRequest(null, Object(Config\Cache), false)
 4 FCPATH\index.php(79): CodeIgniter\CodeIgniter->run()
CRITICAL - 2024-06-18 11:42:00 --> ParseError: syntax error, unexpected ';', expecting ')'
in APPPATH\Controllers\Product.php on line 144.
 1 SYSTEMPATH\Autoloader\Autoloader.php(290): CodeIgniter\Autoloader\Autoloader->includeFile('C:\\xampp\\htdocs\\projects\\crm\\app\\Controllers\\Product.php')
 2 SYSTEMPATH\Autoloader\Autoloader.php(266): CodeIgniter\Autoloader\Autoloader->loadInNamespace('App\\Controllers\\Product')
 3 [internal function]: CodeIgniter\Autoloader\Autoloader->loadClass('App\\Controllers\\Product')
 4 [internal function]: spl_autoload_call('App\\Controllers\\Product')
 5 SYSTEMPATH\CodeIgniter.php(899): class_exists('\\App\\Controllers\\Product', true)
 6 SYSTEMPATH\CodeIgniter.php(489): CodeIgniter\CodeIgniter->startController()
 7 SYSTEMPATH\CodeIgniter.php(361): CodeIgniter\CodeIgniter->handleRequest(null, Object(Config\Cache), false)
 8 FCPATH\index.php(79): CodeIgniter\CodeIgniter->run()
CRITICAL - 2024-06-18 16:11:10 --> Error: Class 'App\Controllers\ProdConfigModel' not found
in APPPATH\Controllers\Product.php on line 176.
 1 SYSTEMPATH\CodeIgniter.php(941): App\Controllers\Product->updateproduct()
 2 SYSTEMPATH\CodeIgniter.php(502): CodeIgniter\CodeIgniter->runController(Object(App\Controllers\Product))
 3 SYSTEMPATH\CodeIgniter.php(361): CodeIgniter\CodeIgniter->handleRequest(null, Object(Config\Cache), false)
 4 FCPATH\index.php(79): CodeIgniter\CodeIgniter->run()
