CRITICAL - 2024-06-29 04:23:36 --> Error: Call to a member function update() on null
in APPPATH\Controllers\Workflow_Pet.php on line 113.
 1 SYSTEMPATH\CodeIgniter.php(941): App\Controllers\Workflow_Pet->updatepet()
 2 SYSTEMPATH\CodeIgniter.php(502): CodeIgniter\CodeIgniter->runController(Object(App\Controllers\Workflow_Pet))
 3 SYSTEMPATH\CodeIgniter.php(361): CodeIgniter\CodeIgniter->handleRequest(null, Object(Config\Cache), false)
 4 FCPATH\index.php(79): CodeIgniter\CodeIgniter->run()
CRITICAL - 2024-06-29 04:35:06 --> Error: Call to a member function update() on null
in APPPATH\Controllers\Workflow_Pet.php on line 114.
 1 SYSTEMPATH\CodeIgniter.php(941): App\Controllers\Workflow_Pet->updatepet()
 2 SYSTEMPATH\CodeIgniter.php(502): CodeIgniter\CodeIgniter->runController(Object(App\Controllers\Workflow_Pet))
 3 SYSTEMPATH\CodeIgniter.php(361): CodeIgniter\CodeIgniter->handleRequest(null, Object(Config\Cache), false)
 4 FCPATH\index.php(79): CodeIgniter\CodeIgniter->run()
CRITICAL - 2024-06-29 04:42:53 --> Error: Call to a member function save() on null
in APPPATH\Controllers\Workflow_Pet.php on line 114.
 1 SYSTEMPATH\CodeIgniter.php(941): App\Controllers\Workflow_Pet->updatepet()
 2 SYSTEMPATH\CodeIgniter.php(502): CodeIgniter\CodeIgniter->runController(Object(App\Controllers\Workflow_Pet))
 3 SYSTEMPATH\CodeIgniter.php(361): CodeIgniter\CodeIgniter->handleRequest(null, Object(Config\Cache), false)
 4 FCPATH\index.php(79): CodeIgniter\CodeIgniter->run()
CRITICAL - 2024-06-29 05:38:06 --> CodeIgniter\Database\Exceptions\DataException: There is no data to update.
in SYSTEMPATH\BaseModel.php on line 970.
 1 SYSTEMPATH\BaseModel.php(970): CodeIgniter\Database\Exceptions\DataException::forEmptyDataset('update')
 2 SYSTEMPATH\Model.php(807): CodeIgniter\BaseModel->update([...], [])
 3 APPPATH\Controllers\Workflow_Pet.php(138): CodeIgniter\Model->update('10', [...])
 4 SYSTEMPATH\CodeIgniter.php(941): App\Controllers\Workflow_Pet->deletepet()
 5 SYSTEMPATH\CodeIgniter.php(502): CodeIgniter\CodeIgniter->runController(Object(App\Controllers\Workflow_Pet))
 6 SYSTEMPATH\CodeIgniter.php(361): CodeIgniter\CodeIgniter->handleRequest(null, Object(Config\Cache), false)
 7 FCPATH\index.php(79): CodeIgniter\CodeIgniter->run()
CRITICAL - 2024-06-29 05:38:11 --> CodeIgniter\Database\Exceptions\DataException: There is no data to update.
in SYSTEMPATH\BaseModel.php on line 970.
 1 SYSTEMPATH\BaseModel.php(970): CodeIgniter\Database\Exceptions\DataException::forEmptyDataset('update')
 2 SYSTEMPATH\Model.php(807): CodeIgniter\BaseModel->update([...], [])
 3 APPPATH\Controllers\Workflow_Pet.php(138): CodeIgniter\Model->update('10', [...])
 4 SYSTEMPATH\CodeIgniter.php(941): App\Controllers\Workflow_Pet->deletepet()
 5 SYSTEMPATH\CodeIgniter.php(502): CodeIgniter\CodeIgniter->runController(Object(App\Controllers\Workflow_Pet))
 6 SYSTEMPATH\CodeIgniter.php(361): CodeIgniter\CodeIgniter->handleRequest(null, Object(Config\Cache), false)
 7 FCPATH\index.php(79): CodeIgniter\CodeIgniter->run()
CRITICAL - 2024-06-29 05:38:22 --> CodeIgniter\Database\Exceptions\DataException: There is no data to update.
in SYSTEMPATH\BaseModel.php on line 970.
 1 SYSTEMPATH\BaseModel.php(970): CodeIgniter\Database\Exceptions\DataException::forEmptyDataset('update')
 2 SYSTEMPATH\Model.php(807): CodeIgniter\BaseModel->update([...], [])
 3 APPPATH\Controllers\Workflow_Pet.php(138): CodeIgniter\Model->update('10', [...])
 4 SYSTEMPATH\CodeIgniter.php(941): App\Controllers\Workflow_Pet->deletepet()
 5 SYSTEMPATH\CodeIgniter.php(502): CodeIgniter\CodeIgniter->runController(Object(App\Controllers\Workflow_Pet))
 6 SYSTEMPATH\CodeIgniter.php(361): CodeIgniter\CodeIgniter->handleRequest(null, Object(Config\Cache), false)
 7 FCPATH\index.php(79): CodeIgniter\CodeIgniter->run()
CRITICAL - 2024-06-29 05:39:34 --> CodeIgniter\Database\Exceptions\DataException: There is no data to update.
in SYSTEMPATH\BaseModel.php on line 970.
 1 SYSTEMPATH\BaseModel.php(970): CodeIgniter\Database\Exceptions\DataException::forEmptyDataset('update')
 2 SYSTEMPATH\Model.php(807): CodeIgniter\BaseModel->update([...], [])
 3 SYSTEMPATH\BaseModel.php(711): CodeIgniter\Model->update('10', [...])
 4 APPPATH\Controllers\Workflow_Pet.php(138): CodeIgniter\BaseModel->save([...])
 5 SYSTEMPATH\CodeIgniter.php(941): App\Controllers\Workflow_Pet->deletepet()
 6 SYSTEMPATH\CodeIgniter.php(502): CodeIgniter\CodeIgniter->runController(Object(App\Controllers\Workflow_Pet))
 7 SYSTEMPATH\CodeIgniter.php(361): CodeIgniter\CodeIgniter->handleRequest(null, Object(Config\Cache), false)
 8 FCPATH\index.php(79): CodeIgniter\CodeIgniter->run()
CRITICAL - 2024-06-29 05:43:02 --> CodeIgniter\Database\Exceptions\DataException: There is no data to update.
in SYSTEMPATH\BaseModel.php on line 970.
 1 SYSTEMPATH\BaseModel.php(970): CodeIgniter\Database\Exceptions\DataException::forEmptyDataset('update')
 2 SYSTEMPATH\Model.php(807): CodeIgniter\BaseModel->update([...], [])
 3 SYSTEMPATH\BaseModel.php(711): CodeIgniter\Model->update('10', [...])
 4 APPPATH\Controllers\Workflow_Pet.php(142): CodeIgniter\BaseModel->save([...])
 5 SYSTEMPATH\CodeIgniter.php(941): App\Controllers\Workflow_Pet->deletepet()
 6 SYSTEMPATH\CodeIgniter.php(502): CodeIgniter\CodeIgniter->runController(Object(App\Controllers\Workflow_Pet))
 7 SYSTEMPATH\CodeIgniter.php(361): CodeIgniter\CodeIgniter->handleRequest(null, Object(Config\Cache), false)
 8 FCPATH\index.php(79): CodeIgniter\CodeIgniter->run()
CRITICAL - 2024-06-29 06:18:03 --> CodeIgniter\Database\Exceptions\DataException: There is no data to update.
in SYSTEMPATH\BaseModel.php on line 970.
 1 SYSTEMPATH\BaseModel.php(970): CodeIgniter\Database\Exceptions\DataException::forEmptyDataset('update')
 2 SYSTEMPATH\Model.php(807): CodeIgniter\BaseModel->update([...], [])
 3 SYSTEMPATH\BaseModel.php(711): CodeIgniter\Model->update('10', [...])
 4 APPPATH\Controllers\Workflow_Pet.php(142): CodeIgniter\BaseModel->save([...])
 5 SYSTEMPATH\CodeIgniter.php(941): App\Controllers\Workflow_Pet->deletepet()
 6 SYSTEMPATH\CodeIgniter.php(502): CodeIgniter\CodeIgniter->runController(Object(App\Controllers\Workflow_Pet))
 7 SYSTEMPATH\CodeIgniter.php(361): CodeIgniter\CodeIgniter->handleRequest(null, Object(Config\Cache), false)
 8 FCPATH\index.php(79): CodeIgniter\CodeIgniter->run()
CRITICAL - 2024-06-29 11:24:47 --> Error: Call to a member function table() on null
in APPPATH\Controllers\Workflow_Product_Type.php on line 25.
 1 SYSTEMPATH\CodeIgniter.php(941): App\Controllers\Workflow_Product_Type->getProductType()
 2 SYSTEMPATH\CodeIgniter.php(502): CodeIgniter\CodeIgniter->runController(Object(App\Controllers\Workflow_Product_Type))
 3 SYSTEMPATH\CodeIgniter.php(361): CodeIgniter\CodeIgniter->handleRequest(null, Object(Config\Cache), false)
 4 FCPATH\index.php(79): CodeIgniter\CodeIgniter->run()
CRITICAL - 2024-06-29 11:24:56 --> Error: Call to a member function table() on null
in APPPATH\Controllers\Workflow_Product_Type.php on line 25.
 1 SYSTEMPATH\CodeIgniter.php(941): App\Controllers\Workflow_Product_Type->getProductType()
 2 SYSTEMPATH\CodeIgniter.php(502): CodeIgniter\CodeIgniter->runController(Object(App\Controllers\Workflow_Product_Type))
 3 SYSTEMPATH\CodeIgniter.php(361): CodeIgniter\CodeIgniter->handleRequest(null, Object(Config\Cache), false)
 4 FCPATH\index.php(79): CodeIgniter\CodeIgniter->run()
CRITICAL - 2024-06-29 11:25:20 --> Error: Call to a member function table() on null
in APPPATH\Controllers\Workflow_Product_Type.php on line 25.
 1 SYSTEMPATH\CodeIgniter.php(941): App\Controllers\Workflow_Product_Type->getProductType()
 2 SYSTEMPATH\CodeIgniter.php(502): CodeIgniter\CodeIgniter->runController(Object(App\Controllers\Workflow_Product_Type))
 3 SYSTEMPATH\CodeIgniter.php(361): CodeIgniter\CodeIgniter->handleRequest(null, Object(Config\Cache), false)
 4 FCPATH\index.php(79): CodeIgniter\CodeIgniter->run()
CRITICAL - 2024-06-29 11:25:31 --> Error: Call to a member function table() on null
in APPPATH\Controllers\Workflow_Product_Type.php on line 25.
 1 SYSTEMPATH\CodeIgniter.php(941): App\Controllers\Workflow_Product_Type->getProductType()
 2 SYSTEMPATH\CodeIgniter.php(502): CodeIgniter\CodeIgniter->runController(Object(App\Controllers\Workflow_Product_Type))
 3 SYSTEMPATH\CodeIgniter.php(361): CodeIgniter\CodeIgniter->handleRequest(null, Object(Config\Cache), false)
 4 FCPATH\index.php(79): CodeIgniter\CodeIgniter->run()
CRITICAL - 2024-06-29 11:25:46 --> Error: Call to a member function table() on null
in APPPATH\Controllers\Workflow_Product_Type.php on line 25.
 1 SYSTEMPATH\CodeIgniter.php(941): App\Controllers\Workflow_Product_Type->getProductType()
 2 SYSTEMPATH\CodeIgniter.php(502): CodeIgniter\CodeIgniter->runController(Object(App\Controllers\Workflow_Product_Type))
 3 SYSTEMPATH\CodeIgniter.php(361): CodeIgniter\CodeIgniter->handleRequest(null, Object(Config\Cache), false)
 4 FCPATH\index.php(79): CodeIgniter\CodeIgniter->run()
ERROR - 2024-06-29 11:26:35 --> mysqli_sql_exception: Table 'petz24_db.prt_tbl' doesn't exist in C:\xampp\htdocs\projects\petzadmin\system\Database\MySQLi\Connection.php:306
Stack trace:
#0 C:\xampp\htdocs\projects\petzadmin\system\Database\MySQLi\Connection.php(306): mysqli->query('SELECT *\nFROM `...', 0)
#1 C:\xampp\htdocs\projects\petzadmin\system\Database\BaseConnection.php(693): CodeIgniter\Database\MySQLi\Connection->execute('SELECT *\nFROM `...')
#2 C:\xampp\htdocs\projects\petzadmin\system\Database\BaseConnection.php(607): CodeIgniter\Database\BaseConnection->simpleQuery('SELECT *\nFROM `...')
#3 C:\xampp\htdocs\projects\petzadmin\system\Database\BaseBuilder.php(1616): CodeIgniter\Database\BaseConnection->query('SELECT *\nFROM `...', Array, false)
#4 C:\xampp\htdocs\projects\petzadmin\app\Controllers\Workflow_Product_Type.php(28): CodeIgniter\Database\BaseBuilder->get()
#5 C:\xampp\htdocs\projects\petzadmin\system\CodeIgniter.php(941): App\Controllers\Workflow_Product_Type->getProductType()
#6 C:\xampp\htdocs\projects\petzadmin\system\CodeIgniter.php(502): CodeIgniter\CodeIgniter->runController(Object(App\Controllers\Workflow_Product_Type))
#7 C:\xampp\htdocs\projects\petzadmin\system\CodeIgniter.php(361): CodeIgniter\CodeIgniter->handleRequest(NULL, Object(Config\Cache), false)
#8 C:\xampp\htdocs\projects\petzadmin\index.php(79): CodeIgniter\CodeIgniter->run()
#9 {main}
CRITICAL - 2024-06-29 11:26:35 --> CodeIgniter\Database\Exceptions\DatabaseException: Table 'petz24_db.prt_tbl' doesn't exist
in SYSTEMPATH\Database\BaseConnection.php on line 647.
 1 SYSTEMPATH\Database\BaseBuilder.php(1616): CodeIgniter\Database\BaseConnection->query('SELECT *
FROM `product_type_tbl`
JOIN `prt_tbl` ON `prt_tbl`.`pet_id` = `product_type_tbl`.`pet_id`', [], false)
 2 APPPATH\Controllers\Workflow_Product_Type.php(28): CodeIgniter\Database\BaseBuilder->get()
 3 SYSTEMPATH\CodeIgniter.php(941): App\Controllers\Workflow_Product_Type->getProductType()
 4 SYSTEMPATH\CodeIgniter.php(502): CodeIgniter\CodeIgniter->runController(Object(App\Controllers\Workflow_Product_Type))
 5 SYSTEMPATH\CodeIgniter.php(361): CodeIgniter\CodeIgniter->handleRequest(null, Object(Config\Cache), false)
 6 FCPATH\index.php(79): CodeIgniter\CodeIgniter->run()
CRITICAL - 2024-06-29 11:26:35 --> [Caused by] CodeIgniter\Database\Exceptions\DatabaseException: Table 'petz24_db.prt_tbl' doesn't exist
in SYSTEMPATH\Database\MySQLi\Connection.php on line 311.
 1 SYSTEMPATH\Database\BaseConnection.php(693): CodeIgniter\Database\MySQLi\Connection->execute('SELECT *
FROM `product_type_tbl`
JOIN `prt_tbl` ON `prt_tbl`.`pet_id` = `product_type_tbl`.`pet_id`')
 2 SYSTEMPATH\Database\BaseConnection.php(607): CodeIgniter\Database\BaseConnection->simpleQuery('SELECT *
FROM `product_type_tbl`
JOIN `prt_tbl` ON `prt_tbl`.`pet_id` = `product_type_tbl`.`pet_id`')
 3 SYSTEMPATH\Database\BaseBuilder.php(1616): CodeIgniter\Database\BaseConnection->query('SELECT *
FROM `product_type_tbl`
JOIN `prt_tbl` ON `prt_tbl`.`pet_id` = `product_type_tbl`.`pet_id`', [], false)
 4 APPPATH\Controllers\Workflow_Product_Type.php(28): CodeIgniter\Database\BaseBuilder->get()
 5 SYSTEMPATH\CodeIgniter.php(941): App\Controllers\Workflow_Product_Type->getProductType()
 6 SYSTEMPATH\CodeIgniter.php(502): CodeIgniter\CodeIgniter->runController(Object(App\Controllers\Workflow_Product_Type))
 7 SYSTEMPATH\CodeIgniter.php(361): CodeIgniter\CodeIgniter->handleRequest(null, Object(Config\Cache), false)
 8 FCPATH\index.php(79): CodeIgniter\CodeIgniter->run()
CRITICAL - 2024-06-29 11:26:35 --> [Caused by] mysqli_sql_exception: Table 'petz24_db.prt_tbl' doesn't exist
in SYSTEMPATH\Database\MySQLi\Connection.php on line 306.
 1 SYSTEMPATH\Database\MySQLi\Connection.php(306): mysqli->query('SELECT *
FROM `product_type_tbl`
JOIN `prt_tbl` ON `prt_tbl`.`pet_id` = `product_type_tbl`.`pet_id`', 0)
 2 SYSTEMPATH\Database\BaseConnection.php(693): CodeIgniter\Database\MySQLi\Connection->execute('SELECT *
FROM `product_type_tbl`
JOIN `prt_tbl` ON `prt_tbl`.`pet_id` = `product_type_tbl`.`pet_id`')
 3 SYSTEMPATH\Database\BaseConnection.php(607): CodeIgniter\Database\BaseConnection->simpleQuery('SELECT *
FROM `product_type_tbl`
JOIN `prt_tbl` ON `prt_tbl`.`pet_id` = `product_type_tbl`.`pet_id`')
 4 SYSTEMPATH\Database\BaseBuilder.php(1616): CodeIgniter\Database\BaseConnection->query('SELECT *
FROM `product_type_tbl`
JOIN `prt_tbl` ON `prt_tbl`.`pet_id` = `product_type_tbl`.`pet_id`', [], false)
 5 APPPATH\Controllers\Workflow_Product_Type.php(28): CodeIgniter\Database\BaseBuilder->get()
 6 SYSTEMPATH\CodeIgniter.php(941): App\Controllers\Workflow_Product_Type->getProductType()
 7 SYSTEMPATH\CodeIgniter.php(502): CodeIgniter\CodeIgniter->runController(Object(App\Controllers\Workflow_Product_Type))
 8 SYSTEMPATH\CodeIgniter.php(361): CodeIgniter\CodeIgniter->handleRequest(null, Object(Config\Cache), false)
 9 FCPATH\index.php(79): CodeIgniter\CodeIgniter->run()
ERROR - 2024-06-29 14:32:03 --> mysqli_sql_exception: Table 'petz24_db.prt_tbl' doesn't exist in C:\xampp\htdocs\projects\petzadmin\system\Database\MySQLi\Connection.php:306
Stack trace:
#0 C:\xampp\htdocs\projects\petzadmin\system\Database\MySQLi\Connection.php(306): mysqli->query('SELECT *\nFROM `...', 0)
#1 C:\xampp\htdocs\projects\petzadmin\system\Database\BaseConnection.php(693): CodeIgniter\Database\MySQLi\Connection->execute('SELECT *\nFROM `...')
#2 C:\xampp\htdocs\projects\petzadmin\system\Database\BaseConnection.php(607): CodeIgniter\Database\BaseConnection->simpleQuery('SELECT *\nFROM `...')
#3 C:\xampp\htdocs\projects\petzadmin\system\Database\BaseBuilder.php(1616): CodeIgniter\Database\BaseConnection->query('SELECT *\nFROM `...', Array, false)
#4 C:\xampp\htdocs\projects\petzadmin\app\Controllers\Workflow_Product_Type.php(28): CodeIgniter\Database\BaseBuilder->get()
#5 C:\xampp\htdocs\projects\petzadmin\system\CodeIgniter.php(941): App\Controllers\Workflow_Product_Type->getProductType()
#6 C:\xampp\htdocs\projects\petzadmin\system\CodeIgniter.php(502): CodeIgniter\CodeIgniter->runController(Object(App\Controllers\Workflow_Product_Type))
#7 C:\xampp\htdocs\projects\petzadmin\system\CodeIgniter.php(361): CodeIgniter\CodeIgniter->handleRequest(NULL, Object(Config\Cache), false)
#8 C:\xampp\htdocs\projects\petzadmin\index.php(79): CodeIgniter\CodeIgniter->run()
#9 {main}
CRITICAL - 2024-06-29 14:32:03 --> CodeIgniter\Database\Exceptions\DatabaseException: Table 'petz24_db.prt_tbl' doesn't exist
in SYSTEMPATH\Database\BaseConnection.php on line 647.
 1 SYSTEMPATH\Database\BaseBuilder.php(1616): CodeIgniter\Database\BaseConnection->query('SELECT *
FROM `product_type_tbl`
JOIN `prt_tbl` ON `prt_tbl`.`pet_id` = `product_type_tbl`.`pet_id`', [], false)
 2 APPPATH\Controllers\Workflow_Product_Type.php(28): CodeIgniter\Database\BaseBuilder->get()
 3 SYSTEMPATH\CodeIgniter.php(941): App\Controllers\Workflow_Product_Type->getProductType()
 4 SYSTEMPATH\CodeIgniter.php(502): CodeIgniter\CodeIgniter->runController(Object(App\Controllers\Workflow_Product_Type))
 5 SYSTEMPATH\CodeIgniter.php(361): CodeIgniter\CodeIgniter->handleRequest(null, Object(Config\Cache), false)
 6 FCPATH\index.php(79): CodeIgniter\CodeIgniter->run()
CRITICAL - 2024-06-29 14:32:03 --> [Caused by] CodeIgniter\Database\Exceptions\DatabaseException: Table 'petz24_db.prt_tbl' doesn't exist
in SYSTEMPATH\Database\MySQLi\Connection.php on line 311.
 1 SYSTEMPATH\Database\BaseConnection.php(693): CodeIgniter\Database\MySQLi\Connection->execute('SELECT *
FROM `product_type_tbl`
JOIN `prt_tbl` ON `prt_tbl`.`pet_id` = `product_type_tbl`.`pet_id`')
 2 SYSTEMPATH\Database\BaseConnection.php(607): CodeIgniter\Database\BaseConnection->simpleQuery('SELECT *
FROM `product_type_tbl`
JOIN `prt_tbl` ON `prt_tbl`.`pet_id` = `product_type_tbl`.`pet_id`')
 3 SYSTEMPATH\Database\BaseBuilder.php(1616): CodeIgniter\Database\BaseConnection->query('SELECT *
FROM `product_type_tbl`
JOIN `prt_tbl` ON `prt_tbl`.`pet_id` = `product_type_tbl`.`pet_id`', [], false)
 4 APPPATH\Controllers\Workflow_Product_Type.php(28): CodeIgniter\Database\BaseBuilder->get()
 5 SYSTEMPATH\CodeIgniter.php(941): App\Controllers\Workflow_Product_Type->getProductType()
 6 SYSTEMPATH\CodeIgniter.php(502): CodeIgniter\CodeIgniter->runController(Object(App\Controllers\Workflow_Product_Type))
 7 SYSTEMPATH\CodeIgniter.php(361): CodeIgniter\CodeIgniter->handleRequest(null, Object(Config\Cache), false)
 8 FCPATH\index.php(79): CodeIgniter\CodeIgniter->run()
CRITICAL - 2024-06-29 14:32:03 --> [Caused by] mysqli_sql_exception: Table 'petz24_db.prt_tbl' doesn't exist
in SYSTEMPATH\Database\MySQLi\Connection.php on line 306.
 1 SYSTEMPATH\Database\MySQLi\Connection.php(306): mysqli->query('SELECT *
FROM `product_type_tbl`
JOIN `prt_tbl` ON `prt_tbl`.`pet_id` = `product_type_tbl`.`pet_id`', 0)
 2 SYSTEMPATH\Database\BaseConnection.php(693): CodeIgniter\Database\MySQLi\Connection->execute('SELECT *
FROM `product_type_tbl`
JOIN `prt_tbl` ON `prt_tbl`.`pet_id` = `product_type_tbl`.`pet_id`')
 3 SYSTEMPATH\Database\BaseConnection.php(607): CodeIgniter\Database\BaseConnection->simpleQuery('SELECT *
FROM `product_type_tbl`
JOIN `prt_tbl` ON `prt_tbl`.`pet_id` = `product_type_tbl`.`pet_id`')
 4 SYSTEMPATH\Database\BaseBuilder.php(1616): CodeIgniter\Database\BaseConnection->query('SELECT *
FROM `product_type_tbl`
JOIN `prt_tbl` ON `prt_tbl`.`pet_id` = `product_type_tbl`.`pet_id`', [], false)
 5 APPPATH\Controllers\Workflow_Product_Type.php(28): CodeIgniter\Database\BaseBuilder->get()
 6 SYSTEMPATH\CodeIgniter.php(941): App\Controllers\Workflow_Product_Type->getProductType()
 7 SYSTEMPATH\CodeIgniter.php(502): CodeIgniter\CodeIgniter->runController(Object(App\Controllers\Workflow_Product_Type))
 8 SYSTEMPATH\CodeIgniter.php(361): CodeIgniter\CodeIgniter->handleRequest(null, Object(Config\Cache), false)
 9 FCPATH\index.php(79): CodeIgniter\CodeIgniter->run()
