CRITICAL - 2024-08-26 04:49:38 --> ErrorException: Access level to App\Controllers\Workflow_Product_Type::$db must be protected (as in class App\Controllers\BaseController) or weaker
in APPPATH\Controllers\Workflow_Product_Type.php on line 8.
 1 [internal function]: CodeIgniter\Debug\Exceptions->shutdownHandler()
CRITICAL - 2024-08-26 04:49:42 --> ErrorException: Access level to App\Controllers\Workflow_Product_Type::$db must be protected (as in class App\Controllers\BaseController) or weaker
in APPPATH\Controllers\Workflow_Product_Type.php on line 8.
 1 [internal function]: CodeIgniter\Debug\Exceptions->shutdownHandler()
CRITICAL - 2024-08-26 04:51:06 --> ErrorException: Access level to App\Controllers\Workflow_Product_Type::$db must be protected (as in class App\Controllers\BaseController) or weaker
in APPPATH\Controllers\Workflow_Product_Type.php on line 8.
 1 [internal function]: CodeIgniter\Debug\Exceptions->shutdownHandler()
CRITICAL - 2024-08-26 05:43:59 --> ErrorException: Array to string conversion
in APPPATH\Controllers\Workflow_Pet.php on line 56.
 1 APPPATH\Controllers\Workflow_Pet.php(56): CodeIgniter\Debug\Exceptions->errorHandler(2, 'Array to string conversion', 'C:\\xampp\\htdocs\\projects\\petzadmin\\app\\Controllers\\Workflow_Pet.php', 56)
 2 SYSTEMPATH\CodeIgniter.php(941): App\Controllers\Workflow_Pet->insertPet()
 3 SYSTEMPATH\CodeIgniter.php(502): CodeIgniter\CodeIgniter->runController(Object(App\Controllers\Workflow_Pet))
 4 SYSTEMPATH\CodeIgniter.php(361): CodeIgniter\CodeIgniter->handleRequest(null, Object(Config\Cache), false)
 5 FCPATH\index.php(79): CodeIgniter\CodeIgniter->run()
CRITICAL - 2024-08-26 05:44:02 --> ErrorException: Array to string conversion
in APPPATH\Controllers\Workflow_Pet.php on line 56.
 1 APPPATH\Controllers\Workflow_Pet.php(56): CodeIgniter\Debug\Exceptions->errorHandler(2, 'Array to string conversion', 'C:\\xampp\\htdocs\\projects\\petzadmin\\app\\Controllers\\Workflow_Pet.php', 56)
 2 SYSTEMPATH\CodeIgniter.php(941): App\Controllers\Workflow_Pet->insertPet()
 3 SYSTEMPATH\CodeIgniter.php(502): CodeIgniter\CodeIgniter->runController(Object(App\Controllers\Workflow_Pet))
 4 SYSTEMPATH\CodeIgniter.php(361): CodeIgniter\CodeIgniter->handleRequest(null, Object(Config\Cache), false)
 5 FCPATH\index.php(79): CodeIgniter\CodeIgniter->run()
CRITICAL - 2024-08-26 05:44:41 --> ParseError: syntax error, unexpected token "echo", expecting ";"
in APPPATH\Controllers\Workflow_Pet.php on line 56.
 1 SYSTEMPATH\Autoloader\Autoloader.php(290): CodeIgniter\Autoloader\Autoloader->includeFile('C:\\xampp\\htdocs\\projects\\petzadmin\\app\\Controllers\\Workflow_Pet.php')
 2 SYSTEMPATH\Autoloader\Autoloader.php(266): CodeIgniter\Autoloader\Autoloader->loadInNamespace('App\\Controllers\\Workflow_Pet')
 3 [internal function]: CodeIgniter\Autoloader\Autoloader->loadClass('App\\Controllers\\Workflow_Pet')
 4 SYSTEMPATH\CodeIgniter.php(899): class_exists('\\App\\Controllers\\Workflow_Pet', true)
 5 SYSTEMPATH\CodeIgniter.php(489): CodeIgniter\CodeIgniter->startController()
 6 SYSTEMPATH\CodeIgniter.php(361): CodeIgniter\CodeIgniter->handleRequest(null, Object(Config\Cache), false)
 7 FCPATH\index.php(79): CodeIgniter\CodeIgniter->run()
CRITICAL - 2024-08-26 05:44:42 --> ParseError: syntax error, unexpected token "echo", expecting ";"
in APPPATH\Controllers\Workflow_Pet.php on line 56.
 1 SYSTEMPATH\Autoloader\Autoloader.php(290): CodeIgniter\Autoloader\Autoloader->includeFile('C:\\xampp\\htdocs\\projects\\petzadmin\\app\\Controllers\\Workflow_Pet.php')
 2 SYSTEMPATH\Autoloader\Autoloader.php(266): CodeIgniter\Autoloader\Autoloader->loadInNamespace('App\\Controllers\\Workflow_Pet')
 3 [internal function]: CodeIgniter\Autoloader\Autoloader->loadClass('App\\Controllers\\Workflow_Pet')
 4 SYSTEMPATH\CodeIgniter.php(899): class_exists('\\App\\Controllers\\Workflow_Pet', true)
 5 SYSTEMPATH\CodeIgniter.php(489): CodeIgniter\CodeIgniter->startController()
 6 SYSTEMPATH\CodeIgniter.php(361): CodeIgniter\CodeIgniter->handleRequest(null, Object(Config\Cache), false)
 7 FCPATH\index.php(79): CodeIgniter\CodeIgniter->run()
CRITICAL - 2024-08-26 05:44:50 --> ParseError: syntax error, unexpected token "echo", expecting ";"
in APPPATH\Controllers\Workflow_Pet.php on line 56.
 1 SYSTEMPATH\Autoloader\Autoloader.php(290): CodeIgniter\Autoloader\Autoloader->includeFile('C:\\xampp\\htdocs\\projects\\petzadmin\\app\\Controllers\\Workflow_Pet.php')
 2 SYSTEMPATH\Autoloader\Autoloader.php(266): CodeIgniter\Autoloader\Autoloader->loadInNamespace('App\\Controllers\\Workflow_Pet')
 3 [internal function]: CodeIgniter\Autoloader\Autoloader->loadClass('App\\Controllers\\Workflow_Pet')
 4 SYSTEMPATH\CodeIgniter.php(899): class_exists('\\App\\Controllers\\Workflow_Pet', true)
 5 SYSTEMPATH\CodeIgniter.php(489): CodeIgniter\CodeIgniter->startController()
 6 SYSTEMPATH\CodeIgniter.php(361): CodeIgniter\CodeIgniter->handleRequest(null, Object(Config\Cache), false)
 7 FCPATH\index.php(79): CodeIgniter\CodeIgniter->run()
CRITICAL - 2024-08-26 05:48:59 --> ErrorException: Array to string conversion
in APPPATH\Controllers\Workflow_Pet.php on line 57.
 1 APPPATH\Controllers\Workflow_Pet.php(57): CodeIgniter\Debug\Exceptions->errorHandler(2, 'Array to string conversion', 'C:\\xampp\\htdocs\\projects\\petzadmin\\app\\Controllers\\Workflow_Pet.php', 57)
 2 SYSTEMPATH\CodeIgniter.php(941): App\Controllers\Workflow_Pet->insertPet()
 3 SYSTEMPATH\CodeIgniter.php(502): CodeIgniter\CodeIgniter->runController(Object(App\Controllers\Workflow_Pet))
 4 SYSTEMPATH\CodeIgniter.php(361): CodeIgniter\CodeIgniter->handleRequest(null, Object(Config\Cache), false)
 5 FCPATH\index.php(79): CodeIgniter\CodeIgniter->run()
CRITICAL - 2024-08-26 05:49:02 --> ErrorException: Array to string conversion
in APPPATH\Controllers\Workflow_Pet.php on line 57.
 1 APPPATH\Controllers\Workflow_Pet.php(57): CodeIgniter\Debug\Exceptions->errorHandler(2, 'Array to string conversion', 'C:\\xampp\\htdocs\\projects\\petzadmin\\app\\Controllers\\Workflow_Pet.php', 57)
 2 SYSTEMPATH\CodeIgniter.php(941): App\Controllers\Workflow_Pet->insertPet()
 3 SYSTEMPATH\CodeIgniter.php(502): CodeIgniter\CodeIgniter->runController(Object(App\Controllers\Workflow_Pet))
 4 SYSTEMPATH\CodeIgniter.php(361): CodeIgniter\CodeIgniter->handleRequest(null, Object(Config\Cache), false)
 5 FCPATH\index.php(79): CodeIgniter\CodeIgniter->run()
CRITICAL - 2024-08-26 06:23:44 --> ParseError: syntax error, unexpected token "if"
in APPPATH\Controllers\Workflow_Pet.php on line 68.
 1 SYSTEMPATH\Autoloader\Autoloader.php(290): CodeIgniter\Autoloader\Autoloader->includeFile('C:\\xampp\\htdocs\\projects\\petzadmin\\app\\Controllers\\Workflow_Pet.php')
 2 SYSTEMPATH\Autoloader\Autoloader.php(266): CodeIgniter\Autoloader\Autoloader->loadInNamespace('App\\Controllers\\Workflow_Pet')
 3 [internal function]: CodeIgniter\Autoloader\Autoloader->loadClass('App\\Controllers\\Workflow_Pet')
 4 SYSTEMPATH\CodeIgniter.php(899): class_exists('\\App\\Controllers\\Workflow_Pet', true)
 5 SYSTEMPATH\CodeIgniter.php(489): CodeIgniter\CodeIgniter->startController()
 6 SYSTEMPATH\CodeIgniter.php(361): CodeIgniter\CodeIgniter->handleRequest(null, Object(Config\Cache), false)
 7 FCPATH\index.php(79): CodeIgniter\CodeIgniter->run()
CRITICAL - 2024-08-26 06:24:12 --> ParseError: syntax error, unexpected token "if"
in APPPATH\Controllers\Workflow_Pet.php on line 68.
 1 SYSTEMPATH\Autoloader\Autoloader.php(290): CodeIgniter\Autoloader\Autoloader->includeFile('C:\\xampp\\htdocs\\projects\\petzadmin\\app\\Controllers\\Workflow_Pet.php')
 2 SYSTEMPATH\Autoloader\Autoloader.php(266): CodeIgniter\Autoloader\Autoloader->loadInNamespace('App\\Controllers\\Workflow_Pet')
 3 [internal function]: CodeIgniter\Autoloader\Autoloader->loadClass('App\\Controllers\\Workflow_Pet')
 4 SYSTEMPATH\CodeIgniter.php(899): class_exists('\\App\\Controllers\\Workflow_Pet', true)
 5 SYSTEMPATH\CodeIgniter.php(489): CodeIgniter\CodeIgniter->startController()
 6 SYSTEMPATH\CodeIgniter.php(361): CodeIgniter\CodeIgniter->handleRequest(null, Object(Config\Cache), false)
 7 FCPATH\index.php(79): CodeIgniter\CodeIgniter->run()
CRITICAL - 2024-08-26 06:24:32 --> ParseError: syntax error, unexpected variable "$petModel"
in APPPATH\Controllers\Workflow_Pet.php on line 52.
 1 SYSTEMPATH\Autoloader\Autoloader.php(290): CodeIgniter\Autoloader\Autoloader->includeFile('C:\\xampp\\htdocs\\projects\\petzadmin\\app\\Controllers\\Workflow_Pet.php')
 2 SYSTEMPATH\Autoloader\Autoloader.php(266): CodeIgniter\Autoloader\Autoloader->loadInNamespace('App\\Controllers\\Workflow_Pet')
 3 [internal function]: CodeIgniter\Autoloader\Autoloader->loadClass('App\\Controllers\\Workflow_Pet')
 4 SYSTEMPATH\CodeIgniter.php(899): class_exists('\\App\\Controllers\\Workflow_Pet', true)
 5 SYSTEMPATH\CodeIgniter.php(489): CodeIgniter\CodeIgniter->startController()
 6 SYSTEMPATH\CodeIgniter.php(361): CodeIgniter\CodeIgniter->handleRequest(null, Object(Config\Cache), false)
 7 FCPATH\index.php(79): CodeIgniter\CodeIgniter->run()
CRITICAL - 2024-08-26 06:36:34 --> ParseError: syntax error, unexpected token "}"
in APPPATH\Controllers\Workflow_Pet.php on line 71.
 1 SYSTEMPATH\Autoloader\Autoloader.php(290): CodeIgniter\Autoloader\Autoloader->includeFile('C:\\xampp\\htdocs\\projects\\petzadmin\\app\\Controllers\\Workflow_Pet.php')
 2 SYSTEMPATH\Autoloader\Autoloader.php(266): CodeIgniter\Autoloader\Autoloader->loadInNamespace('App\\Controllers\\Workflow_Pet')
 3 [internal function]: CodeIgniter\Autoloader\Autoloader->loadClass('App\\Controllers\\Workflow_Pet')
 4 SYSTEMPATH\CodeIgniter.php(899): class_exists('\\App\\Controllers\\Workflow_Pet', true)
 5 SYSTEMPATH\CodeIgniter.php(489): CodeIgniter\CodeIgniter->startController()
 6 SYSTEMPATH\CodeIgniter.php(361): CodeIgniter\CodeIgniter->handleRequest(null, Object(Config\Cache), false)
 7 FCPATH\index.php(79): CodeIgniter\CodeIgniter->run()
CRITICAL - 2024-08-26 06:36:56 --> ParseError: syntax error, unexpected token "}"
in APPPATH\Controllers\Workflow_Pet.php on line 71.
 1 SYSTEMPATH\Autoloader\Autoloader.php(290): CodeIgniter\Autoloader\Autoloader->includeFile('C:\\xampp\\htdocs\\projects\\petzadmin\\app\\Controllers\\Workflow_Pet.php')
 2 SYSTEMPATH\Autoloader\Autoloader.php(266): CodeIgniter\Autoloader\Autoloader->loadInNamespace('App\\Controllers\\Workflow_Pet')
 3 [internal function]: CodeIgniter\Autoloader\Autoloader->loadClass('App\\Controllers\\Workflow_Pet')
 4 SYSTEMPATH\CodeIgniter.php(899): class_exists('\\App\\Controllers\\Workflow_Pet', true)
 5 SYSTEMPATH\CodeIgniter.php(489): CodeIgniter\CodeIgniter->startController()
 6 SYSTEMPATH\CodeIgniter.php(361): CodeIgniter\CodeIgniter->handleRequest(null, Object(Config\Cache), false)
 7 FCPATH\index.php(79): CodeIgniter\CodeIgniter->run()
CRITICAL - 2024-08-26 06:38:59 --> ParseError: syntax error, unexpected token "}"
in APPPATH\Controllers\Workflow_Pet.php on line 75.
 1 SYSTEMPATH\Autoloader\Autoloader.php(290): CodeIgniter\Autoloader\Autoloader->includeFile('C:\\xampp\\htdocs\\projects\\petzadmin\\app\\Controllers\\Workflow_Pet.php')
 2 SYSTEMPATH\Autoloader\Autoloader.php(266): CodeIgniter\Autoloader\Autoloader->loadInNamespace('App\\Controllers\\Workflow_Pet')
 3 [internal function]: CodeIgniter\Autoloader\Autoloader->loadClass('App\\Controllers\\Workflow_Pet')
 4 SYSTEMPATH\CodeIgniter.php(899): class_exists('\\App\\Controllers\\Workflow_Pet', true)
 5 SYSTEMPATH\CodeIgniter.php(489): CodeIgniter\CodeIgniter->startController()
 6 SYSTEMPATH\CodeIgniter.php(361): CodeIgniter\CodeIgniter->handleRequest(null, Object(Config\Cache), false)
 7 FCPATH\index.php(79): CodeIgniter\CodeIgniter->run()
CRITICAL - 2024-08-26 06:39:18 --> ParseError: syntax error, unexpected token "}"
in APPPATH\Controllers\Workflow_Pet.php on line 74.
 1 SYSTEMPATH\Autoloader\Autoloader.php(290): CodeIgniter\Autoloader\Autoloader->includeFile('C:\\xampp\\htdocs\\projects\\petzadmin\\app\\Controllers\\Workflow_Pet.php')
 2 SYSTEMPATH\Autoloader\Autoloader.php(266): CodeIgniter\Autoloader\Autoloader->loadInNamespace('App\\Controllers\\Workflow_Pet')
 3 [internal function]: CodeIgniter\Autoloader\Autoloader->loadClass('App\\Controllers\\Workflow_Pet')
 4 SYSTEMPATH\CodeIgniter.php(899): class_exists('\\App\\Controllers\\Workflow_Pet', true)
 5 SYSTEMPATH\CodeIgniter.php(489): CodeIgniter\CodeIgniter->startController()
 6 SYSTEMPATH\CodeIgniter.php(361): CodeIgniter\CodeIgniter->handleRequest(null, Object(Config\Cache), false)
 7 FCPATH\index.php(79): CodeIgniter\CodeIgniter->run()
CRITICAL - 2024-08-26 06:39:53 --> ErrorException: Undefined variable $img
in APPPATH\Controllers\Workflow_Pet.php on line 60.
 1 APPPATH\Controllers\Workflow_Pet.php(60): CodeIgniter\Debug\Exceptions->errorHandler(2, 'Undefined variable $img', 'C:\\xampp\\htdocs\\projects\\petzadmin\\app\\Controllers\\Workflow_Pet.php', 60)
 2 SYSTEMPATH\CodeIgniter.php(941): App\Controllers\Workflow_Pet->insertPet()
 3 SYSTEMPATH\CodeIgniter.php(502): CodeIgniter\CodeIgniter->runController(Object(App\Controllers\Workflow_Pet))
 4 SYSTEMPATH\CodeIgniter.php(361): CodeIgniter\CodeIgniter->handleRequest(null, Object(Config\Cache), false)
 5 FCPATH\index.php(79): CodeIgniter\CodeIgniter->run()
CRITICAL - 2024-08-26 06:51:41 --> ParseError: syntax error, unexpected variable "$petModel", expecting ";" or "{"
in APPPATH\Controllers\Workflow_Pet.php on line 51.
 1 SYSTEMPATH\Autoloader\Autoloader.php(290): CodeIgniter\Autoloader\Autoloader->includeFile('C:\\xampp\\htdocs\\projects\\petzadmin\\app\\Controllers\\Workflow_Pet.php')
 2 SYSTEMPATH\Autoloader\Autoloader.php(266): CodeIgniter\Autoloader\Autoloader->loadInNamespace('App\\Controllers\\Workflow_Pet')
 3 [internal function]: CodeIgniter\Autoloader\Autoloader->loadClass('App\\Controllers\\Workflow_Pet')
 4 SYSTEMPATH\CodeIgniter.php(899): class_exists('\\App\\Controllers\\Workflow_Pet', true)
 5 SYSTEMPATH\CodeIgniter.php(489): CodeIgniter\CodeIgniter->startController()
 6 SYSTEMPATH\CodeIgniter.php(361): CodeIgniter\CodeIgniter->handleRequest(null, Object(Config\Cache), false)
 7 FCPATH\index.php(79): CodeIgniter\CodeIgniter->run()
CRITICAL - 2024-08-26 06:52:08 --> ParseError: syntax error, unexpected variable "$petModel", expecting ";" or "{"
in APPPATH\Controllers\Workflow_Pet.php on line 51.
 1 SYSTEMPATH\Autoloader\Autoloader.php(290): CodeIgniter\Autoloader\Autoloader->includeFile('C:\\xampp\\htdocs\\projects\\petzadmin\\app\\Controllers\\Workflow_Pet.php')
 2 SYSTEMPATH\Autoloader\Autoloader.php(266): CodeIgniter\Autoloader\Autoloader->loadInNamespace('App\\Controllers\\Workflow_Pet')
 3 [internal function]: CodeIgniter\Autoloader\Autoloader->loadClass('App\\Controllers\\Workflow_Pet')
 4 SYSTEMPATH\CodeIgniter.php(899): class_exists('\\App\\Controllers\\Workflow_Pet', true)
 5 SYSTEMPATH\CodeIgniter.php(489): CodeIgniter\CodeIgniter->startController()
 6 SYSTEMPATH\CodeIgniter.php(361): CodeIgniter\CodeIgniter->handleRequest(null, Object(Config\Cache), false)
 7 FCPATH\index.php(79): CodeIgniter\CodeIgniter->run()
CRITICAL - 2024-08-26 06:52:54 --> ParseError: syntax error, unexpected variable "$petModel", expecting ";" or "{"
in APPPATH\Controllers\Workflow_Pet.php on line 51.
 1 SYSTEMPATH\Autoloader\Autoloader.php(290): CodeIgniter\Autoloader\Autoloader->includeFile('C:\\xampp\\htdocs\\projects\\petzadmin\\app\\Controllers\\Workflow_Pet.php')
 2 SYSTEMPATH\Autoloader\Autoloader.php(266): CodeIgniter\Autoloader\Autoloader->loadInNamespace('App\\Controllers\\Workflow_Pet')
 3 [internal function]: CodeIgniter\Autoloader\Autoloader->loadClass('App\\Controllers\\Workflow_Pet')
 4 SYSTEMPATH\CodeIgniter.php(899): class_exists('\\App\\Controllers\\Workflow_Pet', true)
 5 SYSTEMPATH\CodeIgniter.php(489): CodeIgniter\CodeIgniter->startController()
 6 SYSTEMPATH\CodeIgniter.php(361): CodeIgniter\CodeIgniter->handleRequest(null, Object(Config\Cache), false)
 7 FCPATH\index.php(79): CodeIgniter\CodeIgniter->run()
CRITICAL - 2024-08-26 06:53:11 --> ParseError: syntax error, unexpected variable "$petModel", expecting ";" or "{"
in APPPATH\Controllers\Workflow_Pet.php on line 51.
 1 SYSTEMPATH\Autoloader\Autoloader.php(290): CodeIgniter\Autoloader\Autoloader->includeFile('C:\\xampp\\htdocs\\projects\\petzadmin\\app\\Controllers\\Workflow_Pet.php')
 2 SYSTEMPATH\Autoloader\Autoloader.php(266): CodeIgniter\Autoloader\Autoloader->loadInNamespace('App\\Controllers\\Workflow_Pet')
 3 [internal function]: CodeIgniter\Autoloader\Autoloader->loadClass('App\\Controllers\\Workflow_Pet')
 4 SYSTEMPATH\CodeIgniter.php(899): class_exists('\\App\\Controllers\\Workflow_Pet', true)
 5 SYSTEMPATH\CodeIgniter.php(489): CodeIgniter\CodeIgniter->startController()
 6 SYSTEMPATH\CodeIgniter.php(361): CodeIgniter\CodeIgniter->handleRequest(null, Object(Config\Cache), false)
 7 FCPATH\index.php(79): CodeIgniter\CodeIgniter->run()
CRITICAL - 2024-08-26 06:54:16 --> ParseError: syntax error, unexpected variable "$petModel", expecting ";" or "{"
in APPPATH\Controllers\Workflow_Pet.php on line 51.
 1 SYSTEMPATH\Autoloader\Autoloader.php(290): CodeIgniter\Autoloader\Autoloader->includeFile('C:\\xampp\\htdocs\\projects\\petzadmin\\app\\Controllers\\Workflow_Pet.php')
 2 SYSTEMPATH\Autoloader\Autoloader.php(266): CodeIgniter\Autoloader\Autoloader->loadInNamespace('App\\Controllers\\Workflow_Pet')
 3 [internal function]: CodeIgniter\Autoloader\Autoloader->loadClass('App\\Controllers\\Workflow_Pet')
 4 SYSTEMPATH\CodeIgniter.php(899): class_exists('\\App\\Controllers\\Workflow_Pet', true)
 5 SYSTEMPATH\CodeIgniter.php(489): CodeIgniter\CodeIgniter->startController()
 6 SYSTEMPATH\CodeIgniter.php(361): CodeIgniter\CodeIgniter->handleRequest(null, Object(Config\Cache), false)
 7 FCPATH\index.php(79): CodeIgniter\CodeIgniter->run()
CRITICAL - 2024-08-26 06:54:21 --> ParseError: syntax error, unexpected variable "$petModel", expecting ";" or "{"
in APPPATH\Controllers\Workflow_Pet.php on line 51.
 1 SYSTEMPATH\Autoloader\Autoloader.php(290): CodeIgniter\Autoloader\Autoloader->includeFile('C:\\xampp\\htdocs\\projects\\petzadmin\\app\\Controllers\\Workflow_Pet.php')
 2 SYSTEMPATH\Autoloader\Autoloader.php(266): CodeIgniter\Autoloader\Autoloader->loadInNamespace('App\\Controllers\\Workflow_Pet')
 3 [internal function]: CodeIgniter\Autoloader\Autoloader->loadClass('App\\Controllers\\Workflow_Pet')
 4 SYSTEMPATH\CodeIgniter.php(899): class_exists('\\App\\Controllers\\Workflow_Pet', true)
 5 SYSTEMPATH\CodeIgniter.php(489): CodeIgniter\CodeIgniter->startController()
 6 SYSTEMPATH\CodeIgniter.php(361): CodeIgniter\CodeIgniter->handleRequest(null, Object(Config\Cache), false)
 7 FCPATH\index.php(79): CodeIgniter\CodeIgniter->run()
CRITICAL - 2024-08-26 06:54:32 --> ParseError: syntax error, unexpected variable "$petModel", expecting ";" or "{"
in APPPATH\Controllers\Workflow_Pet.php on line 51.
 1 SYSTEMPATH\Autoloader\Autoloader.php(290): CodeIgniter\Autoloader\Autoloader->includeFile('C:\\xampp\\htdocs\\projects\\petzadmin\\app\\Controllers\\Workflow_Pet.php')
 2 SYSTEMPATH\Autoloader\Autoloader.php(266): CodeIgniter\Autoloader\Autoloader->loadInNamespace('App\\Controllers\\Workflow_Pet')
 3 [internal function]: CodeIgniter\Autoloader\Autoloader->loadClass('App\\Controllers\\Workflow_Pet')
 4 SYSTEMPATH\CodeIgniter.php(899): class_exists('\\App\\Controllers\\Workflow_Pet', true)
 5 SYSTEMPATH\CodeIgniter.php(489): CodeIgniter\CodeIgniter->startController()
 6 SYSTEMPATH\CodeIgniter.php(361): CodeIgniter\CodeIgniter->handleRequest(null, Object(Config\Cache), false)
 7 FCPATH\index.php(79): CodeIgniter\CodeIgniter->run()
CRITICAL - 2024-08-26 06:54:43 --> ParseError: syntax error, unexpected variable "$petModel", expecting ";" or "{"
in APPPATH\Controllers\Workflow_Pet.php on line 51.
 1 SYSTEMPATH\Autoloader\Autoloader.php(290): CodeIgniter\Autoloader\Autoloader->includeFile('C:\\xampp\\htdocs\\projects\\petzadmin\\app\\Controllers\\Workflow_Pet.php')
 2 SYSTEMPATH\Autoloader\Autoloader.php(266): CodeIgniter\Autoloader\Autoloader->loadInNamespace('App\\Controllers\\Workflow_Pet')
 3 [internal function]: CodeIgniter\Autoloader\Autoloader->loadClass('App\\Controllers\\Workflow_Pet')
 4 SYSTEMPATH\CodeIgniter.php(899): class_exists('\\App\\Controllers\\Workflow_Pet', true)
 5 SYSTEMPATH\CodeIgniter.php(489): CodeIgniter\CodeIgniter->startController()
 6 SYSTEMPATH\CodeIgniter.php(361): CodeIgniter\CodeIgniter->handleRequest(null, Object(Config\Cache), false)
 7 FCPATH\index.php(79): CodeIgniter\CodeIgniter->run()
CRITICAL - 2024-08-26 06:55:08 --> ParseError: syntax error, unexpected variable "$petModel", expecting ";" or "{"
in APPPATH\Controllers\Workflow_Pet.php on line 51.
 1 SYSTEMPATH\Autoloader\Autoloader.php(290): CodeIgniter\Autoloader\Autoloader->includeFile('C:\\xampp\\htdocs\\projects\\petzadmin\\app\\Controllers\\Workflow_Pet.php')
 2 SYSTEMPATH\Autoloader\Autoloader.php(266): CodeIgniter\Autoloader\Autoloader->loadInNamespace('App\\Controllers\\Workflow_Pet')
 3 [internal function]: CodeIgniter\Autoloader\Autoloader->loadClass('App\\Controllers\\Workflow_Pet')
 4 SYSTEMPATH\CodeIgniter.php(899): class_exists('\\App\\Controllers\\Workflow_Pet', true)
 5 SYSTEMPATH\CodeIgniter.php(489): CodeIgniter\CodeIgniter->startController()
 6 SYSTEMPATH\CodeIgniter.php(361): CodeIgniter\CodeIgniter->handleRequest(null, Object(Config\Cache), false)
 7 FCPATH\index.php(79): CodeIgniter\CodeIgniter->run()
CRITICAL - 2024-08-26 06:55:44 --> ParseError: syntax error, unexpected variable "$petModel", expecting ";" or "{"
in APPPATH\Controllers\Workflow_Pet.php on line 55.
 1 SYSTEMPATH\Autoloader\Autoloader.php(290): CodeIgniter\Autoloader\Autoloader->includeFile('C:\\xampp\\htdocs\\projects\\petzadmin\\app\\Controllers\\Workflow_Pet.php')
 2 SYSTEMPATH\Autoloader\Autoloader.php(266): CodeIgniter\Autoloader\Autoloader->loadInNamespace('App\\Controllers\\Workflow_Pet')
 3 [internal function]: CodeIgniter\Autoloader\Autoloader->loadClass('App\\Controllers\\Workflow_Pet')
 4 SYSTEMPATH\CodeIgniter.php(899): class_exists('\\App\\Controllers\\Workflow_Pet', true)
 5 SYSTEMPATH\CodeIgniter.php(489): CodeIgniter\CodeIgniter->startController()
 6 SYSTEMPATH\CodeIgniter.php(361): CodeIgniter\CodeIgniter->handleRequest(null, Object(Config\Cache), false)
 7 FCPATH\index.php(79): CodeIgniter\CodeIgniter->run()
CRITICAL - 2024-08-26 06:56:04 --> ParseError: syntax error, unexpected variable "$petModel", expecting ";" or "{"
in APPPATH\Controllers\Workflow_Pet.php on line 55.
 1 SYSTEMPATH\Autoloader\Autoloader.php(290): CodeIgniter\Autoloader\Autoloader->includeFile('C:\\xampp\\htdocs\\projects\\petzadmin\\app\\Controllers\\Workflow_Pet.php')
 2 SYSTEMPATH\Autoloader\Autoloader.php(266): CodeIgniter\Autoloader\Autoloader->loadInNamespace('App\\Controllers\\Workflow_Pet')
 3 [internal function]: CodeIgniter\Autoloader\Autoloader->loadClass('App\\Controllers\\Workflow_Pet')
 4 SYSTEMPATH\CodeIgniter.php(899): class_exists('\\App\\Controllers\\Workflow_Pet', true)
 5 SYSTEMPATH\CodeIgniter.php(489): CodeIgniter\CodeIgniter->startController()
 6 SYSTEMPATH\CodeIgniter.php(361): CodeIgniter\CodeIgniter->handleRequest(null, Object(Config\Cache), false)
 7 FCPATH\index.php(79): CodeIgniter\CodeIgniter->run()
CRITICAL - 2024-08-26 06:56:06 --> ParseError: syntax error, unexpected variable "$petModel", expecting ";" or "{"
in APPPATH\Controllers\Workflow_Pet.php on line 55.
 1 SYSTEMPATH\Autoloader\Autoloader.php(290): CodeIgniter\Autoloader\Autoloader->includeFile('C:\\xampp\\htdocs\\projects\\petzadmin\\app\\Controllers\\Workflow_Pet.php')
 2 SYSTEMPATH\Autoloader\Autoloader.php(266): CodeIgniter\Autoloader\Autoloader->loadInNamespace('App\\Controllers\\Workflow_Pet')
 3 [internal function]: CodeIgniter\Autoloader\Autoloader->loadClass('App\\Controllers\\Workflow_Pet')
 4 SYSTEMPATH\CodeIgniter.php(899): class_exists('\\App\\Controllers\\Workflow_Pet', true)
 5 SYSTEMPATH\CodeIgniter.php(489): CodeIgniter\CodeIgniter->startController()
 6 SYSTEMPATH\CodeIgniter.php(361): CodeIgniter\CodeIgniter->handleRequest(null, Object(Config\Cache), false)
 7 FCPATH\index.php(79): CodeIgniter\CodeIgniter->run()
CRITICAL - 2024-08-26 06:56:30 --> ParseError: syntax error, unexpected variable "$petModel", expecting ";" or "{"
in APPPATH\Controllers\Workflow_Pet.php on line 55.
 1 SYSTEMPATH\Autoloader\Autoloader.php(290): CodeIgniter\Autoloader\Autoloader->includeFile('C:\\xampp\\htdocs\\projects\\petzadmin\\app\\Controllers\\Workflow_Pet.php')
 2 SYSTEMPATH\Autoloader\Autoloader.php(266): CodeIgniter\Autoloader\Autoloader->loadInNamespace('App\\Controllers\\Workflow_Pet')
 3 [internal function]: CodeIgniter\Autoloader\Autoloader->loadClass('App\\Controllers\\Workflow_Pet')
 4 SYSTEMPATH\CodeIgniter.php(899): class_exists('\\App\\Controllers\\Workflow_Pet', true)
 5 SYSTEMPATH\CodeIgniter.php(489): CodeIgniter\CodeIgniter->startController()
 6 SYSTEMPATH\CodeIgniter.php(361): CodeIgniter\CodeIgniter->handleRequest(null, Object(Config\Cache), false)
 7 FCPATH\index.php(79): CodeIgniter\CodeIgniter->run()
CRITICAL - 2024-08-26 06:56:46 --> ParseError: syntax error, unexpected variable "$petModel", expecting ";" or "{"
in APPPATH\Controllers\Workflow_Pet.php on line 55.
 1 SYSTEMPATH\Autoloader\Autoloader.php(290): CodeIgniter\Autoloader\Autoloader->includeFile('C:\\xampp\\htdocs\\projects\\petzadmin\\app\\Controllers\\Workflow_Pet.php')
 2 SYSTEMPATH\Autoloader\Autoloader.php(266): CodeIgniter\Autoloader\Autoloader->loadInNamespace('App\\Controllers\\Workflow_Pet')
 3 [internal function]: CodeIgniter\Autoloader\Autoloader->loadClass('App\\Controllers\\Workflow_Pet')
 4 SYSTEMPATH\CodeIgniter.php(899): class_exists('\\App\\Controllers\\Workflow_Pet', true)
 5 SYSTEMPATH\CodeIgniter.php(489): CodeIgniter\CodeIgniter->startController()
 6 SYSTEMPATH\CodeIgniter.php(361): CodeIgniter\CodeIgniter->handleRequest(null, Object(Config\Cache), false)
 7 FCPATH\index.php(79): CodeIgniter\CodeIgniter->run()
CRITICAL - 2024-08-26 06:57:21 --> ParseError: syntax error, unexpected variable "$petModel", expecting ";" or "{"
in APPPATH\Controllers\Workflow_Pet.php on line 55.
 1 SYSTEMPATH\Autoloader\Autoloader.php(290): CodeIgniter\Autoloader\Autoloader->includeFile('C:\\xampp\\htdocs\\projects\\petzadmin\\app\\Controllers\\Workflow_Pet.php')
 2 SYSTEMPATH\Autoloader\Autoloader.php(266): CodeIgniter\Autoloader\Autoloader->loadInNamespace('App\\Controllers\\Workflow_Pet')
 3 [internal function]: CodeIgniter\Autoloader\Autoloader->loadClass('App\\Controllers\\Workflow_Pet')
 4 SYSTEMPATH\CodeIgniter.php(899): class_exists('\\App\\Controllers\\Workflow_Pet', true)
 5 SYSTEMPATH\CodeIgniter.php(489): CodeIgniter\CodeIgniter->startController()
 6 SYSTEMPATH\CodeIgniter.php(361): CodeIgniter\CodeIgniter->handleRequest(null, Object(Config\Cache), false)
 7 FCPATH\index.php(79): CodeIgniter\CodeIgniter->run()
CRITICAL - 2024-08-26 06:57:46 --> ParseError: syntax error, unexpected variable "$petModel", expecting ";" or "{"
in APPPATH\Controllers\Workflow_Pet.php on line 51.
 1 SYSTEMPATH\Autoloader\Autoloader.php(290): CodeIgniter\Autoloader\Autoloader->includeFile('C:\\xampp\\htdocs\\projects\\petzadmin\\app\\Controllers\\Workflow_Pet.php')
 2 SYSTEMPATH\Autoloader\Autoloader.php(266): CodeIgniter\Autoloader\Autoloader->loadInNamespace('App\\Controllers\\Workflow_Pet')
 3 [internal function]: CodeIgniter\Autoloader\Autoloader->loadClass('App\\Controllers\\Workflow_Pet')
 4 SYSTEMPATH\CodeIgniter.php(899): class_exists('\\App\\Controllers\\Workflow_Pet', true)
 5 SYSTEMPATH\CodeIgniter.php(489): CodeIgniter\CodeIgniter->startController()
 6 SYSTEMPATH\CodeIgniter.php(361): CodeIgniter\CodeIgniter->handleRequest(null, Object(Config\Cache), false)
 7 FCPATH\index.php(79): CodeIgniter\CodeIgniter->run()
CRITICAL - 2024-08-26 06:57:55 --> ParseError: syntax error, unexpected variable "$petModel", expecting ";" or "{"
in APPPATH\Controllers\Workflow_Pet.php on line 51.
 1 SYSTEMPATH\Autoloader\Autoloader.php(290): CodeIgniter\Autoloader\Autoloader->includeFile('C:\\xampp\\htdocs\\projects\\petzadmin\\app\\Controllers\\Workflow_Pet.php')
 2 SYSTEMPATH\Autoloader\Autoloader.php(266): CodeIgniter\Autoloader\Autoloader->loadInNamespace('App\\Controllers\\Workflow_Pet')
 3 [internal function]: CodeIgniter\Autoloader\Autoloader->loadClass('App\\Controllers\\Workflow_Pet')
 4 SYSTEMPATH\CodeIgniter.php(899): class_exists('\\App\\Controllers\\Workflow_Pet', true)
 5 SYSTEMPATH\CodeIgniter.php(489): CodeIgniter\CodeIgniter->startController()
 6 SYSTEMPATH\CodeIgniter.php(361): CodeIgniter\CodeIgniter->handleRequest(null, Object(Config\Cache), false)
 7 FCPATH\index.php(79): CodeIgniter\CodeIgniter->run()
CRITICAL - 2024-08-26 07:08:08 --> ParseError: syntax error, unexpected floating-point number ".2", expecting ")"
in APPPATH\Controllers\Workflow_Pet.php on line 95.
 1 SYSTEMPATH\Autoloader\Autoloader.php(290): CodeIgniter\Autoloader\Autoloader->includeFile('C:\\xampp\\htdocs\\projects\\petzadmin\\app\\Controllers\\Workflow_Pet.php')
 2 SYSTEMPATH\Autoloader\Autoloader.php(266): CodeIgniter\Autoloader\Autoloader->loadInNamespace('App\\Controllers\\Workflow_Pet')
 3 [internal function]: CodeIgniter\Autoloader\Autoloader->loadClass('App\\Controllers\\Workflow_Pet')
 4 SYSTEMPATH\CodeIgniter.php(899): class_exists('\\App\\Controllers\\Workflow_Pet', true)
 5 SYSTEMPATH\CodeIgniter.php(489): CodeIgniter\CodeIgniter->startController()
 6 SYSTEMPATH\CodeIgniter.php(361): CodeIgniter\CodeIgniter->handleRequest(null, Object(Config\Cache), false)
 7 FCPATH\index.php(79): CodeIgniter\CodeIgniter->run()
CRITICAL - 2024-08-26 07:08:31 --> ParseError: syntax error, unexpected variable "$pet_check"
in APPPATH\Controllers\Workflow_Pet.php on line 97.
 1 SYSTEMPATH\Autoloader\Autoloader.php(290): CodeIgniter\Autoloader\Autoloader->includeFile('C:\\xampp\\htdocs\\projects\\petzadmin\\app\\Controllers\\Workflow_Pet.php')
 2 SYSTEMPATH\Autoloader\Autoloader.php(266): CodeIgniter\Autoloader\Autoloader->loadInNamespace('App\\Controllers\\Workflow_Pet')
 3 [internal function]: CodeIgniter\Autoloader\Autoloader->loadClass('App\\Controllers\\Workflow_Pet')
 4 SYSTEMPATH\CodeIgniter.php(899): class_exists('\\App\\Controllers\\Workflow_Pet', true)
 5 SYSTEMPATH\CodeIgniter.php(489): CodeIgniter\CodeIgniter->startController()
 6 SYSTEMPATH\CodeIgniter.php(361): CodeIgniter\CodeIgniter->handleRequest(null, Object(Config\Cache), false)
 7 FCPATH\index.php(79): CodeIgniter\CodeIgniter->run()
CRITICAL - 2024-08-26 07:47:24 --> ErrorException: Undefined variable $data_updated
in APPPATH\Controllers\Workflow_Pet.php on line 97.
 1 APPPATH\Controllers\Workflow_Pet.php(97): CodeIgniter\Debug\Exceptions->errorHandler(2, 'Undefined variable $data_updated', 'C:\\xampp\\htdocs\\projects\\petzadmin\\app\\Controllers\\Workflow_Pet.php', 97)
 2 SYSTEMPATH\CodeIgniter.php(941): App\Controllers\Workflow_Pet->updatePet()
 3 SYSTEMPATH\CodeIgniter.php(502): CodeIgniter\CodeIgniter->runController(Object(App\Controllers\Workflow_Pet))
 4 SYSTEMPATH\CodeIgniter.php(361): CodeIgniter\CodeIgniter->handleRequest(null, Object(Config\Cache), false)
 5 FCPATH\index.php(79): CodeIgniter\CodeIgniter->run()
CRITICAL - 2024-08-26 07:48:23 --> ErrorException: Undefined variable $data_updated
in APPPATH\Controllers\Workflow_Pet.php on line 97.
 1 APPPATH\Controllers\Workflow_Pet.php(97): CodeIgniter\Debug\Exceptions->errorHandler(2, 'Undefined variable $data_updated', 'C:\\xampp\\htdocs\\projects\\petzadmin\\app\\Controllers\\Workflow_Pet.php', 97)
 2 SYSTEMPATH\CodeIgniter.php(941): App\Controllers\Workflow_Pet->updatePet()
 3 SYSTEMPATH\CodeIgniter.php(502): CodeIgniter\CodeIgniter->runController(Object(App\Controllers\Workflow_Pet))
 4 SYSTEMPATH\CodeIgniter.php(361): CodeIgniter\CodeIgniter->handleRequest(null, Object(Config\Cache), false)
 5 FCPATH\index.php(79): CodeIgniter\CodeIgniter->run()
CRITICAL - 2024-08-26 08:04:46 --> ErrorException: Undefined variable $pet_id
in APPPATH\Controllers\Workflow_Pet.php on line 84.
 1 APPPATH\Controllers\Workflow_Pet.php(84): CodeIgniter\Debug\Exceptions->errorHandler(2, 'Undefined variable $pet_id', 'C:\\xampp\\htdocs\\projects\\petzadmin\\app\\Controllers\\Workflow_Pet.php', 84)
 2 SYSTEMPATH\CodeIgniter.php(941): App\Controllers\Workflow_Pet->updatePet()
 3 SYSTEMPATH\CodeIgniter.php(502): CodeIgniter\CodeIgniter->runController(Object(App\Controllers\Workflow_Pet))
 4 SYSTEMPATH\CodeIgniter.php(361): CodeIgniter\CodeIgniter->handleRequest(null, Object(Config\Cache), false)
 5 FCPATH\index.php(79): CodeIgniter\CodeIgniter->run()
CRITICAL - 2024-08-26 08:07:14 --> ErrorException: Undefined variable $old_img
in APPPATH\Controllers\Workflow_Pet.php on line 98.
 1 APPPATH\Controllers\Workflow_Pet.php(98): CodeIgniter\Debug\Exceptions->errorHandler(2, 'Undefined variable $old_img', 'C:\\xampp\\htdocs\\projects\\petzadmin\\app\\Controllers\\Workflow_Pet.php', 98)
 2 SYSTEMPATH\CodeIgniter.php(941): App\Controllers\Workflow_Pet->updatePet()
 3 SYSTEMPATH\CodeIgniter.php(502): CodeIgniter\CodeIgniter->runController(Object(App\Controllers\Workflow_Pet))
 4 SYSTEMPATH\CodeIgniter.php(361): CodeIgniter\CodeIgniter->handleRequest(null, Object(Config\Cache), false)
 5 FCPATH\index.php(79): CodeIgniter\CodeIgniter->run()
CRITICAL - 2024-08-26 08:34:31 --> ParseError: syntax error, unexpected token "exit"
in APPPATH\Controllers\Workflow_Pet.php on line 133.
 1 SYSTEMPATH\Autoloader\Autoloader.php(290): CodeIgniter\Autoloader\Autoloader->includeFile('C:\\xampp\\htdocs\\projects\\petzadmin\\app\\Controllers\\Workflow_Pet.php')
 2 SYSTEMPATH\Autoloader\Autoloader.php(266): CodeIgniter\Autoloader\Autoloader->loadInNamespace('App\\Controllers\\Workflow_Pet')
 3 [internal function]: CodeIgniter\Autoloader\Autoloader->loadClass('App\\Controllers\\Workflow_Pet')
 4 SYSTEMPATH\CodeIgniter.php(899): class_exists('\\App\\Controllers\\Workflow_Pet', true)
 5 SYSTEMPATH\CodeIgniter.php(489): CodeIgniter\CodeIgniter->startController()
 6 SYSTEMPATH\CodeIgniter.php(361): CodeIgniter\CodeIgniter->handleRequest(null, Object(Config\Cache), false)
 7 FCPATH\index.php(79): CodeIgniter\CodeIgniter->run()
CRITICAL - 2024-08-26 08:47:41 --> ParseError: syntax error, unexpected identifier "print_r"
in APPPATH\Controllers\Workflow_Pet.php on line 135.
 1 SYSTEMPATH\Autoloader\Autoloader.php(290): CodeIgniter\Autoloader\Autoloader->includeFile('C:\\xampp\\htdocs\\projects\\petzadmin\\app\\Controllers\\Workflow_Pet.php')
 2 SYSTEMPATH\Autoloader\Autoloader.php(266): CodeIgniter\Autoloader\Autoloader->loadInNamespace('App\\Controllers\\Workflow_Pet')
 3 [internal function]: CodeIgniter\Autoloader\Autoloader->loadClass('App\\Controllers\\Workflow_Pet')
 4 SYSTEMPATH\CodeIgniter.php(899): class_exists('\\App\\Controllers\\Workflow_Pet', true)
 5 SYSTEMPATH\CodeIgniter.php(489): CodeIgniter\CodeIgniter->startController()
 6 SYSTEMPATH\CodeIgniter.php(361): CodeIgniter\CodeIgniter->handleRequest(null, Object(Config\Cache), false)
 7 FCPATH\index.php(79): CodeIgniter\CodeIgniter->run()
