CRITICAL - 2024-05-29 14:43:43 --> ParseError: syntax error, unexpected '$id' (T_VARIABLE)
in APPPATH\Controllers\Navbar.php on line 202.
 1 SYSTEMPATH\Autoloader\Autoloader.php(290): CodeIgniter\Autoloader\Autoloader->includeFile('C:\\xampp\\htdocs\\projects\\crm\\app\\Controllers\\Navbar.php')
 2 SYSTEMPATH\Autoloader\Autoloader.php(266): CodeIgniter\Autoloader\Autoloader->loadInNamespace('App\\Controllers\\Navbar')
 3 [internal function]: CodeIgniter\Autoloader\Autoloader->loadClass('App\\Controllers\\Navbar')
 4 [internal function]: spl_autoload_call('App\\Controllers\\Navbar')
 5 SYSTEMPATH\CodeIgniter.php(899): class_exists('\\App\\Controllers\\Navbar', true)
 6 SYSTEMPATH\CodeIgniter.php(489): CodeIgniter\CodeIgniter->startController()
 7 SYSTEMPATH\CodeIgniter.php(361): CodeIgniter\CodeIgniter->handleRequest(null, Object(Config\Cache), false)
 8 FCPATH\index.php(79): CodeIgniter\CodeIgniter->run()
CRITICAL - 2024-05-29 14:44:02 --> ParseError: syntax error, unexpected '2' (T_LNUMBER)
in APPPATH\Controllers\Navbar.php on line 202.
 1 SYSTEMPATH\Autoloader\Autoloader.php(290): CodeIgniter\Autoloader\Autoloader->includeFile('C:\\xampp\\htdocs\\projects\\crm\\app\\Controllers\\Navbar.php')
 2 SYSTEMPATH\Autoloader\Autoloader.php(266): CodeIgniter\Autoloader\Autoloader->loadInNamespace('App\\Controllers\\Navbar')
 3 [internal function]: CodeIgniter\Autoloader\Autoloader->loadClass('App\\Controllers\\Navbar')
 4 [internal function]: spl_autoload_call('App\\Controllers\\Navbar')
 5 SYSTEMPATH\CodeIgniter.php(899): class_exists('\\App\\Controllers\\Navbar', true)
 6 SYSTEMPATH\CodeIgniter.php(489): CodeIgniter\CodeIgniter->startController()
 7 SYSTEMPATH\CodeIgniter.php(361): CodeIgniter\CodeIgniter->handleRequest(null, Object(Config\Cache), false)
 8 FCPATH\index.php(79): CodeIgniter\CodeIgniter->run()
CRITICAL - 2024-05-29 14:44:03 --> ParseError: syntax error, unexpected '2' (T_LNUMBER)
in APPPATH\Controllers\Navbar.php on line 202.
 1 SYSTEMPATH\Autoloader\Autoloader.php(290): CodeIgniter\Autoloader\Autoloader->includeFile('C:\\xampp\\htdocs\\projects\\crm\\app\\Controllers\\Navbar.php')
 2 SYSTEMPATH\Autoloader\Autoloader.php(266): CodeIgniter\Autoloader\Autoloader->loadInNamespace('App\\Controllers\\Navbar')
 3 [internal function]: CodeIgniter\Autoloader\Autoloader->loadClass('App\\Controllers\\Navbar')
 4 [internal function]: spl_autoload_call('App\\Controllers\\Navbar')
 5 SYSTEMPATH\CodeIgniter.php(899): class_exists('\\App\\Controllers\\Navbar', true)
 6 SYSTEMPATH\CodeIgniter.php(489): CodeIgniter\CodeIgniter->startController()
 7 SYSTEMPATH\CodeIgniter.php(361): CodeIgniter\CodeIgniter->handleRequest(null, Object(Config\Cache), false)
 8 FCPATH\index.php(79): CodeIgniter\CodeIgniter->run()
CRITICAL - 2024-05-29 14:44:45 --> ParseError: syntax error, unexpected '2' (T_LNUMBER)
in APPPATH\Controllers\Navbar.php on line 205.
 1 SYSTEMPATH\Autoloader\Autoloader.php(290): CodeIgniter\Autoloader\Autoloader->includeFile('C:\\xampp\\htdocs\\projects\\crm\\app\\Controllers\\Navbar.php')
 2 SYSTEMPATH\Autoloader\Autoloader.php(266): CodeIgniter\Autoloader\Autoloader->loadInNamespace('App\\Controllers\\Navbar')
 3 [internal function]: CodeIgniter\Autoloader\Autoloader->loadClass('App\\Controllers\\Navbar')
 4 [internal function]: spl_autoload_call('App\\Controllers\\Navbar')
 5 SYSTEMPATH\CodeIgniter.php(899): class_exists('\\App\\Controllers\\Navbar', true)
 6 SYSTEMPATH\CodeIgniter.php(489): CodeIgniter\CodeIgniter->startController()
 7 SYSTEMPATH\CodeIgniter.php(361): CodeIgniter\CodeIgniter->handleRequest(null, Object(Config\Cache), false)
 8 FCPATH\index.php(79): CodeIgniter\CodeIgniter->run()
CRITICAL - 2024-05-29 14:45:22 --> ParseError: syntax error, unexpected '2' (T_LNUMBER)
in APPPATH\Controllers\Navbar.php on line 205.
 1 SYSTEMPATH\Autoloader\Autoloader.php(290): CodeIgniter\Autoloader\Autoloader->includeFile('C:\\xampp\\htdocs\\projects\\crm\\app\\Controllers\\Navbar.php')
 2 SYSTEMPATH\Autoloader\Autoloader.php(266): CodeIgniter\Autoloader\Autoloader->loadInNamespace('App\\Controllers\\Navbar')
 3 [internal function]: CodeIgniter\Autoloader\Autoloader->loadClass('App\\Controllers\\Navbar')
 4 [internal function]: spl_autoload_call('App\\Controllers\\Navbar')
 5 SYSTEMPATH\CodeIgniter.php(899): class_exists('\\App\\Controllers\\Navbar', true)
 6 SYSTEMPATH\CodeIgniter.php(489): CodeIgniter\CodeIgniter->startController()
 7 SYSTEMPATH\CodeIgniter.php(361): CodeIgniter\CodeIgniter->handleRequest(null, Object(Config\Cache), false)
 8 FCPATH\index.php(79): CodeIgniter\CodeIgniter->run()
CRITICAL - 2024-05-29 14:45:59 --> ParseError: syntax error, unexpected '2' (T_LNUMBER)
in APPPATH\Controllers\Navbar.php on line 205.
 1 SYSTEMPATH\Autoloader\Autoloader.php(290): CodeIgniter\Autoloader\Autoloader->includeFile('C:\\xampp\\htdocs\\projects\\crm\\app\\Controllers\\Navbar.php')
 2 SYSTEMPATH\Autoloader\Autoloader.php(266): CodeIgniter\Autoloader\Autoloader->loadInNamespace('App\\Controllers\\Navbar')
 3 [internal function]: CodeIgniter\Autoloader\Autoloader->loadClass('App\\Controllers\\Navbar')
 4 [internal function]: spl_autoload_call('App\\Controllers\\Navbar')
 5 SYSTEMPATH\CodeIgniter.php(899): class_exists('\\App\\Controllers\\Navbar', true)
 6 SYSTEMPATH\CodeIgniter.php(489): CodeIgniter\CodeIgniter->startController()
 7 SYSTEMPATH\CodeIgniter.php(361): CodeIgniter\CodeIgniter->handleRequest(null, Object(Config\Cache), false)
 8 FCPATH\index.php(79): CodeIgniter\CodeIgniter->run()
CRITICAL - 2024-05-29 14:46:55 --> ParseError: syntax error, unexpected '2' (T_LNUMBER)
in APPPATH\Controllers\Navbar.php on line 205.
 1 SYSTEMPATH\Autoloader\Autoloader.php(290): CodeIgniter\Autoloader\Autoloader->includeFile('C:\\xampp\\htdocs\\projects\\crm\\app\\Controllers\\Navbar.php')
 2 SYSTEMPATH\Autoloader\Autoloader.php(266): CodeIgniter\Autoloader\Autoloader->loadInNamespace('App\\Controllers\\Navbar')
 3 [internal function]: CodeIgniter\Autoloader\Autoloader->loadClass('App\\Controllers\\Navbar')
 4 [internal function]: spl_autoload_call('App\\Controllers\\Navbar')
 5 SYSTEMPATH\CodeIgniter.php(899): class_exists('\\App\\Controllers\\Navbar', true)
 6 SYSTEMPATH\CodeIgniter.php(489): CodeIgniter\CodeIgniter->startController()
 7 SYSTEMPATH\CodeIgniter.php(361): CodeIgniter\CodeIgniter->handleRequest(null, Object(Config\Cache), false)
 8 FCPATH\index.php(79): CodeIgniter\CodeIgniter->run()
CRITICAL - 2024-05-29 14:48:01 --> ParseError: syntax error, unexpected '$id' (T_VARIABLE)
in APPPATH\Controllers\Navbar.php on line 205.
 1 SYSTEMPATH\Autoloader\Autoloader.php(290): CodeIgniter\Autoloader\Autoloader->includeFile('C:\\xampp\\htdocs\\projects\\crm\\app\\Controllers\\Navbar.php')
 2 SYSTEMPATH\Autoloader\Autoloader.php(266): CodeIgniter\Autoloader\Autoloader->loadInNamespace('App\\Controllers\\Navbar')
 3 [internal function]: CodeIgniter\Autoloader\Autoloader->loadClass('App\\Controllers\\Navbar')
 4 [internal function]: spl_autoload_call('App\\Controllers\\Navbar')
 5 SYSTEMPATH\CodeIgniter.php(899): class_exists('\\App\\Controllers\\Navbar', true)
 6 SYSTEMPATH\CodeIgniter.php(489): CodeIgniter\CodeIgniter->startController()
 7 SYSTEMPATH\CodeIgniter.php(361): CodeIgniter\CodeIgniter->handleRequest(null, Object(Config\Cache), false)
 8 FCPATH\index.php(79): CodeIgniter\CodeIgniter->run()
ERROR - 2024-05-29 14:48:16 --> mysqli_sql_exception: Unknown column '$id' in 'where clause' in C:\xampp\htdocs\projects\crm\system\Database\MySQLi\Connection.php:306
Stack trace:
#0 C:\xampp\htdocs\projects\crm\system\Database\MySQLi\Connection.php(306): mysqli->query('UPDATE `tbl_nav...', 0)
#1 C:\xampp\htdocs\projects\crm\system\Database\BaseConnection.php(693): CodeIgniter\Database\MySQLi\Connection->execute('UPDATE `tbl_nav...')
#2 C:\xampp\htdocs\projects\crm\system\Database\BaseConnection.php(607): CodeIgniter\Database\BaseConnection->simpleQuery('UPDATE `tbl_nav...')
#3 C:\xampp\htdocs\projects\crm\app\Controllers\Navbar.php(205): CodeIgniter\Database\BaseConnection->query('UPDATE `tbl_nav...')
#4 C:\xampp\htdocs\projects\crm\system\CodeIgniter.php(941): App\Controllers\Navbar->deletetitle()
#5 C:\xampp\htdocs\projects\crm\system\CodeIgniter.php(502): CodeIgniter\CodeIgniter->runController(Object(App\Controllers\Navbar))
#6 C:\xampp\htdocs\projects\crm\system\CodeIgniter.php(361): CodeIgniter\CodeIgniter->handleRequest(NULL, Object(Config\Cache), false)
#7 C:\xampp\htdocs\projects\crm\index.php(79): CodeIgniter\CodeIgniter->run()
#8 {main}
CRITICAL - 2024-05-29 14:48:16 --> CodeIgniter\Database\Exceptions\DatabaseException: Unknown column '$id' in 'where clause'
in SYSTEMPATH\Database\BaseConnection.php on line 647.
 1 APPPATH\Controllers\Navbar.php(205): CodeIgniter\Database\BaseConnection->query('UPDATE `tbl_navbar_title` SET `flag` = 1 WHERE `tbl_navbar_title`.`navbar_title_id` = $id ')
 2 SYSTEMPATH\CodeIgniter.php(941): App\Controllers\Navbar->deletetitle()
 3 SYSTEMPATH\CodeIgniter.php(502): CodeIgniter\CodeIgniter->runController(Object(App\Controllers\Navbar))
 4 SYSTEMPATH\CodeIgniter.php(361): CodeIgniter\CodeIgniter->handleRequest(null, Object(Config\Cache), false)
 5 FCPATH\index.php(79): CodeIgniter\CodeIgniter->run()
CRITICAL - 2024-05-29 14:48:16 --> [Caused by] CodeIgniter\Database\Exceptions\DatabaseException: Unknown column '$id' in 'where clause'
in SYSTEMPATH\Database\MySQLi\Connection.php on line 311.
 1 SYSTEMPATH\Database\BaseConnection.php(693): CodeIgniter\Database\MySQLi\Connection->execute('UPDATE `tbl_navbar_title` SET `flag` = 1 WHERE `tbl_navbar_title`.`navbar_title_id` = $id ')
 2 SYSTEMPATH\Database\BaseConnection.php(607): CodeIgniter\Database\BaseConnection->simpleQuery('UPDATE `tbl_navbar_title` SET `flag` = 1 WHERE `tbl_navbar_title`.`navbar_title_id` = $id ')
 3 APPPATH\Controllers\Navbar.php(205): CodeIgniter\Database\BaseConnection->query('UPDATE `tbl_navbar_title` SET `flag` = 1 WHERE `tbl_navbar_title`.`navbar_title_id` = $id ')
 4 SYSTEMPATH\CodeIgniter.php(941): App\Controllers\Navbar->deletetitle()
 5 SYSTEMPATH\CodeIgniter.php(502): CodeIgniter\CodeIgniter->runController(Object(App\Controllers\Navbar))
 6 SYSTEMPATH\CodeIgniter.php(361): CodeIgniter\CodeIgniter->handleRequest(null, Object(Config\Cache), false)
 7 FCPATH\index.php(79): CodeIgniter\CodeIgniter->run()
CRITICAL - 2024-05-29 14:48:16 --> [Caused by] mysqli_sql_exception: Unknown column '$id' in 'where clause'
in SYSTEMPATH\Database\MySQLi\Connection.php on line 306.
 1 SYSTEMPATH\Database\MySQLi\Connection.php(306): mysqli->query('UPDATE `tbl_navbar_title` SET `flag` = 1 WHERE `tbl_navbar_title`.`navbar_title_id` = $id ', 0)
 2 SYSTEMPATH\Database\BaseConnection.php(693): CodeIgniter\Database\MySQLi\Connection->execute('UPDATE `tbl_navbar_title` SET `flag` = 1 WHERE `tbl_navbar_title`.`navbar_title_id` = $id ')
 3 SYSTEMPATH\Database\BaseConnection.php(607): CodeIgniter\Database\BaseConnection->simpleQuery('UPDATE `tbl_navbar_title` SET `flag` = 1 WHERE `tbl_navbar_title`.`navbar_title_id` = $id ')
 4 APPPATH\Controllers\Navbar.php(205): CodeIgniter\Database\BaseConnection->query('UPDATE `tbl_navbar_title` SET `flag` = 1 WHERE `tbl_navbar_title`.`navbar_title_id` = $id ')
 5 SYSTEMPATH\CodeIgniter.php(941): App\Controllers\Navbar->deletetitle()
 6 SYSTEMPATH\CodeIgniter.php(502): CodeIgniter\CodeIgniter->runController(Object(App\Controllers\Navbar))
 7 SYSTEMPATH\CodeIgniter.php(361): CodeIgniter\CodeIgniter->handleRequest(null, Object(Config\Cache), false)
 8 FCPATH\index.php(79): CodeIgniter\CodeIgniter->run()
ERROR - 2024-05-29 14:48:49 --> mysqli_sql_exception: Unknown column '$id' in 'where clause' in C:\xampp\htdocs\projects\crm\system\Database\MySQLi\Connection.php:306
Stack trace:
#0 C:\xampp\htdocs\projects\crm\system\Database\MySQLi\Connection.php(306): mysqli->query('UPDATE `tbl_nav...', 0)
#1 C:\xampp\htdocs\projects\crm\system\Database\BaseConnection.php(693): CodeIgniter\Database\MySQLi\Connection->execute('UPDATE `tbl_nav...')
#2 C:\xampp\htdocs\projects\crm\system\Database\BaseConnection.php(607): CodeIgniter\Database\BaseConnection->simpleQuery('UPDATE `tbl_nav...')
#3 C:\xampp\htdocs\projects\crm\app\Controllers\Navbar.php(205): CodeIgniter\Database\BaseConnection->query('UPDATE `tbl_nav...')
#4 C:\xampp\htdocs\projects\crm\system\CodeIgniter.php(941): App\Controllers\Navbar->deletetitle()
#5 C:\xampp\htdocs\projects\crm\system\CodeIgniter.php(502): CodeIgniter\CodeIgniter->runController(Object(App\Controllers\Navbar))
#6 C:\xampp\htdocs\projects\crm\system\CodeIgniter.php(361): CodeIgniter\CodeIgniter->handleRequest(NULL, Object(Config\Cache), false)
#7 C:\xampp\htdocs\projects\crm\index.php(79): CodeIgniter\CodeIgniter->run()
#8 {main}
CRITICAL - 2024-05-29 14:48:49 --> CodeIgniter\Database\Exceptions\DatabaseException: Unknown column '$id' in 'where clause'
in SYSTEMPATH\Database\BaseConnection.php on line 647.
 1 APPPATH\Controllers\Navbar.php(205): CodeIgniter\Database\BaseConnection->query('UPDATE `tbl_navbar_title` SET `flag` = 1 WHERE `navbar_title_id` = $id ')
 2 SYSTEMPATH\CodeIgniter.php(941): App\Controllers\Navbar->deletetitle()
 3 SYSTEMPATH\CodeIgniter.php(502): CodeIgniter\CodeIgniter->runController(Object(App\Controllers\Navbar))
 4 SYSTEMPATH\CodeIgniter.php(361): CodeIgniter\CodeIgniter->handleRequest(null, Object(Config\Cache), false)
 5 FCPATH\index.php(79): CodeIgniter\CodeIgniter->run()
CRITICAL - 2024-05-29 14:48:49 --> [Caused by] CodeIgniter\Database\Exceptions\DatabaseException: Unknown column '$id' in 'where clause'
in SYSTEMPATH\Database\MySQLi\Connection.php on line 311.
 1 SYSTEMPATH\Database\BaseConnection.php(693): CodeIgniter\Database\MySQLi\Connection->execute('UPDATE `tbl_navbar_title` SET `flag` = 1 WHERE `navbar_title_id` = $id ')
 2 SYSTEMPATH\Database\BaseConnection.php(607): CodeIgniter\Database\BaseConnection->simpleQuery('UPDATE `tbl_navbar_title` SET `flag` = 1 WHERE `navbar_title_id` = $id ')
 3 APPPATH\Controllers\Navbar.php(205): CodeIgniter\Database\BaseConnection->query('UPDATE `tbl_navbar_title` SET `flag` = 1 WHERE `navbar_title_id` = $id ')
 4 SYSTEMPATH\CodeIgniter.php(941): App\Controllers\Navbar->deletetitle()
 5 SYSTEMPATH\CodeIgniter.php(502): CodeIgniter\CodeIgniter->runController(Object(App\Controllers\Navbar))
 6 SYSTEMPATH\CodeIgniter.php(361): CodeIgniter\CodeIgniter->handleRequest(null, Object(Config\Cache), false)
 7 FCPATH\index.php(79): CodeIgniter\CodeIgniter->run()
CRITICAL - 2024-05-29 14:48:49 --> [Caused by] mysqli_sql_exception: Unknown column '$id' in 'where clause'
in SYSTEMPATH\Database\MySQLi\Connection.php on line 306.
 1 SYSTEMPATH\Database\MySQLi\Connection.php(306): mysqli->query('UPDATE `tbl_navbar_title` SET `flag` = 1 WHERE `navbar_title_id` = $id ', 0)
 2 SYSTEMPATH\Database\BaseConnection.php(693): CodeIgniter\Database\MySQLi\Connection->execute('UPDATE `tbl_navbar_title` SET `flag` = 1 WHERE `navbar_title_id` = $id ')
 3 SYSTEMPATH\Database\BaseConnection.php(607): CodeIgniter\Database\BaseConnection->simpleQuery('UPDATE `tbl_navbar_title` SET `flag` = 1 WHERE `navbar_title_id` = $id ')
 4 APPPATH\Controllers\Navbar.php(205): CodeIgniter\Database\BaseConnection->query('UPDATE `tbl_navbar_title` SET `flag` = 1 WHERE `navbar_title_id` = $id ')
 5 SYSTEMPATH\CodeIgniter.php(941): App\Controllers\Navbar->deletetitle()
 6 SYSTEMPATH\CodeIgniter.php(502): CodeIgniter\CodeIgniter->runController(Object(App\Controllers\Navbar))
 7 SYSTEMPATH\CodeIgniter.php(361): CodeIgniter\CodeIgniter->handleRequest(null, Object(Config\Cache), false)
 8 FCPATH\index.php(79): CodeIgniter\CodeIgniter->run()
CRITICAL - 2024-05-29 14:49:14 --> ParseError: syntax error, unexpected '$id' (T_VARIABLE)
in APPPATH\Controllers\Navbar.php on line 203.
 1 SYSTEMPATH\Autoloader\Autoloader.php(290): CodeIgniter\Autoloader\Autoloader->includeFile('C:\\xampp\\htdocs\\projects\\crm\\app\\Controllers\\Navbar.php')
 2 SYSTEMPATH\Autoloader\Autoloader.php(266): CodeIgniter\Autoloader\Autoloader->loadInNamespace('App\\Controllers\\Navbar')
 3 [internal function]: CodeIgniter\Autoloader\Autoloader->loadClass('App\\Controllers\\Navbar')
 4 [internal function]: spl_autoload_call('App\\Controllers\\Navbar')
 5 SYSTEMPATH\CodeIgniter.php(899): class_exists('\\App\\Controllers\\Navbar', true)
 6 SYSTEMPATH\CodeIgniter.php(489): CodeIgniter\CodeIgniter->startController()
 7 SYSTEMPATH\CodeIgniter.php(361): CodeIgniter\CodeIgniter->handleRequest(null, Object(Config\Cache), false)
 8 FCPATH\index.php(79): CodeIgniter\CodeIgniter->run()
