ERROR - 2024-12-06 14:34:32 --> mysqli_sql_exception: Unknown column 'booking_tbl.payment_status as payment_status user_tbl.first_name' in 'field list' in C:\xampp\htdocs\projects\Petz24\admin\system\Database\MySQLi\Connection.php:306
Stack trace:
#0 C:\xampp\htdocs\projects\Petz24\admin\system\Database\MySQLi\Connection.php(306): mysqli->query()
#1 C:\xampp\htdocs\projects\Petz24\admin\system\Database\BaseConnection.php(693): CodeIgniter\Database\MySQLi\Connection->execute()
#2 C:\xampp\htdocs\projects\Petz24\admin\system\Database\BaseConnection.php(607): CodeIgniter\Database\BaseConnection->simpleQuery()
#3 C:\xampp\htdocs\projects\Petz24\admin\system\Database\BaseBuilder.php(1616): CodeIgniter\Database\BaseConnection->query()
#4 C:\xampp\htdocs\projects\Petz24\admin\system\Model.php(242): CodeIgniter\Database\BaseBuilder->get()
#5 C:\xampp\htdocs\projects\Petz24\admin\system\BaseModel.php(638): CodeIgniter\Model->doFindAll()
#6 C:\xampp\htdocs\projects\Petz24\admin\app\Controllers\Workflow_Booking.php(47): CodeIgniter\BaseModel->findAll()
#7 C:\xampp\htdocs\projects\Petz24\admin\system\CodeIgniter.php(941): App\Controllers\Workflow_Booking->getBooking()
#8 C:\xampp\htdocs\projects\Petz24\admin\system\CodeIgniter.php(502): CodeIgniter\CodeIgniter->runController()
#9 C:\xampp\htdocs\projects\Petz24\admin\system\CodeIgniter.php(361): CodeIgniter\CodeIgniter->handleRequest()
#10 C:\xampp\htdocs\projects\Petz24\admin\index.php(79): CodeIgniter\CodeIgniter->run()
#11 {main}
CRITICAL - 2024-12-06 14:34:32 --> CodeIgniter\Database\Exceptions\DatabaseException: Unknown column 'booking_tbl.payment_status as payment_status user_tbl.first_name' in 'field list'
in SYSTEMPATH\Database\BaseConnection.php on line 647.
 1 SYSTEMPATH\Database\BaseBuilder.php(1616): CodeIgniter\Database\BaseConnection->query()
 2 SYSTEMPATH\Model.php(242): CodeIgniter\Database\BaseBuilder->get()
 3 SYSTEMPATH\BaseModel.php(638): CodeIgniter\Model->doFindAll()
 4 APPPATH\Controllers\Workflow_Booking.php(47): CodeIgniter\BaseModel->findAll()
 5 SYSTEMPATH\CodeIgniter.php(941): App\Controllers\Workflow_Booking->getBooking()
 6 SYSTEMPATH\CodeIgniter.php(502): CodeIgniter\CodeIgniter->runController()
 7 SYSTEMPATH\CodeIgniter.php(361): CodeIgniter\CodeIgniter->handleRequest()
 8 FCPATH\index.php(79): CodeIgniter\CodeIgniter->run()
CRITICAL - 2024-12-06 14:34:32 --> [Caused by] CodeIgniter\Database\Exceptions\DatabaseException: Unknown column 'booking_tbl.payment_status as payment_status user_tbl.first_name' in 'field list'
in SYSTEMPATH\Database\MySQLi\Connection.php on line 311.
 1 SYSTEMPATH\Database\BaseConnection.php(693): CodeIgniter\Database\MySQLi\Connection->execute()
 2 SYSTEMPATH\Database\BaseConnection.php(607): CodeIgniter\Database\BaseConnection->simpleQuery()
 3 SYSTEMPATH\Database\BaseBuilder.php(1616): CodeIgniter\Database\BaseConnection->query()
 4 SYSTEMPATH\Model.php(242): CodeIgniter\Database\BaseBuilder->get()
 5 SYSTEMPATH\BaseModel.php(638): CodeIgniter\Model->doFindAll()
 6 APPPATH\Controllers\Workflow_Booking.php(47): CodeIgniter\BaseModel->findAll()
 7 SYSTEMPATH\CodeIgniter.php(941): App\Controllers\Workflow_Booking->getBooking()
 8 SYSTEMPATH\CodeIgniter.php(502): CodeIgniter\CodeIgniter->runController()
 9 SYSTEMPATH\CodeIgniter.php(361): CodeIgniter\CodeIgniter->handleRequest()
10 FCPATH\index.php(79): CodeIgniter\CodeIgniter->run()
CRITICAL - 2024-12-06 14:34:32 --> [Caused by] mysqli_sql_exception: Unknown column 'booking_tbl.payment_status as payment_status user_tbl.first_name' in 'field list'
in SYSTEMPATH\Database\MySQLi\Connection.php on line 306.
 1 SYSTEMPATH\Database\MySQLi\Connection.php(306): mysqli->query()
 2 SYSTEMPATH\Database\BaseConnection.php(693): CodeIgniter\Database\MySQLi\Connection->execute()
 3 SYSTEMPATH\Database\BaseConnection.php(607): CodeIgniter\Database\BaseConnection->simpleQuery()
 4 SYSTEMPATH\Database\BaseBuilder.php(1616): CodeIgniter\Database\BaseConnection->query()
 5 SYSTEMPATH\Model.php(242): CodeIgniter\Database\BaseBuilder->get()
 6 SYSTEMPATH\BaseModel.php(638): CodeIgniter\Model->doFindAll()
 7 APPPATH\Controllers\Workflow_Booking.php(47): CodeIgniter\BaseModel->findAll()
 8 SYSTEMPATH\CodeIgniter.php(941): App\Controllers\Workflow_Booking->getBooking()
 9 SYSTEMPATH\CodeIgniter.php(502): CodeIgniter\CodeIgniter->runController()
10 SYSTEMPATH\CodeIgniter.php(361): CodeIgniter\CodeIgniter->handleRequest()
11 FCPATH\index.php(79): CodeIgniter\CodeIgniter->run()
ERROR - 2024-12-06 14:34:35 --> mysqli_sql_exception: Unknown column 'booking_tbl.payment_status as payment_status user_tbl.first_name' in 'field list' in C:\xampp\htdocs\projects\Petz24\admin\system\Database\MySQLi\Connection.php:306
Stack trace:
#0 C:\xampp\htdocs\projects\Petz24\admin\system\Database\MySQLi\Connection.php(306): mysqli->query()
#1 C:\xampp\htdocs\projects\Petz24\admin\system\Database\BaseConnection.php(693): CodeIgniter\Database\MySQLi\Connection->execute()
#2 C:\xampp\htdocs\projects\Petz24\admin\system\Database\BaseConnection.php(607): CodeIgniter\Database\BaseConnection->simpleQuery()
#3 C:\xampp\htdocs\projects\Petz24\admin\system\Database\BaseBuilder.php(1616): CodeIgniter\Database\BaseConnection->query()
#4 C:\xampp\htdocs\projects\Petz24\admin\system\Model.php(242): CodeIgniter\Database\BaseBuilder->get()
#5 C:\xampp\htdocs\projects\Petz24\admin\system\BaseModel.php(638): CodeIgniter\Model->doFindAll()
#6 C:\xampp\htdocs\projects\Petz24\admin\app\Controllers\Workflow_Booking.php(47): CodeIgniter\BaseModel->findAll()
#7 C:\xampp\htdocs\projects\Petz24\admin\system\CodeIgniter.php(941): App\Controllers\Workflow_Booking->getBooking()
#8 C:\xampp\htdocs\projects\Petz24\admin\system\CodeIgniter.php(502): CodeIgniter\CodeIgniter->runController()
#9 C:\xampp\htdocs\projects\Petz24\admin\system\CodeIgniter.php(361): CodeIgniter\CodeIgniter->handleRequest()
#10 C:\xampp\htdocs\projects\Petz24\admin\index.php(79): CodeIgniter\CodeIgniter->run()
#11 {main}
CRITICAL - 2024-12-06 14:34:35 --> CodeIgniter\Database\Exceptions\DatabaseException: Unknown column 'booking_tbl.payment_status as payment_status user_tbl.first_name' in 'field list'
in SYSTEMPATH\Database\BaseConnection.php on line 647.
 1 SYSTEMPATH\Database\BaseBuilder.php(1616): CodeIgniter\Database\BaseConnection->query()
 2 SYSTEMPATH\Model.php(242): CodeIgniter\Database\BaseBuilder->get()
 3 SYSTEMPATH\BaseModel.php(638): CodeIgniter\Model->doFindAll()
 4 APPPATH\Controllers\Workflow_Booking.php(47): CodeIgniter\BaseModel->findAll()
 5 SYSTEMPATH\CodeIgniter.php(941): App\Controllers\Workflow_Booking->getBooking()
 6 SYSTEMPATH\CodeIgniter.php(502): CodeIgniter\CodeIgniter->runController()
 7 SYSTEMPATH\CodeIgniter.php(361): CodeIgniter\CodeIgniter->handleRequest()
 8 FCPATH\index.php(79): CodeIgniter\CodeIgniter->run()
CRITICAL - 2024-12-06 14:34:35 --> [Caused by] CodeIgniter\Database\Exceptions\DatabaseException: Unknown column 'booking_tbl.payment_status as payment_status user_tbl.first_name' in 'field list'
in SYSTEMPATH\Database\MySQLi\Connection.php on line 311.
 1 SYSTEMPATH\Database\BaseConnection.php(693): CodeIgniter\Database\MySQLi\Connection->execute()
 2 SYSTEMPATH\Database\BaseConnection.php(607): CodeIgniter\Database\BaseConnection->simpleQuery()
 3 SYSTEMPATH\Database\BaseBuilder.php(1616): CodeIgniter\Database\BaseConnection->query()
 4 SYSTEMPATH\Model.php(242): CodeIgniter\Database\BaseBuilder->get()
 5 SYSTEMPATH\BaseModel.php(638): CodeIgniter\Model->doFindAll()
 6 APPPATH\Controllers\Workflow_Booking.php(47): CodeIgniter\BaseModel->findAll()
 7 SYSTEMPATH\CodeIgniter.php(941): App\Controllers\Workflow_Booking->getBooking()
 8 SYSTEMPATH\CodeIgniter.php(502): CodeIgniter\CodeIgniter->runController()
 9 SYSTEMPATH\CodeIgniter.php(361): CodeIgniter\CodeIgniter->handleRequest()
10 FCPATH\index.php(79): CodeIgniter\CodeIgniter->run()
CRITICAL - 2024-12-06 14:34:35 --> [Caused by] mysqli_sql_exception: Unknown column 'booking_tbl.payment_status as payment_status user_tbl.first_name' in 'field list'
in SYSTEMPATH\Database\MySQLi\Connection.php on line 306.
 1 SYSTEMPATH\Database\MySQLi\Connection.php(306): mysqli->query()
 2 SYSTEMPATH\Database\BaseConnection.php(693): CodeIgniter\Database\MySQLi\Connection->execute()
 3 SYSTEMPATH\Database\BaseConnection.php(607): CodeIgniter\Database\BaseConnection->simpleQuery()
 4 SYSTEMPATH\Database\BaseBuilder.php(1616): CodeIgniter\Database\BaseConnection->query()
 5 SYSTEMPATH\Model.php(242): CodeIgniter\Database\BaseBuilder->get()
 6 SYSTEMPATH\BaseModel.php(638): CodeIgniter\Model->doFindAll()
 7 APPPATH\Controllers\Workflow_Booking.php(47): CodeIgniter\BaseModel->findAll()
 8 SYSTEMPATH\CodeIgniter.php(941): App\Controllers\Workflow_Booking->getBooking()
 9 SYSTEMPATH\CodeIgniter.php(502): CodeIgniter\CodeIgniter->runController()
10 SYSTEMPATH\CodeIgniter.php(361): CodeIgniter\CodeIgniter->handleRequest()
11 FCPATH\index.php(79): CodeIgniter\CodeIgniter->run()
ERROR - 2024-12-06 14:34:43 --> mysqli_sql_exception: Unknown column 'booking_tbl.payment_status as payment_status user_tbl.first_name' in 'field list' in C:\xampp\htdocs\projects\Petz24\admin\system\Database\MySQLi\Connection.php:306
Stack trace:
#0 C:\xampp\htdocs\projects\Petz24\admin\system\Database\MySQLi\Connection.php(306): mysqli->query()
#1 C:\xampp\htdocs\projects\Petz24\admin\system\Database\BaseConnection.php(693): CodeIgniter\Database\MySQLi\Connection->execute()
#2 C:\xampp\htdocs\projects\Petz24\admin\system\Database\BaseConnection.php(607): CodeIgniter\Database\BaseConnection->simpleQuery()
#3 C:\xampp\htdocs\projects\Petz24\admin\system\Database\BaseBuilder.php(1616): CodeIgniter\Database\BaseConnection->query()
#4 C:\xampp\htdocs\projects\Petz24\admin\system\Model.php(242): CodeIgniter\Database\BaseBuilder->get()
#5 C:\xampp\htdocs\projects\Petz24\admin\system\BaseModel.php(638): CodeIgniter\Model->doFindAll()
#6 C:\xampp\htdocs\projects\Petz24\admin\app\Controllers\Workflow_Booking.php(47): CodeIgniter\BaseModel->findAll()
#7 C:\xampp\htdocs\projects\Petz24\admin\system\CodeIgniter.php(941): App\Controllers\Workflow_Booking->getBooking()
#8 C:\xampp\htdocs\projects\Petz24\admin\system\CodeIgniter.php(502): CodeIgniter\CodeIgniter->runController()
#9 C:\xampp\htdocs\projects\Petz24\admin\system\CodeIgniter.php(361): CodeIgniter\CodeIgniter->handleRequest()
#10 C:\xampp\htdocs\projects\Petz24\admin\index.php(79): CodeIgniter\CodeIgniter->run()
#11 {main}
CRITICAL - 2024-12-06 14:34:43 --> CodeIgniter\Database\Exceptions\DatabaseException: Unknown column 'booking_tbl.payment_status as payment_status user_tbl.first_name' in 'field list'
in SYSTEMPATH\Database\BaseConnection.php on line 647.
 1 SYSTEMPATH\Database\BaseBuilder.php(1616): CodeIgniter\Database\BaseConnection->query()
 2 SYSTEMPATH\Model.php(242): CodeIgniter\Database\BaseBuilder->get()
 3 SYSTEMPATH\BaseModel.php(638): CodeIgniter\Model->doFindAll()
 4 APPPATH\Controllers\Workflow_Booking.php(47): CodeIgniter\BaseModel->findAll()
 5 SYSTEMPATH\CodeIgniter.php(941): App\Controllers\Workflow_Booking->getBooking()
 6 SYSTEMPATH\CodeIgniter.php(502): CodeIgniter\CodeIgniter->runController()
 7 SYSTEMPATH\CodeIgniter.php(361): CodeIgniter\CodeIgniter->handleRequest()
 8 FCPATH\index.php(79): CodeIgniter\CodeIgniter->run()
CRITICAL - 2024-12-06 14:34:43 --> [Caused by] CodeIgniter\Database\Exceptions\DatabaseException: Unknown column 'booking_tbl.payment_status as payment_status user_tbl.first_name' in 'field list'
in SYSTEMPATH\Database\MySQLi\Connection.php on line 311.
 1 SYSTEMPATH\Database\BaseConnection.php(693): CodeIgniter\Database\MySQLi\Connection->execute()
 2 SYSTEMPATH\Database\BaseConnection.php(607): CodeIgniter\Database\BaseConnection->simpleQuery()
 3 SYSTEMPATH\Database\BaseBuilder.php(1616): CodeIgniter\Database\BaseConnection->query()
 4 SYSTEMPATH\Model.php(242): CodeIgniter\Database\BaseBuilder->get()
 5 SYSTEMPATH\BaseModel.php(638): CodeIgniter\Model->doFindAll()
 6 APPPATH\Controllers\Workflow_Booking.php(47): CodeIgniter\BaseModel->findAll()
 7 SYSTEMPATH\CodeIgniter.php(941): App\Controllers\Workflow_Booking->getBooking()
 8 SYSTEMPATH\CodeIgniter.php(502): CodeIgniter\CodeIgniter->runController()
 9 SYSTEMPATH\CodeIgniter.php(361): CodeIgniter\CodeIgniter->handleRequest()
10 FCPATH\index.php(79): CodeIgniter\CodeIgniter->run()
CRITICAL - 2024-12-06 14:34:43 --> [Caused by] mysqli_sql_exception: Unknown column 'booking_tbl.payment_status as payment_status user_tbl.first_name' in 'field list'
in SYSTEMPATH\Database\MySQLi\Connection.php on line 306.
 1 SYSTEMPATH\Database\MySQLi\Connection.php(306): mysqli->query()
 2 SYSTEMPATH\Database\BaseConnection.php(693): CodeIgniter\Database\MySQLi\Connection->execute()
 3 SYSTEMPATH\Database\BaseConnection.php(607): CodeIgniter\Database\BaseConnection->simpleQuery()
 4 SYSTEMPATH\Database\BaseBuilder.php(1616): CodeIgniter\Database\BaseConnection->query()
 5 SYSTEMPATH\Model.php(242): CodeIgniter\Database\BaseBuilder->get()
 6 SYSTEMPATH\BaseModel.php(638): CodeIgniter\Model->doFindAll()
 7 APPPATH\Controllers\Workflow_Booking.php(47): CodeIgniter\BaseModel->findAll()
 8 SYSTEMPATH\CodeIgniter.php(941): App\Controllers\Workflow_Booking->getBooking()
 9 SYSTEMPATH\CodeIgniter.php(502): CodeIgniter\CodeIgniter->runController()
10 SYSTEMPATH\CodeIgniter.php(361): CodeIgniter\CodeIgniter->handleRequest()
11 FCPATH\index.php(79): CodeIgniter\CodeIgniter->run()
ERROR - 2024-12-06 14:36:16 --> mysqli_sql_exception: Unknown column 'pet_tbl.name' in 'field list' in C:\xampp\htdocs\projects\Petz24\admin\system\Database\MySQLi\Connection.php:306
Stack trace:
#0 C:\xampp\htdocs\projects\Petz24\admin\system\Database\MySQLi\Connection.php(306): mysqli->query()
#1 C:\xampp\htdocs\projects\Petz24\admin\system\Database\BaseConnection.php(693): CodeIgniter\Database\MySQLi\Connection->execute()
#2 C:\xampp\htdocs\projects\Petz24\admin\system\Database\BaseConnection.php(607): CodeIgniter\Database\BaseConnection->simpleQuery()
#3 C:\xampp\htdocs\projects\Petz24\admin\system\Database\BaseBuilder.php(1616): CodeIgniter\Database\BaseConnection->query()
#4 C:\xampp\htdocs\projects\Petz24\admin\system\Model.php(242): CodeIgniter\Database\BaseBuilder->get()
#5 C:\xampp\htdocs\projects\Petz24\admin\system\BaseModel.php(638): CodeIgniter\Model->doFindAll()
#6 C:\xampp\htdocs\projects\Petz24\admin\app\Controllers\Workflow_Booking.php(52): CodeIgniter\BaseModel->findAll()
#7 C:\xampp\htdocs\projects\Petz24\admin\system\CodeIgniter.php(941): App\Controllers\Workflow_Booking->getBooking()
#8 C:\xampp\htdocs\projects\Petz24\admin\system\CodeIgniter.php(502): CodeIgniter\CodeIgniter->runController()
#9 C:\xampp\htdocs\projects\Petz24\admin\system\CodeIgniter.php(361): CodeIgniter\CodeIgniter->handleRequest()
#10 C:\xampp\htdocs\projects\Petz24\admin\index.php(79): CodeIgniter\CodeIgniter->run()
#11 {main}
CRITICAL - 2024-12-06 14:36:17 --> CodeIgniter\Database\Exceptions\DatabaseException: Unknown column 'pet_tbl.name' in 'field list'
in SYSTEMPATH\Database\BaseConnection.php on line 647.
 1 SYSTEMPATH\Database\BaseBuilder.php(1616): CodeIgniter\Database\BaseConnection->query()
 2 SYSTEMPATH\Model.php(242): CodeIgniter\Database\BaseBuilder->get()
 3 SYSTEMPATH\BaseModel.php(638): CodeIgniter\Model->doFindAll()
 4 APPPATH\Controllers\Workflow_Booking.php(52): CodeIgniter\BaseModel->findAll()
 5 SYSTEMPATH\CodeIgniter.php(941): App\Controllers\Workflow_Booking->getBooking()
 6 SYSTEMPATH\CodeIgniter.php(502): CodeIgniter\CodeIgniter->runController()
 7 SYSTEMPATH\CodeIgniter.php(361): CodeIgniter\CodeIgniter->handleRequest()
 8 FCPATH\index.php(79): CodeIgniter\CodeIgniter->run()
CRITICAL - 2024-12-06 14:36:17 --> [Caused by] CodeIgniter\Database\Exceptions\DatabaseException: Unknown column 'pet_tbl.name' in 'field list'
in SYSTEMPATH\Database\MySQLi\Connection.php on line 311.
 1 SYSTEMPATH\Database\BaseConnection.php(693): CodeIgniter\Database\MySQLi\Connection->execute()
 2 SYSTEMPATH\Database\BaseConnection.php(607): CodeIgniter\Database\BaseConnection->simpleQuery()
 3 SYSTEMPATH\Database\BaseBuilder.php(1616): CodeIgniter\Database\BaseConnection->query()
 4 SYSTEMPATH\Model.php(242): CodeIgniter\Database\BaseBuilder->get()
 5 SYSTEMPATH\BaseModel.php(638): CodeIgniter\Model->doFindAll()
 6 APPPATH\Controllers\Workflow_Booking.php(52): CodeIgniter\BaseModel->findAll()
 7 SYSTEMPATH\CodeIgniter.php(941): App\Controllers\Workflow_Booking->getBooking()
 8 SYSTEMPATH\CodeIgniter.php(502): CodeIgniter\CodeIgniter->runController()
 9 SYSTEMPATH\CodeIgniter.php(361): CodeIgniter\CodeIgniter->handleRequest()
10 FCPATH\index.php(79): CodeIgniter\CodeIgniter->run()
CRITICAL - 2024-12-06 14:36:17 --> [Caused by] mysqli_sql_exception: Unknown column 'pet_tbl.name' in 'field list'
in SYSTEMPATH\Database\MySQLi\Connection.php on line 306.
 1 SYSTEMPATH\Database\MySQLi\Connection.php(306): mysqli->query()
 2 SYSTEMPATH\Database\BaseConnection.php(693): CodeIgniter\Database\MySQLi\Connection->execute()
 3 SYSTEMPATH\Database\BaseConnection.php(607): CodeIgniter\Database\BaseConnection->simpleQuery()
 4 SYSTEMPATH\Database\BaseBuilder.php(1616): CodeIgniter\Database\BaseConnection->query()
 5 SYSTEMPATH\Model.php(242): CodeIgniter\Database\BaseBuilder->get()
 6 SYSTEMPATH\BaseModel.php(638): CodeIgniter\Model->doFindAll()
 7 APPPATH\Controllers\Workflow_Booking.php(52): CodeIgniter\BaseModel->findAll()
 8 SYSTEMPATH\CodeIgniter.php(941): App\Controllers\Workflow_Booking->getBooking()
 9 SYSTEMPATH\CodeIgniter.php(502): CodeIgniter\CodeIgniter->runController()
10 SYSTEMPATH\CodeIgniter.php(361): CodeIgniter\CodeIgniter->handleRequest()
11 FCPATH\index.php(79): CodeIgniter\CodeIgniter->run()
ERROR - 2024-12-06 14:36:43 --> mysqli_sql_exception: Unknown column 'pet_tbl.name' in 'field list' in C:\xampp\htdocs\projects\Petz24\admin\system\Database\MySQLi\Connection.php:306
Stack trace:
#0 C:\xampp\htdocs\projects\Petz24\admin\system\Database\MySQLi\Connection.php(306): mysqli->query()
#1 C:\xampp\htdocs\projects\Petz24\admin\system\Database\BaseConnection.php(693): CodeIgniter\Database\MySQLi\Connection->execute()
#2 C:\xampp\htdocs\projects\Petz24\admin\system\Database\BaseConnection.php(607): CodeIgniter\Database\BaseConnection->simpleQuery()
#3 C:\xampp\htdocs\projects\Petz24\admin\system\Database\BaseBuilder.php(1616): CodeIgniter\Database\BaseConnection->query()
#4 C:\xampp\htdocs\projects\Petz24\admin\system\Model.php(242): CodeIgniter\Database\BaseBuilder->get()
#5 C:\xampp\htdocs\projects\Petz24\admin\system\BaseModel.php(638): CodeIgniter\Model->doFindAll()
#6 C:\xampp\htdocs\projects\Petz24\admin\app\Controllers\Workflow_Booking.php(52): CodeIgniter\BaseModel->findAll()
#7 C:\xampp\htdocs\projects\Petz24\admin\system\CodeIgniter.php(941): App\Controllers\Workflow_Booking->getBooking()
#8 C:\xampp\htdocs\projects\Petz24\admin\system\CodeIgniter.php(502): CodeIgniter\CodeIgniter->runController()
#9 C:\xampp\htdocs\projects\Petz24\admin\system\CodeIgniter.php(361): CodeIgniter\CodeIgniter->handleRequest()
#10 C:\xampp\htdocs\projects\Petz24\admin\index.php(79): CodeIgniter\CodeIgniter->run()
#11 {main}
CRITICAL - 2024-12-06 14:36:43 --> CodeIgniter\Database\Exceptions\DatabaseException: Unknown column 'pet_tbl.name' in 'field list'
in SYSTEMPATH\Database\BaseConnection.php on line 647.
 1 SYSTEMPATH\Database\BaseBuilder.php(1616): CodeIgniter\Database\BaseConnection->query()
 2 SYSTEMPATH\Model.php(242): CodeIgniter\Database\BaseBuilder->get()
 3 SYSTEMPATH\BaseModel.php(638): CodeIgniter\Model->doFindAll()
 4 APPPATH\Controllers\Workflow_Booking.php(52): CodeIgniter\BaseModel->findAll()
 5 SYSTEMPATH\CodeIgniter.php(941): App\Controllers\Workflow_Booking->getBooking()
 6 SYSTEMPATH\CodeIgniter.php(502): CodeIgniter\CodeIgniter->runController()
 7 SYSTEMPATH\CodeIgniter.php(361): CodeIgniter\CodeIgniter->handleRequest()
 8 FCPATH\index.php(79): CodeIgniter\CodeIgniter->run()
CRITICAL - 2024-12-06 14:36:43 --> [Caused by] CodeIgniter\Database\Exceptions\DatabaseException: Unknown column 'pet_tbl.name' in 'field list'
in SYSTEMPATH\Database\MySQLi\Connection.php on line 311.
 1 SYSTEMPATH\Database\BaseConnection.php(693): CodeIgniter\Database\MySQLi\Connection->execute()
 2 SYSTEMPATH\Database\BaseConnection.php(607): CodeIgniter\Database\BaseConnection->simpleQuery()
 3 SYSTEMPATH\Database\BaseBuilder.php(1616): CodeIgniter\Database\BaseConnection->query()
 4 SYSTEMPATH\Model.php(242): CodeIgniter\Database\BaseBuilder->get()
 5 SYSTEMPATH\BaseModel.php(638): CodeIgniter\Model->doFindAll()
 6 APPPATH\Controllers\Workflow_Booking.php(52): CodeIgniter\BaseModel->findAll()
 7 SYSTEMPATH\CodeIgniter.php(941): App\Controllers\Workflow_Booking->getBooking()
 8 SYSTEMPATH\CodeIgniter.php(502): CodeIgniter\CodeIgniter->runController()
 9 SYSTEMPATH\CodeIgniter.php(361): CodeIgniter\CodeIgniter->handleRequest()
10 FCPATH\index.php(79): CodeIgniter\CodeIgniter->run()
CRITICAL - 2024-12-06 14:36:43 --> [Caused by] mysqli_sql_exception: Unknown column 'pet_tbl.name' in 'field list'
in SYSTEMPATH\Database\MySQLi\Connection.php on line 306.
 1 SYSTEMPATH\Database\MySQLi\Connection.php(306): mysqli->query()
 2 SYSTEMPATH\Database\BaseConnection.php(693): CodeIgniter\Database\MySQLi\Connection->execute()
 3 SYSTEMPATH\Database\BaseConnection.php(607): CodeIgniter\Database\BaseConnection->simpleQuery()
 4 SYSTEMPATH\Database\BaseBuilder.php(1616): CodeIgniter\Database\BaseConnection->query()
 5 SYSTEMPATH\Model.php(242): CodeIgniter\Database\BaseBuilder->get()
 6 SYSTEMPATH\BaseModel.php(638): CodeIgniter\Model->doFindAll()
 7 APPPATH\Controllers\Workflow_Booking.php(52): CodeIgniter\BaseModel->findAll()
 8 SYSTEMPATH\CodeIgniter.php(941): App\Controllers\Workflow_Booking->getBooking()
 9 SYSTEMPATH\CodeIgniter.php(502): CodeIgniter\CodeIgniter->runController()
10 SYSTEMPATH\CodeIgniter.php(361): CodeIgniter\CodeIgniter->handleRequest()
11 FCPATH\index.php(79): CodeIgniter\CodeIgniter->run()
CRITICAL - 2024-12-06 15:08:35 --> ErrorException: Array to string conversion
in APPPATH\Controllers\Workflow_Booking.php on line 66.
 1 APPPATH\Controllers\Workflow_Booking.php(66): CodeIgniter\Debug\Exceptions->errorHandler()
 2 SYSTEMPATH\CodeIgniter.php(941): App\Controllers\Workflow_Booking->getSpecificBooking()
 3 SYSTEMPATH\CodeIgniter.php(502): CodeIgniter\CodeIgniter->runController()
 4 SYSTEMPATH\CodeIgniter.php(361): CodeIgniter\CodeIgniter->handleRequest()
 5 FCPATH\index.php(79): CodeIgniter\CodeIgniter->run()
CRITICAL - 2024-12-06 15:08:42 --> ErrorException: Array to string conversion
in APPPATH\Controllers\Workflow_Booking.php on line 66.
 1 APPPATH\Controllers\Workflow_Booking.php(66): CodeIgniter\Debug\Exceptions->errorHandler()
 2 SYSTEMPATH\CodeIgniter.php(941): App\Controllers\Workflow_Booking->getSpecificBooking()
 3 SYSTEMPATH\CodeIgniter.php(502): CodeIgniter\CodeIgniter->runController()
 4 SYSTEMPATH\CodeIgniter.php(361): CodeIgniter\CodeIgniter->handleRequest()
 5 FCPATH\index.php(79): CodeIgniter\CodeIgniter->run()
CRITICAL - 2024-12-06 15:31:24 --> ErrorException: Undefined array key "id"
in APPPATH\Controllers\Workflow_Booking.php on line 82.
 1 APPPATH\Controllers\Workflow_Booking.php(82): CodeIgniter\Debug\Exceptions->errorHandler()
 2 SYSTEMPATH\CodeIgniter.php(941): App\Controllers\Workflow_Booking->getSpecificBooking()
 3 SYSTEMPATH\CodeIgniter.php(502): CodeIgniter\CodeIgniter->runController()
 4 SYSTEMPATH\CodeIgniter.php(361): CodeIgniter\CodeIgniter->handleRequest()
 5 FCPATH\index.php(79): CodeIgniter\CodeIgniter->run()
CRITICAL - 2024-12-06 15:33:49 --> ErrorException: Undefined array key "id"
in APPPATH\Controllers\Workflow_Booking.php on line 82.
 1 APPPATH\Controllers\Workflow_Booking.php(82): CodeIgniter\Debug\Exceptions->errorHandler()
 2 SYSTEMPATH\CodeIgniter.php(941): App\Controllers\Workflow_Booking->getSpecificBooking()
 3 SYSTEMPATH\CodeIgniter.php(502): CodeIgniter\CodeIgniter->runController()
 4 SYSTEMPATH\CodeIgniter.php(361): CodeIgniter\CodeIgniter->handleRequest()
 5 FCPATH\index.php(79): CodeIgniter\CodeIgniter->run()
