CRITICAL - 2024-06-25 18:56:19 --> Error: Call to a member function post() on null
in APPPATH\Controllers\Workflow_Pet.php on line 70.
 1 SYSTEMPATH\CodeIgniter.php(941): App\Controllers\Workflow_Pet->insertpet()
 2 SYSTEMPATH\CodeIgniter.php(502): CodeIgniter\CodeIgniter->runController(Object(App\Controllers\Workflow_Pet))
 3 SYSTEMPATH\CodeIgniter.php(361): CodeIgniter\CodeIgniter->handleRequest(null, Object(Config\Cache), false)
 4 FCPATH\index.php(79): CodeIgniter\CodeIgniter->run()
CRITICAL - 2024-06-25 18:57:09 --> Error: Call to a member function post() on null
in APPPATH\Controllers\Workflow_Pet.php on line 70.
 1 SYSTEMPATH\CodeIgniter.php(941): App\Controllers\Workflow_Pet->insertpet()
 2 SYSTEMPATH\CodeIgniter.php(502): CodeIgniter\CodeIgniter->runController(Object(App\Controllers\Workflow_Pet))
 3 SYSTEMPATH\CodeIgniter.php(361): CodeIgniter\CodeIgniter->handleRequest(null, Object(Config\Cache), false)
 4 FCPATH\index.php(79): CodeIgniter\CodeIgniter->run()
CRITICAL - 2024-06-25 19:04:40 --> TypeError: Argument 1 passed to CodeIgniter\Validation\Validation::setRules() must be of the type array, null given, called in C:\xampp\htdocs\projects\petzadmin\system\Controller.php on line 196
in SYSTEMPATH\Validation\Validation.php on line 576.
 1 SYSTEMPATH\Controller.php(196): CodeIgniter\Validation\Validation->setRules(null, [])
 2 SYSTEMPATH\Controller.php(165): CodeIgniter\Controller->setValidator(null, [])
 3 APPPATH\Controllers\Workflow_Pet.php(73): CodeIgniter\Controller->validateData([], null)
 4 SYSTEMPATH\CodeIgniter.php(941): App\Controllers\Workflow_Pet->insertpet()
 5 SYSTEMPATH\CodeIgniter.php(502): CodeIgniter\CodeIgniter->runController(Object(App\Controllers\Workflow_Pet))
 6 SYSTEMPATH\CodeIgniter.php(361): CodeIgniter\CodeIgniter->handleRequest(null, Object(Config\Cache), false)
 7 FCPATH\index.php(79): CodeIgniter\CodeIgniter->run()
