ERROR - 2024-10-15 14:15:15 --> mysqli_sql_exception: You have an error in your SQL syntax; check the manual that corresponds to your MariaDB server version for the right syntax to use near '.`name`
FROM `pet_plan_tbl`
JOIN `pet_tbl` ON `pet_tbl`.`pet_id` = `pet_plan_tbl' at line 1 in C:\xampp\htdocs\projects\petzadmin\system\Database\MySQLi\Connection.php:306
Stack trace:
#0 C:\xampp\htdocs\projects\petzadmin\system\Database\MySQLi\Connection.php(306): mysqli->query('SELECT `pet_pla...', 0)
#1 C:\xampp\htdocs\projects\petzadmin\system\Database\BaseConnection.php(693): CodeIgniter\Database\MySQLi\Connection->execute('SELECT `pet_pla...')
#2 C:\xampp\htdocs\projects\petzadmin\system\Database\BaseConnection.php(607): CodeIgniter\Database\BaseConnection->simpleQuery('SELECT `pet_pla...')
#3 C:\xampp\htdocs\projects\petzadmin\system\Database\BaseBuilder.php(1616): CodeIgniter\Database\BaseConnection->query('SELECT `pet_pla...', Array, false)
#4 C:\xampp\htdocs\projects\petzadmin\app\Controllers\Workflow_PetPlan.php(18): CodeIgniter\Database\BaseBuilder->get()
#5 C:\xampp\htdocs\projects\petzadmin\system\CodeIgniter.php(941): App\Controllers\Workflow_PetPlan->getpetplan()
#6 C:\xampp\htdocs\projects\petzadmin\system\CodeIgniter.php(502): CodeIgniter\CodeIgniter->runController(Object(App\Controllers\Workflow_PetPlan))
#7 C:\xampp\htdocs\projects\petzadmin\system\CodeIgniter.php(361): CodeIgniter\CodeIgniter->handleRequest(NULL, Object(Config\Cache), false)
#8 C:\xampp\htdocs\projects\petzadmin\index.php(79): CodeIgniter\CodeIgniter->run()
#9 {main}
CRITICAL - 2024-10-15 14:15:15 --> CodeIgniter\Database\Exceptions\DatabaseException: You have an error in your SQL syntax; check the manual that corresponds to your MariaDB server version for the right syntax to use near '.`name`
FROM `pet_plan_tbl`
JOIN `pet_tbl` ON `pet_tbl`.`pet_id` = `pet_plan_tbl' at line 1
in SYSTEMPATH\Database\BaseConnection.php on line 647.
 1 SYSTEMPATH\Database\BaseBuilder.php(1616): CodeIgniter\Database\BaseConnection->query('SELECT `pet_plan_tbl`.`*`. `pet_tbl`.`name`
FROM `pet_plan_tbl`
JOIN `pet_tbl` ON `pet_tbl`.`pet_id` = `pet_plan_tbl`.`pet_id`
WHERE `pet_plan_tbl`.`flag` = 1', [], false)
 2 APPPATH\Controllers\Workflow_PetPlan.php(18): CodeIgniter\Database\BaseBuilder->get()
 3 SYSTEMPATH\CodeIgniter.php(941): App\Controllers\Workflow_PetPlan->getpetplan()
 4 SYSTEMPATH\CodeIgniter.php(502): CodeIgniter\CodeIgniter->runController(Object(App\Controllers\Workflow_PetPlan))
 5 SYSTEMPATH\CodeIgniter.php(361): CodeIgniter\CodeIgniter->handleRequest(null, Object(Config\Cache), false)
 6 FCPATH\index.php(79): CodeIgniter\CodeIgniter->run()
CRITICAL - 2024-10-15 14:15:15 --> [Caused by] CodeIgniter\Database\Exceptions\DatabaseException: You have an error in your SQL syntax; check the manual that corresponds to your MariaDB server version for the right syntax to use near '.`name`
FROM `pet_plan_tbl`
JOIN `pet_tbl` ON `pet_tbl`.`pet_id` = `pet_plan_tbl' at line 1
in SYSTEMPATH\Database\MySQLi\Connection.php on line 311.
 1 SYSTEMPATH\Database\BaseConnection.php(693): CodeIgniter\Database\MySQLi\Connection->execute('SELECT `pet_plan_tbl`.`*`. `pet_tbl`.`name`
FROM `pet_plan_tbl`
JOIN `pet_tbl` ON `pet_tbl`.`pet_id` = `pet_plan_tbl`.`pet_id`
WHERE `pet_plan_tbl`.`flag` = 1')
 2 SYSTEMPATH\Database\BaseConnection.php(607): CodeIgniter\Database\BaseConnection->simpleQuery('SELECT `pet_plan_tbl`.`*`. `pet_tbl`.`name`
FROM `pet_plan_tbl`
JOIN `pet_tbl` ON `pet_tbl`.`pet_id` = `pet_plan_tbl`.`pet_id`
WHERE `pet_plan_tbl`.`flag` = 1')
 3 SYSTEMPATH\Database\BaseBuilder.php(1616): CodeIgniter\Database\BaseConnection->query('SELECT `pet_plan_tbl`.`*`. `pet_tbl`.`name`
FROM `pet_plan_tbl`
JOIN `pet_tbl` ON `pet_tbl`.`pet_id` = `pet_plan_tbl`.`pet_id`
WHERE `pet_plan_tbl`.`flag` = 1', [], false)
 4 APPPATH\Controllers\Workflow_PetPlan.php(18): CodeIgniter\Database\BaseBuilder->get()
 5 SYSTEMPATH\CodeIgniter.php(941): App\Controllers\Workflow_PetPlan->getpetplan()
 6 SYSTEMPATH\CodeIgniter.php(502): CodeIgniter\CodeIgniter->runController(Object(App\Controllers\Workflow_PetPlan))
 7 SYSTEMPATH\CodeIgniter.php(361): CodeIgniter\CodeIgniter->handleRequest(null, Object(Config\Cache), false)
 8 FCPATH\index.php(79): CodeIgniter\CodeIgniter->run()
CRITICAL - 2024-10-15 14:15:15 --> [Caused by] mysqli_sql_exception: You have an error in your SQL syntax; check the manual that corresponds to your MariaDB server version for the right syntax to use near '.`name`
FROM `pet_plan_tbl`
JOIN `pet_tbl` ON `pet_tbl`.`pet_id` = `pet_plan_tbl' at line 1
in SYSTEMPATH\Database\MySQLi\Connection.php on line 306.
 1 SYSTEMPATH\Database\MySQLi\Connection.php(306): mysqli->query('SELECT `pet_plan_tbl`.`*`. `pet_tbl`.`name`
FROM `pet_plan_tbl`
JOIN `pet_tbl` ON `pet_tbl`.`pet_id` = `pet_plan_tbl`.`pet_id`
WHERE `pet_plan_tbl`.`flag` = 1', 0)
 2 SYSTEMPATH\Database\BaseConnection.php(693): CodeIgniter\Database\MySQLi\Connection->execute('SELECT `pet_plan_tbl`.`*`. `pet_tbl`.`name`
FROM `pet_plan_tbl`
JOIN `pet_tbl` ON `pet_tbl`.`pet_id` = `pet_plan_tbl`.`pet_id`
WHERE `pet_plan_tbl`.`flag` = 1')
 3 SYSTEMPATH\Database\BaseConnection.php(607): CodeIgniter\Database\BaseConnection->simpleQuery('SELECT `pet_plan_tbl`.`*`. `pet_tbl`.`name`
FROM `pet_plan_tbl`
JOIN `pet_tbl` ON `pet_tbl`.`pet_id` = `pet_plan_tbl`.`pet_id`
WHERE `pet_plan_tbl`.`flag` = 1')
 4 SYSTEMPATH\Database\BaseBuilder.php(1616): CodeIgniter\Database\BaseConnection->query('SELECT `pet_plan_tbl`.`*`. `pet_tbl`.`name`
FROM `pet_plan_tbl`
JOIN `pet_tbl` ON `pet_tbl`.`pet_id` = `pet_plan_tbl`.`pet_id`
WHERE `pet_plan_tbl`.`flag` = 1', [], false)
 5 APPPATH\Controllers\Workflow_PetPlan.php(18): CodeIgniter\Database\BaseBuilder->get()
 6 SYSTEMPATH\CodeIgniter.php(941): App\Controllers\Workflow_PetPlan->getpetplan()
 7 SYSTEMPATH\CodeIgniter.php(502): CodeIgniter\CodeIgniter->runController(Object(App\Controllers\Workflow_PetPlan))
 8 SYSTEMPATH\CodeIgniter.php(361): CodeIgniter\CodeIgniter->handleRequest(null, Object(Config\Cache), false)
 9 FCPATH\index.php(79): CodeIgniter\CodeIgniter->run()
ERROR - 2024-10-15 14:16:13 --> mysqli_sql_exception: Unknown column 'pet_tbl.name' in 'field list' in C:\xampp\htdocs\projects\petzadmin\system\Database\MySQLi\Connection.php:306
Stack trace:
#0 C:\xampp\htdocs\projects\petzadmin\system\Database\MySQLi\Connection.php(306): mysqli->query('SELECT `pet_pla...', 0)
#1 C:\xampp\htdocs\projects\petzadmin\system\Database\BaseConnection.php(693): CodeIgniter\Database\MySQLi\Connection->execute('SELECT `pet_pla...')
#2 C:\xampp\htdocs\projects\petzadmin\system\Database\BaseConnection.php(607): CodeIgniter\Database\BaseConnection->simpleQuery('SELECT `pet_pla...')
#3 C:\xampp\htdocs\projects\petzadmin\system\Database\BaseBuilder.php(1616): CodeIgniter\Database\BaseConnection->query('SELECT `pet_pla...', Array, false)
#4 C:\xampp\htdocs\projects\petzadmin\app\Controllers\Workflow_PetPlan.php(18): CodeIgniter\Database\BaseBuilder->get()
#5 C:\xampp\htdocs\projects\petzadmin\system\CodeIgniter.php(941): App\Controllers\Workflow_PetPlan->getpetplan()
#6 C:\xampp\htdocs\projects\petzadmin\system\CodeIgniter.php(502): CodeIgniter\CodeIgniter->runController(Object(App\Controllers\Workflow_PetPlan))
#7 C:\xampp\htdocs\projects\petzadmin\system\CodeIgniter.php(361): CodeIgniter\CodeIgniter->handleRequest(NULL, Object(Config\Cache), false)
#8 C:\xampp\htdocs\projects\petzadmin\index.php(79): CodeIgniter\CodeIgniter->run()
#9 {main}
CRITICAL - 2024-10-15 14:16:13 --> CodeIgniter\Database\Exceptions\DatabaseException: Unknown column 'pet_tbl.name' in 'field list'
in SYSTEMPATH\Database\BaseConnection.php on line 647.
 1 SYSTEMPATH\Database\BaseBuilder.php(1616): CodeIgniter\Database\BaseConnection->query('SELECT `pet_plan_tbl`.*, `pet_tbl`.`name`
FROM `pet_plan_tbl`
JOIN `pet_tbl` ON `pet_tbl`.`pet_id` = `pet_plan_tbl`.`pet_id`
WHERE `pet_plan_tbl`.`flag` = 1', [], false)
 2 APPPATH\Controllers\Workflow_PetPlan.php(18): CodeIgniter\Database\BaseBuilder->get()
 3 SYSTEMPATH\CodeIgniter.php(941): App\Controllers\Workflow_PetPlan->getpetplan()
 4 SYSTEMPATH\CodeIgniter.php(502): CodeIgniter\CodeIgniter->runController(Object(App\Controllers\Workflow_PetPlan))
 5 SYSTEMPATH\CodeIgniter.php(361): CodeIgniter\CodeIgniter->handleRequest(null, Object(Config\Cache), false)
 6 FCPATH\index.php(79): CodeIgniter\CodeIgniter->run()
CRITICAL - 2024-10-15 14:16:13 --> [Caused by] CodeIgniter\Database\Exceptions\DatabaseException: Unknown column 'pet_tbl.name' in 'field list'
in SYSTEMPATH\Database\MySQLi\Connection.php on line 311.
 1 SYSTEMPATH\Database\BaseConnection.php(693): CodeIgniter\Database\MySQLi\Connection->execute('SELECT `pet_plan_tbl`.*, `pet_tbl`.`name`
FROM `pet_plan_tbl`
JOIN `pet_tbl` ON `pet_tbl`.`pet_id` = `pet_plan_tbl`.`pet_id`
WHERE `pet_plan_tbl`.`flag` = 1')
 2 SYSTEMPATH\Database\BaseConnection.php(607): CodeIgniter\Database\BaseConnection->simpleQuery('SELECT `pet_plan_tbl`.*, `pet_tbl`.`name`
FROM `pet_plan_tbl`
JOIN `pet_tbl` ON `pet_tbl`.`pet_id` = `pet_plan_tbl`.`pet_id`
WHERE `pet_plan_tbl`.`flag` = 1')
 3 SYSTEMPATH\Database\BaseBuilder.php(1616): CodeIgniter\Database\BaseConnection->query('SELECT `pet_plan_tbl`.*, `pet_tbl`.`name`
FROM `pet_plan_tbl`
JOIN `pet_tbl` ON `pet_tbl`.`pet_id` = `pet_plan_tbl`.`pet_id`
WHERE `pet_plan_tbl`.`flag` = 1', [], false)
 4 APPPATH\Controllers\Workflow_PetPlan.php(18): CodeIgniter\Database\BaseBuilder->get()
 5 SYSTEMPATH\CodeIgniter.php(941): App\Controllers\Workflow_PetPlan->getpetplan()
 6 SYSTEMPATH\CodeIgniter.php(502): CodeIgniter\CodeIgniter->runController(Object(App\Controllers\Workflow_PetPlan))
 7 SYSTEMPATH\CodeIgniter.php(361): CodeIgniter\CodeIgniter->handleRequest(null, Object(Config\Cache), false)
 8 FCPATH\index.php(79): CodeIgniter\CodeIgniter->run()
CRITICAL - 2024-10-15 14:16:13 --> [Caused by] mysqli_sql_exception: Unknown column 'pet_tbl.name' in 'field list'
in SYSTEMPATH\Database\MySQLi\Connection.php on line 306.
 1 SYSTEMPATH\Database\MySQLi\Connection.php(306): mysqli->query('SELECT `pet_plan_tbl`.*, `pet_tbl`.`name`
FROM `pet_plan_tbl`
JOIN `pet_tbl` ON `pet_tbl`.`pet_id` = `pet_plan_tbl`.`pet_id`
WHERE `pet_plan_tbl`.`flag` = 1', 0)
 2 SYSTEMPATH\Database\BaseConnection.php(693): CodeIgniter\Database\MySQLi\Connection->execute('SELECT `pet_plan_tbl`.*, `pet_tbl`.`name`
FROM `pet_plan_tbl`
JOIN `pet_tbl` ON `pet_tbl`.`pet_id` = `pet_plan_tbl`.`pet_id`
WHERE `pet_plan_tbl`.`flag` = 1')
 3 SYSTEMPATH\Database\BaseConnection.php(607): CodeIgniter\Database\BaseConnection->simpleQuery('SELECT `pet_plan_tbl`.*, `pet_tbl`.`name`
FROM `pet_plan_tbl`
JOIN `pet_tbl` ON `pet_tbl`.`pet_id` = `pet_plan_tbl`.`pet_id`
WHERE `pet_plan_tbl`.`flag` = 1')
 4 SYSTEMPATH\Database\BaseBuilder.php(1616): CodeIgniter\Database\BaseConnection->query('SELECT `pet_plan_tbl`.*, `pet_tbl`.`name`
FROM `pet_plan_tbl`
JOIN `pet_tbl` ON `pet_tbl`.`pet_id` = `pet_plan_tbl`.`pet_id`
WHERE `pet_plan_tbl`.`flag` = 1', [], false)
 5 APPPATH\Controllers\Workflow_PetPlan.php(18): CodeIgniter\Database\BaseBuilder->get()
 6 SYSTEMPATH\CodeIgniter.php(941): App\Controllers\Workflow_PetPlan->getpetplan()
 7 SYSTEMPATH\CodeIgniter.php(502): CodeIgniter\CodeIgniter->runController(Object(App\Controllers\Workflow_PetPlan))
 8 SYSTEMPATH\CodeIgniter.php(361): CodeIgniter\CodeIgniter->handleRequest(null, Object(Config\Cache), false)
 9 FCPATH\index.php(79): CodeIgniter\CodeIgniter->run()
ERROR - 2024-10-15 14:16:29 --> mysqli_sql_exception: Unknown column 'pet_tbl.name' in 'field list' in C:\xampp\htdocs\projects\petzadmin\system\Database\MySQLi\Connection.php:306
Stack trace:
#0 C:\xampp\htdocs\projects\petzadmin\system\Database\MySQLi\Connection.php(306): mysqli->query('SELECT `pet_pla...', 0)
#1 C:\xampp\htdocs\projects\petzadmin\system\Database\BaseConnection.php(693): CodeIgniter\Database\MySQLi\Connection->execute('SELECT `pet_pla...')
#2 C:\xampp\htdocs\projects\petzadmin\system\Database\BaseConnection.php(607): CodeIgniter\Database\BaseConnection->simpleQuery('SELECT `pet_pla...')
#3 C:\xampp\htdocs\projects\petzadmin\system\Database\BaseBuilder.php(1616): CodeIgniter\Database\BaseConnection->query('SELECT `pet_pla...', Array, false)
#4 C:\xampp\htdocs\projects\petzadmin\app\Controllers\Workflow_PetPlan.php(34): CodeIgniter\Database\BaseBuilder->get()
#5 C:\xampp\htdocs\projects\petzadmin\system\CodeIgniter.php(941): App\Controllers\Workflow_PetPlan->getpetplan()
#6 C:\xampp\htdocs\projects\petzadmin\system\CodeIgniter.php(502): CodeIgniter\CodeIgniter->runController(Object(App\Controllers\Workflow_PetPlan))
#7 C:\xampp\htdocs\projects\petzadmin\system\CodeIgniter.php(361): CodeIgniter\CodeIgniter->handleRequest(NULL, Object(Config\Cache), false)
#8 C:\xampp\htdocs\projects\petzadmin\index.php(79): CodeIgniter\CodeIgniter->run()
#9 {main}
CRITICAL - 2024-10-15 14:16:29 --> CodeIgniter\Database\Exceptions\DatabaseException: Unknown column 'pet_tbl.name' in 'field list'
in SYSTEMPATH\Database\BaseConnection.php on line 647.
 1 SYSTEMPATH\Database\BaseBuilder.php(1616): CodeIgniter\Database\BaseConnection->query('SELECT `pet_plan_tbl`.*, `pet_tbl`.`name`
FROM `pet_plan_tbl`
JOIN `pet_tbl` ON `pet_tbl`.`pet_id` = `pet_plan_tbl`.`pet_id`
WHERE `pet_plan_tbl`.`flag` = :pet_plan_tbl.flag:', [...], false)
 2 APPPATH\Controllers\Workflow_PetPlan.php(34): CodeIgniter\Database\BaseBuilder->get()
 3 SYSTEMPATH\CodeIgniter.php(941): App\Controllers\Workflow_PetPlan->getpetplan()
 4 SYSTEMPATH\CodeIgniter.php(502): CodeIgniter\CodeIgniter->runController(Object(App\Controllers\Workflow_PetPlan))
 5 SYSTEMPATH\CodeIgniter.php(361): CodeIgniter\CodeIgniter->handleRequest(null, Object(Config\Cache), false)
 6 FCPATH\index.php(79): CodeIgniter\CodeIgniter->run()
CRITICAL - 2024-10-15 14:16:29 --> [Caused by] CodeIgniter\Database\Exceptions\DatabaseException: Unknown column 'pet_tbl.name' in 'field list'
in SYSTEMPATH\Database\MySQLi\Connection.php on line 311.
 1 SYSTEMPATH\Database\BaseConnection.php(693): CodeIgniter\Database\MySQLi\Connection->execute('SELECT `pet_plan_tbl`.*, `pet_tbl`.`name`
FROM `pet_plan_tbl`
JOIN `pet_tbl` ON `pet_tbl`.`pet_id` = `pet_plan_tbl`.`pet_id`
WHERE `pet_plan_tbl`.`flag` = 1')
 2 SYSTEMPATH\Database\BaseConnection.php(607): CodeIgniter\Database\BaseConnection->simpleQuery('SELECT `pet_plan_tbl`.*, `pet_tbl`.`name`
FROM `pet_plan_tbl`
JOIN `pet_tbl` ON `pet_tbl`.`pet_id` = `pet_plan_tbl`.`pet_id`
WHERE `pet_plan_tbl`.`flag` = 1')
 3 SYSTEMPATH\Database\BaseBuilder.php(1616): CodeIgniter\Database\BaseConnection->query('SELECT `pet_plan_tbl`.*, `pet_tbl`.`name`
FROM `pet_plan_tbl`
JOIN `pet_tbl` ON `pet_tbl`.`pet_id` = `pet_plan_tbl`.`pet_id`
WHERE `pet_plan_tbl`.`flag` = :pet_plan_tbl.flag:', [...], false)
 4 APPPATH\Controllers\Workflow_PetPlan.php(34): CodeIgniter\Database\BaseBuilder->get()
 5 SYSTEMPATH\CodeIgniter.php(941): App\Controllers\Workflow_PetPlan->getpetplan()
 6 SYSTEMPATH\CodeIgniter.php(502): CodeIgniter\CodeIgniter->runController(Object(App\Controllers\Workflow_PetPlan))
 7 SYSTEMPATH\CodeIgniter.php(361): CodeIgniter\CodeIgniter->handleRequest(null, Object(Config\Cache), false)
 8 FCPATH\index.php(79): CodeIgniter\CodeIgniter->run()
CRITICAL - 2024-10-15 14:16:29 --> [Caused by] mysqli_sql_exception: Unknown column 'pet_tbl.name' in 'field list'
in SYSTEMPATH\Database\MySQLi\Connection.php on line 306.
 1 SYSTEMPATH\Database\MySQLi\Connection.php(306): mysqli->query('SELECT `pet_plan_tbl`.*, `pet_tbl`.`name`
FROM `pet_plan_tbl`
JOIN `pet_tbl` ON `pet_tbl`.`pet_id` = `pet_plan_tbl`.`pet_id`
WHERE `pet_plan_tbl`.`flag` = 1', 0)
 2 SYSTEMPATH\Database\BaseConnection.php(693): CodeIgniter\Database\MySQLi\Connection->execute('SELECT `pet_plan_tbl`.*, `pet_tbl`.`name`
FROM `pet_plan_tbl`
JOIN `pet_tbl` ON `pet_tbl`.`pet_id` = `pet_plan_tbl`.`pet_id`
WHERE `pet_plan_tbl`.`flag` = 1')
 3 SYSTEMPATH\Database\BaseConnection.php(607): CodeIgniter\Database\BaseConnection->simpleQuery('SELECT `pet_plan_tbl`.*, `pet_tbl`.`name`
FROM `pet_plan_tbl`
JOIN `pet_tbl` ON `pet_tbl`.`pet_id` = `pet_plan_tbl`.`pet_id`
WHERE `pet_plan_tbl`.`flag` = 1')
 4 SYSTEMPATH\Database\BaseBuilder.php(1616): CodeIgniter\Database\BaseConnection->query('SELECT `pet_plan_tbl`.*, `pet_tbl`.`name`
FROM `pet_plan_tbl`
JOIN `pet_tbl` ON `pet_tbl`.`pet_id` = `pet_plan_tbl`.`pet_id`
WHERE `pet_plan_tbl`.`flag` = :pet_plan_tbl.flag:', [...], false)
 5 APPPATH\Controllers\Workflow_PetPlan.php(34): CodeIgniter\Database\BaseBuilder->get()
 6 SYSTEMPATH\CodeIgniter.php(941): App\Controllers\Workflow_PetPlan->getpetplan()
 7 SYSTEMPATH\CodeIgniter.php(502): CodeIgniter\CodeIgniter->runController(Object(App\Controllers\Workflow_PetPlan))
 8 SYSTEMPATH\CodeIgniter.php(361): CodeIgniter\CodeIgniter->handleRequest(null, Object(Config\Cache), false)
 9 FCPATH\index.php(79): CodeIgniter\CodeIgniter->run()
ERROR - 2024-10-15 14:18:36 --> mysqli_sql_exception: Unknown column 'pet_tbl.name' in 'field list' in C:\xampp\htdocs\projects\petzadmin\system\Database\MySQLi\Connection.php:306
Stack trace:
#0 C:\xampp\htdocs\projects\petzadmin\system\Database\MySQLi\Connection.php(306): mysqli->query('SELECT `pet_pla...', 0)
#1 C:\xampp\htdocs\projects\petzadmin\system\Database\BaseConnection.php(693): CodeIgniter\Database\MySQLi\Connection->execute('SELECT `pet_pla...')
#2 C:\xampp\htdocs\projects\petzadmin\system\Database\BaseConnection.php(607): CodeIgniter\Database\BaseConnection->simpleQuery('SELECT `pet_pla...')
#3 C:\xampp\htdocs\projects\petzadmin\system\Database\BaseBuilder.php(1616): CodeIgniter\Database\BaseConnection->query('SELECT `pet_pla...', Array, false)
#4 C:\xampp\htdocs\projects\petzadmin\app\Controllers\Workflow_PetPlan.php(18): CodeIgniter\Database\BaseBuilder->get()
#5 C:\xampp\htdocs\projects\petzadmin\system\CodeIgniter.php(941): App\Controllers\Workflow_PetPlan->getpetplan()
#6 C:\xampp\htdocs\projects\petzadmin\system\CodeIgniter.php(502): CodeIgniter\CodeIgniter->runController(Object(App\Controllers\Workflow_PetPlan))
#7 C:\xampp\htdocs\projects\petzadmin\system\CodeIgniter.php(361): CodeIgniter\CodeIgniter->handleRequest(NULL, Object(Config\Cache), false)
#8 C:\xampp\htdocs\projects\petzadmin\index.php(79): CodeIgniter\CodeIgniter->run()
#9 {main}
CRITICAL - 2024-10-15 14:18:36 --> CodeIgniter\Database\Exceptions\DatabaseException: Unknown column 'pet_tbl.name' in 'field list'
in SYSTEMPATH\Database\BaseConnection.php on line 647.
 1 SYSTEMPATH\Database\BaseBuilder.php(1616): CodeIgniter\Database\BaseConnection->query('SELECT `pet_plan_tbl`.*, `pet_tbl`.`name`
FROM `pet_plan_tbl`
JOIN `pet_tbl` ON `pet_tbl`.`pet_id` = `pet_plan_tbl`.`pet_id`
WHERE `pet_plan_tbl`.`flag` = :pet_plan_tbl.flag:', [...], false)
 2 APPPATH\Controllers\Workflow_PetPlan.php(18): CodeIgniter\Database\BaseBuilder->get()
 3 SYSTEMPATH\CodeIgniter.php(941): App\Controllers\Workflow_PetPlan->getpetplan()
 4 SYSTEMPATH\CodeIgniter.php(502): CodeIgniter\CodeIgniter->runController(Object(App\Controllers\Workflow_PetPlan))
 5 SYSTEMPATH\CodeIgniter.php(361): CodeIgniter\CodeIgniter->handleRequest(null, Object(Config\Cache), false)
 6 FCPATH\index.php(79): CodeIgniter\CodeIgniter->run()
CRITICAL - 2024-10-15 14:18:36 --> [Caused by] CodeIgniter\Database\Exceptions\DatabaseException: Unknown column 'pet_tbl.name' in 'field list'
in SYSTEMPATH\Database\MySQLi\Connection.php on line 311.
 1 SYSTEMPATH\Database\BaseConnection.php(693): CodeIgniter\Database\MySQLi\Connection->execute('SELECT `pet_plan_tbl`.*, `pet_tbl`.`name`
FROM `pet_plan_tbl`
JOIN `pet_tbl` ON `pet_tbl`.`pet_id` = `pet_plan_tbl`.`pet_id`
WHERE `pet_plan_tbl`.`flag` = 1')
 2 SYSTEMPATH\Database\BaseConnection.php(607): CodeIgniter\Database\BaseConnection->simpleQuery('SELECT `pet_plan_tbl`.*, `pet_tbl`.`name`
FROM `pet_plan_tbl`
JOIN `pet_tbl` ON `pet_tbl`.`pet_id` = `pet_plan_tbl`.`pet_id`
WHERE `pet_plan_tbl`.`flag` = 1')
 3 SYSTEMPATH\Database\BaseBuilder.php(1616): CodeIgniter\Database\BaseConnection->query('SELECT `pet_plan_tbl`.*, `pet_tbl`.`name`
FROM `pet_plan_tbl`
JOIN `pet_tbl` ON `pet_tbl`.`pet_id` = `pet_plan_tbl`.`pet_id`
WHERE `pet_plan_tbl`.`flag` = :pet_plan_tbl.flag:', [...], false)
 4 APPPATH\Controllers\Workflow_PetPlan.php(18): CodeIgniter\Database\BaseBuilder->get()
 5 SYSTEMPATH\CodeIgniter.php(941): App\Controllers\Workflow_PetPlan->getpetplan()
 6 SYSTEMPATH\CodeIgniter.php(502): CodeIgniter\CodeIgniter->runController(Object(App\Controllers\Workflow_PetPlan))
 7 SYSTEMPATH\CodeIgniter.php(361): CodeIgniter\CodeIgniter->handleRequest(null, Object(Config\Cache), false)
 8 FCPATH\index.php(79): CodeIgniter\CodeIgniter->run()
CRITICAL - 2024-10-15 14:18:36 --> [Caused by] mysqli_sql_exception: Unknown column 'pet_tbl.name' in 'field list'
in SYSTEMPATH\Database\MySQLi\Connection.php on line 306.
 1 SYSTEMPATH\Database\MySQLi\Connection.php(306): mysqli->query('SELECT `pet_plan_tbl`.*, `pet_tbl`.`name`
FROM `pet_plan_tbl`
JOIN `pet_tbl` ON `pet_tbl`.`pet_id` = `pet_plan_tbl`.`pet_id`
WHERE `pet_plan_tbl`.`flag` = 1', 0)
 2 SYSTEMPATH\Database\BaseConnection.php(693): CodeIgniter\Database\MySQLi\Connection->execute('SELECT `pet_plan_tbl`.*, `pet_tbl`.`name`
FROM `pet_plan_tbl`
JOIN `pet_tbl` ON `pet_tbl`.`pet_id` = `pet_plan_tbl`.`pet_id`
WHERE `pet_plan_tbl`.`flag` = 1')
 3 SYSTEMPATH\Database\BaseConnection.php(607): CodeIgniter\Database\BaseConnection->simpleQuery('SELECT `pet_plan_tbl`.*, `pet_tbl`.`name`
FROM `pet_plan_tbl`
JOIN `pet_tbl` ON `pet_tbl`.`pet_id` = `pet_plan_tbl`.`pet_id`
WHERE `pet_plan_tbl`.`flag` = 1')
 4 SYSTEMPATH\Database\BaseBuilder.php(1616): CodeIgniter\Database\BaseConnection->query('SELECT `pet_plan_tbl`.*, `pet_tbl`.`name`
FROM `pet_plan_tbl`
JOIN `pet_tbl` ON `pet_tbl`.`pet_id` = `pet_plan_tbl`.`pet_id`
WHERE `pet_plan_tbl`.`flag` = :pet_plan_tbl.flag:', [...], false)
 5 APPPATH\Controllers\Workflow_PetPlan.php(18): CodeIgniter\Database\BaseBuilder->get()
 6 SYSTEMPATH\CodeIgniter.php(941): App\Controllers\Workflow_PetPlan->getpetplan()
 7 SYSTEMPATH\CodeIgniter.php(502): CodeIgniter\CodeIgniter->runController(Object(App\Controllers\Workflow_PetPlan))
 8 SYSTEMPATH\CodeIgniter.php(361): CodeIgniter\CodeIgniter->handleRequest(null, Object(Config\Cache), false)
 9 FCPATH\index.php(79): CodeIgniter\CodeIgniter->run()
ERROR - 2024-10-15 14:19:23 --> mysqli_sql_exception: Unknown column 'pet_tbl.name' in 'field list' in C:\xampp\htdocs\projects\petzadmin\system\Database\MySQLi\Connection.php:306
Stack trace:
#0 C:\xampp\htdocs\projects\petzadmin\system\Database\MySQLi\Connection.php(306): mysqli->query('SELECT `pet_pla...', 0)
#1 C:\xampp\htdocs\projects\petzadmin\system\Database\BaseConnection.php(693): CodeIgniter\Database\MySQLi\Connection->execute('SELECT `pet_pla...')
#2 C:\xampp\htdocs\projects\petzadmin\system\Database\BaseConnection.php(607): CodeIgniter\Database\BaseConnection->simpleQuery('SELECT `pet_pla...')
#3 C:\xampp\htdocs\projects\petzadmin\system\Database\BaseBuilder.php(1616): CodeIgniter\Database\BaseConnection->query('SELECT `pet_pla...', Array, false)
#4 C:\xampp\htdocs\projects\petzadmin\app\Controllers\Workflow_PetPlan.php(18): CodeIgniter\Database\BaseBuilder->get()
#5 C:\xampp\htdocs\projects\petzadmin\system\CodeIgniter.php(941): App\Controllers\Workflow_PetPlan->getpetplan()
#6 C:\xampp\htdocs\projects\petzadmin\system\CodeIgniter.php(502): CodeIgniter\CodeIgniter->runController(Object(App\Controllers\Workflow_PetPlan))
#7 C:\xampp\htdocs\projects\petzadmin\system\CodeIgniter.php(361): CodeIgniter\CodeIgniter->handleRequest(NULL, Object(Config\Cache), false)
#8 C:\xampp\htdocs\projects\petzadmin\index.php(79): CodeIgniter\CodeIgniter->run()
#9 {main}
CRITICAL - 2024-10-15 14:19:23 --> CodeIgniter\Database\Exceptions\DatabaseException: Unknown column 'pet_tbl.name' in 'field list'
in SYSTEMPATH\Database\BaseConnection.php on line 647.
 1 SYSTEMPATH\Database\BaseBuilder.php(1616): CodeIgniter\Database\BaseConnection->query('SELECT `pet_plan_tbl`.*, `pet_tbl`.`name`
FROM `pet_plan_tbl`
JOIN `pet_tbl` ON `pet_tbl`.`pet_id` = `pet_plan_tbl`.`pet_id`
WHERE `pet_plan_tbl`.`flag` = 1', [], false)
 2 APPPATH\Controllers\Workflow_PetPlan.php(18): CodeIgniter\Database\BaseBuilder->get()
 3 SYSTEMPATH\CodeIgniter.php(941): App\Controllers\Workflow_PetPlan->getpetplan()
 4 SYSTEMPATH\CodeIgniter.php(502): CodeIgniter\CodeIgniter->runController(Object(App\Controllers\Workflow_PetPlan))
 5 SYSTEMPATH\CodeIgniter.php(361): CodeIgniter\CodeIgniter->handleRequest(null, Object(Config\Cache), false)
 6 FCPATH\index.php(79): CodeIgniter\CodeIgniter->run()
CRITICAL - 2024-10-15 14:19:23 --> [Caused by] CodeIgniter\Database\Exceptions\DatabaseException: Unknown column 'pet_tbl.name' in 'field list'
in SYSTEMPATH\Database\MySQLi\Connection.php on line 311.
 1 SYSTEMPATH\Database\BaseConnection.php(693): CodeIgniter\Database\MySQLi\Connection->execute('SELECT `pet_plan_tbl`.*, `pet_tbl`.`name`
FROM `pet_plan_tbl`
JOIN `pet_tbl` ON `pet_tbl`.`pet_id` = `pet_plan_tbl`.`pet_id`
WHERE `pet_plan_tbl`.`flag` = 1')
 2 SYSTEMPATH\Database\BaseConnection.php(607): CodeIgniter\Database\BaseConnection->simpleQuery('SELECT `pet_plan_tbl`.*, `pet_tbl`.`name`
FROM `pet_plan_tbl`
JOIN `pet_tbl` ON `pet_tbl`.`pet_id` = `pet_plan_tbl`.`pet_id`
WHERE `pet_plan_tbl`.`flag` = 1')
 3 SYSTEMPATH\Database\BaseBuilder.php(1616): CodeIgniter\Database\BaseConnection->query('SELECT `pet_plan_tbl`.*, `pet_tbl`.`name`
FROM `pet_plan_tbl`
JOIN `pet_tbl` ON `pet_tbl`.`pet_id` = `pet_plan_tbl`.`pet_id`
WHERE `pet_plan_tbl`.`flag` = 1', [], false)
 4 APPPATH\Controllers\Workflow_PetPlan.php(18): CodeIgniter\Database\BaseBuilder->get()
 5 SYSTEMPATH\CodeIgniter.php(941): App\Controllers\Workflow_PetPlan->getpetplan()
 6 SYSTEMPATH\CodeIgniter.php(502): CodeIgniter\CodeIgniter->runController(Object(App\Controllers\Workflow_PetPlan))
 7 SYSTEMPATH\CodeIgniter.php(361): CodeIgniter\CodeIgniter->handleRequest(null, Object(Config\Cache), false)
 8 FCPATH\index.php(79): CodeIgniter\CodeIgniter->run()
CRITICAL - 2024-10-15 14:19:23 --> [Caused by] mysqli_sql_exception: Unknown column 'pet_tbl.name' in 'field list'
in SYSTEMPATH\Database\MySQLi\Connection.php on line 306.
 1 SYSTEMPATH\Database\MySQLi\Connection.php(306): mysqli->query('SELECT `pet_plan_tbl`.*, `pet_tbl`.`name`
FROM `pet_plan_tbl`
JOIN `pet_tbl` ON `pet_tbl`.`pet_id` = `pet_plan_tbl`.`pet_id`
WHERE `pet_plan_tbl`.`flag` = 1', 0)
 2 SYSTEMPATH\Database\BaseConnection.php(693): CodeIgniter\Database\MySQLi\Connection->execute('SELECT `pet_plan_tbl`.*, `pet_tbl`.`name`
FROM `pet_plan_tbl`
JOIN `pet_tbl` ON `pet_tbl`.`pet_id` = `pet_plan_tbl`.`pet_id`
WHERE `pet_plan_tbl`.`flag` = 1')
 3 SYSTEMPATH\Database\BaseConnection.php(607): CodeIgniter\Database\BaseConnection->simpleQuery('SELECT `pet_plan_tbl`.*, `pet_tbl`.`name`
FROM `pet_plan_tbl`
JOIN `pet_tbl` ON `pet_tbl`.`pet_id` = `pet_plan_tbl`.`pet_id`
WHERE `pet_plan_tbl`.`flag` = 1')
 4 SYSTEMPATH\Database\BaseBuilder.php(1616): CodeIgniter\Database\BaseConnection->query('SELECT `pet_plan_tbl`.*, `pet_tbl`.`name`
FROM `pet_plan_tbl`
JOIN `pet_tbl` ON `pet_tbl`.`pet_id` = `pet_plan_tbl`.`pet_id`
WHERE `pet_plan_tbl`.`flag` = 1', [], false)
 5 APPPATH\Controllers\Workflow_PetPlan.php(18): CodeIgniter\Database\BaseBuilder->get()
 6 SYSTEMPATH\CodeIgniter.php(941): App\Controllers\Workflow_PetPlan->getpetplan()
 7 SYSTEMPATH\CodeIgniter.php(502): CodeIgniter\CodeIgniter->runController(Object(App\Controllers\Workflow_PetPlan))
 8 SYSTEMPATH\CodeIgniter.php(361): CodeIgniter\CodeIgniter->handleRequest(null, Object(Config\Cache), false)
 9 FCPATH\index.php(79): CodeIgniter\CodeIgniter->run()
