ERROR - 2025-06-26 16:44:59 --> mysqli_sql_exception: Unknown column 'dl.language' in 'field list' in C:\xampp\htdocs\projects\Petz24\admin\system\Database\MySQLi\Connection.php:306
Stack trace:
#0 C:\xampp\htdocs\projects\Petz24\admin\system\Database\MySQLi\Connection.php(306): mysqli->query()
#1 C:\xampp\htdocs\projects\Petz24\admin\system\Database\BaseConnection.php(693): CodeIgniter\Database\MySQLi\Connection->execute()
#2 C:\xampp\htdocs\projects\Petz24\admin\system\Database\BaseConnection.php(607): CodeIgniter\Database\BaseConnection->simpleQuery()
#3 C:\xampp\htdocs\projects\Petz24\admin\system\Database\BaseBuilder.php(1616): CodeIgniter\Database\BaseConnection->query()
#4 C:\xampp\htdocs\projects\Petz24\admin\app\Controllers\Workflow_Doctor.php(24): CodeIgniter\Database\BaseBuilder->get()
#5 C:\xampp\htdocs\projects\Petz24\admin\system\CodeIgniter.php(941): App\Controllers\Workflow_Doctor->getDoctor()
#6 C:\xampp\htdocs\projects\Petz24\admin\system\CodeIgniter.php(502): CodeIgniter\CodeIgniter->runController()
#7 C:\xampp\htdocs\projects\Petz24\admin\system\CodeIgniter.php(361): CodeIgniter\CodeIgniter->handleRequest()
#8 C:\xampp\htdocs\projects\Petz24\admin\index.php(79): CodeIgniter\CodeIgniter->run()
#9 {main}
CRITICAL - 2025-06-26 16:44:59 --> CodeIgniter\Database\Exceptions\DatabaseException: Unknown column 'dl.language' in 'field list'
in SYSTEMPATH\Database\BaseConnection.php on line 647.
 1 SYSTEMPATH\Database\BaseBuilder.php(1616): CodeIgniter\Database\BaseConnection->query()
 2 APPPATH\Controllers\Workflow_Doctor.php(24): CodeIgniter\Database\BaseBuilder->get()
 3 SYSTEMPATH\CodeIgniter.php(941): App\Controllers\Workflow_Doctor->getDoctor()
 4 SYSTEMPATH\CodeIgniter.php(502): CodeIgniter\CodeIgniter->runController()
 5 SYSTEMPATH\CodeIgniter.php(361): CodeIgniter\CodeIgniter->handleRequest()
 6 FCPATH\index.php(79): CodeIgniter\CodeIgniter->run()
CRITICAL - 2025-06-26 16:44:59 --> [Caused by] CodeIgniter\Database\Exceptions\DatabaseException: Unknown column 'dl.language' in 'field list'
in SYSTEMPATH\Database\MySQLi\Connection.php on line 311.
 1 SYSTEMPATH\Database\BaseConnection.php(693): CodeIgniter\Database\MySQLi\Connection->execute()
 2 SYSTEMPATH\Database\BaseConnection.php(607): CodeIgniter\Database\BaseConnection->simpleQuery()
 3 SYSTEMPATH\Database\BaseBuilder.php(1616): CodeIgniter\Database\BaseConnection->query()
 4 APPPATH\Controllers\Workflow_Doctor.php(24): CodeIgniter\Database\BaseBuilder->get()
 5 SYSTEMPATH\CodeIgniter.php(941): App\Controllers\Workflow_Doctor->getDoctor()
 6 SYSTEMPATH\CodeIgniter.php(502): CodeIgniter\CodeIgniter->runController()
 7 SYSTEMPATH\CodeIgniter.php(361): CodeIgniter\CodeIgniter->handleRequest()
 8 FCPATH\index.php(79): CodeIgniter\CodeIgniter->run()
CRITICAL - 2025-06-26 16:44:59 --> [Caused by] mysqli_sql_exception: Unknown column 'dl.language' in 'field list'
in SYSTEMPATH\Database\MySQLi\Connection.php on line 306.
 1 SYSTEMPATH\Database\MySQLi\Connection.php(306): mysqli->query()
 2 SYSTEMPATH\Database\BaseConnection.php(693): CodeIgniter\Database\MySQLi\Connection->execute()
 3 SYSTEMPATH\Database\BaseConnection.php(607): CodeIgniter\Database\BaseConnection->simpleQuery()
 4 SYSTEMPATH\Database\BaseBuilder.php(1616): CodeIgniter\Database\BaseConnection->query()
 5 APPPATH\Controllers\Workflow_Doctor.php(24): CodeIgniter\Database\BaseBuilder->get()
 6 SYSTEMPATH\CodeIgniter.php(941): App\Controllers\Workflow_Doctor->getDoctor()
 7 SYSTEMPATH\CodeIgniter.php(502): CodeIgniter\CodeIgniter->runController()
 8 SYSTEMPATH\CodeIgniter.php(361): CodeIgniter\CodeIgniter->handleRequest()
 9 FCPATH\index.php(79): CodeIgniter\CodeIgniter->run()
ERROR - 2025-06-26 16:46:31 --> mysqli_sql_exception: Unknown column 'dl.language' in 'field list' in C:\xampp\htdocs\projects\Petz24\admin\system\Database\MySQLi\Connection.php:306
Stack trace:
#0 C:\xampp\htdocs\projects\Petz24\admin\system\Database\MySQLi\Connection.php(306): mysqli->query()
#1 C:\xampp\htdocs\projects\Petz24\admin\system\Database\BaseConnection.php(693): CodeIgniter\Database\MySQLi\Connection->execute()
#2 C:\xampp\htdocs\projects\Petz24\admin\system\Database\BaseConnection.php(607): CodeIgniter\Database\BaseConnection->simpleQuery()
#3 C:\xampp\htdocs\projects\Petz24\admin\system\Database\BaseBuilder.php(1616): CodeIgniter\Database\BaseConnection->query()
#4 C:\xampp\htdocs\projects\Petz24\admin\app\Controllers\Workflow_Doctor.php(24): CodeIgniter\Database\BaseBuilder->get()
#5 C:\xampp\htdocs\projects\Petz24\admin\system\CodeIgniter.php(941): App\Controllers\Workflow_Doctor->getDoctor()
#6 C:\xampp\htdocs\projects\Petz24\admin\system\CodeIgniter.php(502): CodeIgniter\CodeIgniter->runController()
#7 C:\xampp\htdocs\projects\Petz24\admin\system\CodeIgniter.php(361): CodeIgniter\CodeIgniter->handleRequest()
#8 C:\xampp\htdocs\projects\Petz24\admin\index.php(79): CodeIgniter\CodeIgniter->run()
#9 {main}
CRITICAL - 2025-06-26 16:46:31 --> CodeIgniter\Database\Exceptions\DatabaseException: Unknown column 'dl.language' in 'field list'
in SYSTEMPATH\Database\BaseConnection.php on line 647.
 1 SYSTEMPATH\Database\BaseBuilder.php(1616): CodeIgniter\Database\BaseConnection->query()
 2 APPPATH\Controllers\Workflow_Doctor.php(24): CodeIgniter\Database\BaseBuilder->get()
 3 SYSTEMPATH\CodeIgniter.php(941): App\Controllers\Workflow_Doctor->getDoctor()
 4 SYSTEMPATH\CodeIgniter.php(502): CodeIgniter\CodeIgniter->runController()
 5 SYSTEMPATH\CodeIgniter.php(361): CodeIgniter\CodeIgniter->handleRequest()
 6 FCPATH\index.php(79): CodeIgniter\CodeIgniter->run()
CRITICAL - 2025-06-26 16:46:31 --> [Caused by] CodeIgniter\Database\Exceptions\DatabaseException: Unknown column 'dl.language' in 'field list'
in SYSTEMPATH\Database\MySQLi\Connection.php on line 311.
 1 SYSTEMPATH\Database\BaseConnection.php(693): CodeIgniter\Database\MySQLi\Connection->execute()
 2 SYSTEMPATH\Database\BaseConnection.php(607): CodeIgniter\Database\BaseConnection->simpleQuery()
 3 SYSTEMPATH\Database\BaseBuilder.php(1616): CodeIgniter\Database\BaseConnection->query()
 4 APPPATH\Controllers\Workflow_Doctor.php(24): CodeIgniter\Database\BaseBuilder->get()
 5 SYSTEMPATH\CodeIgniter.php(941): App\Controllers\Workflow_Doctor->getDoctor()
 6 SYSTEMPATH\CodeIgniter.php(502): CodeIgniter\CodeIgniter->runController()
 7 SYSTEMPATH\CodeIgniter.php(361): CodeIgniter\CodeIgniter->handleRequest()
 8 FCPATH\index.php(79): CodeIgniter\CodeIgniter->run()
CRITICAL - 2025-06-26 16:46:31 --> [Caused by] mysqli_sql_exception: Unknown column 'dl.language' in 'field list'
in SYSTEMPATH\Database\MySQLi\Connection.php on line 306.
 1 SYSTEMPATH\Database\MySQLi\Connection.php(306): mysqli->query()
 2 SYSTEMPATH\Database\BaseConnection.php(693): CodeIgniter\Database\MySQLi\Connection->execute()
 3 SYSTEMPATH\Database\BaseConnection.php(607): CodeIgniter\Database\BaseConnection->simpleQuery()
 4 SYSTEMPATH\Database\BaseBuilder.php(1616): CodeIgniter\Database\BaseConnection->query()
 5 APPPATH\Controllers\Workflow_Doctor.php(24): CodeIgniter\Database\BaseBuilder->get()
 6 SYSTEMPATH\CodeIgniter.php(941): App\Controllers\Workflow_Doctor->getDoctor()
 7 SYSTEMPATH\CodeIgniter.php(502): CodeIgniter\CodeIgniter->runController()
 8 SYSTEMPATH\CodeIgniter.php(361): CodeIgniter\CodeIgniter->handleRequest()
 9 FCPATH\index.php(79): CodeIgniter\CodeIgniter->run()
ERROR - 2025-06-26 17:05:45 --> mysqli_sql_exception: Duplicate entry '12' for key 'PRIMARY' in C:\xampp\htdocs\projects\Petz24\admin\system\Database\MySQLi\Connection.php:306
Stack trace:
#0 C:\xampp\htdocs\projects\Petz24\admin\system\Database\MySQLi\Connection.php(306): mysqli->query()
#1 C:\xampp\htdocs\projects\Petz24\admin\system\Database\BaseConnection.php(693): CodeIgniter\Database\MySQLi\Connection->execute()
#2 C:\xampp\htdocs\projects\Petz24\admin\system\Database\BaseConnection.php(607): CodeIgniter\Database\BaseConnection->simpleQuery()
#3 C:\xampp\htdocs\projects\Petz24\admin\system\Database\BaseBuilder.php(2307): CodeIgniter\Database\BaseConnection->query()
#4 C:\xampp\htdocs\projects\Petz24\admin\system\Model.php(326): CodeIgniter\Database\BaseBuilder->insert()
#5 C:\xampp\htdocs\projects\Petz24\admin\system\BaseModel.php(802): CodeIgniter\Model->doInsert()
#6 C:\xampp\htdocs\projects\Petz24\admin\system\Model.php(744): CodeIgniter\BaseModel->insert()
#7 C:\xampp\htdocs\projects\Petz24\admin\system\BaseModel.php(713): CodeIgniter\Model->insert()
#8 C:\xampp\htdocs\projects\Petz24\admin\app\Controllers\Workflow_Doctor.php(131): CodeIgniter\BaseModel->save()
#9 C:\xampp\htdocs\projects\Petz24\admin\system\CodeIgniter.php(941): App\Controllers\Workflow_Doctor->updateDoctor()
#10 C:\xampp\htdocs\projects\Petz24\admin\system\CodeIgniter.php(502): CodeIgniter\CodeIgniter->runController()
#11 C:\xampp\htdocs\projects\Petz24\admin\system\CodeIgniter.php(361): CodeIgniter\CodeIgniter->handleRequest()
#12 C:\xampp\htdocs\projects\Petz24\admin\index.php(79): CodeIgniter\CodeIgniter->run()
#13 {main}
CRITICAL - 2025-06-26 17:05:45 --> CodeIgniter\Database\Exceptions\DatabaseException: Duplicate entry '12' for key 'PRIMARY'
in SYSTEMPATH\Database\BaseConnection.php on line 647.
 1 SYSTEMPATH\Database\BaseBuilder.php(2307): CodeIgniter\Database\BaseConnection->query()
 2 SYSTEMPATH\Model.php(326): CodeIgniter\Database\BaseBuilder->insert()
 3 SYSTEMPATH\BaseModel.php(802): CodeIgniter\Model->doInsert()
 4 SYSTEMPATH\Model.php(744): CodeIgniter\BaseModel->insert()
 5 SYSTEMPATH\BaseModel.php(713): CodeIgniter\Model->insert()
 6 APPPATH\Controllers\Workflow_Doctor.php(131): CodeIgniter\BaseModel->save()
 7 SYSTEMPATH\CodeIgniter.php(941): App\Controllers\Workflow_Doctor->updateDoctor()
 8 SYSTEMPATH\CodeIgniter.php(502): CodeIgniter\CodeIgniter->runController()
 9 SYSTEMPATH\CodeIgniter.php(361): CodeIgniter\CodeIgniter->handleRequest()
10 FCPATH\index.php(79): CodeIgniter\CodeIgniter->run()
CRITICAL - 2025-06-26 17:05:45 --> [Caused by] CodeIgniter\Database\Exceptions\DatabaseException: Duplicate entry '12' for key 'PRIMARY'
in SYSTEMPATH\Database\MySQLi\Connection.php on line 311.
 1 SYSTEMPATH\Database\BaseConnection.php(693): CodeIgniter\Database\MySQLi\Connection->execute()
 2 SYSTEMPATH\Database\BaseConnection.php(607): CodeIgniter\Database\BaseConnection->simpleQuery()
 3 SYSTEMPATH\Database\BaseBuilder.php(2307): CodeIgniter\Database\BaseConnection->query()
 4 SYSTEMPATH\Model.php(326): CodeIgniter\Database\BaseBuilder->insert()
 5 SYSTEMPATH\BaseModel.php(802): CodeIgniter\Model->doInsert()
 6 SYSTEMPATH\Model.php(744): CodeIgniter\BaseModel->insert()
 7 SYSTEMPATH\BaseModel.php(713): CodeIgniter\Model->insert()
 8 APPPATH\Controllers\Workflow_Doctor.php(131): CodeIgniter\BaseModel->save()
 9 SYSTEMPATH\CodeIgniter.php(941): App\Controllers\Workflow_Doctor->updateDoctor()
10 SYSTEMPATH\CodeIgniter.php(502): CodeIgniter\CodeIgniter->runController()
11 SYSTEMPATH\CodeIgniter.php(361): CodeIgniter\CodeIgniter->handleRequest()
12 FCPATH\index.php(79): CodeIgniter\CodeIgniter->run()
CRITICAL - 2025-06-26 17:05:45 --> [Caused by] mysqli_sql_exception: Duplicate entry '12' for key 'PRIMARY'
in SYSTEMPATH\Database\MySQLi\Connection.php on line 306.
 1 SYSTEMPATH\Database\MySQLi\Connection.php(306): mysqli->query()
 2 SYSTEMPATH\Database\BaseConnection.php(693): CodeIgniter\Database\MySQLi\Connection->execute()
 3 SYSTEMPATH\Database\BaseConnection.php(607): CodeIgniter\Database\BaseConnection->simpleQuery()
 4 SYSTEMPATH\Database\BaseBuilder.php(2307): CodeIgniter\Database\BaseConnection->query()
 5 SYSTEMPATH\Model.php(326): CodeIgniter\Database\BaseBuilder->insert()
 6 SYSTEMPATH\BaseModel.php(802): CodeIgniter\Model->doInsert()
 7 SYSTEMPATH\Model.php(744): CodeIgniter\BaseModel->insert()
 8 SYSTEMPATH\BaseModel.php(713): CodeIgniter\Model->insert()
 9 APPPATH\Controllers\Workflow_Doctor.php(131): CodeIgniter\BaseModel->save()
10 SYSTEMPATH\CodeIgniter.php(941): App\Controllers\Workflow_Doctor->updateDoctor()
11 SYSTEMPATH\CodeIgniter.php(502): CodeIgniter\CodeIgniter->runController()
12 SYSTEMPATH\CodeIgniter.php(361): CodeIgniter\CodeIgniter->handleRequest()
13 FCPATH\index.php(79): CodeIgniter\CodeIgniter->run()
ERROR - 2025-06-26 17:05:48 --> mysqli_sql_exception: Duplicate entry '12' for key 'PRIMARY' in C:\xampp\htdocs\projects\Petz24\admin\system\Database\MySQLi\Connection.php:306
Stack trace:
#0 C:\xampp\htdocs\projects\Petz24\admin\system\Database\MySQLi\Connection.php(306): mysqli->query()
#1 C:\xampp\htdocs\projects\Petz24\admin\system\Database\BaseConnection.php(693): CodeIgniter\Database\MySQLi\Connection->execute()
#2 C:\xampp\htdocs\projects\Petz24\admin\system\Database\BaseConnection.php(607): CodeIgniter\Database\BaseConnection->simpleQuery()
#3 C:\xampp\htdocs\projects\Petz24\admin\system\Database\BaseBuilder.php(2307): CodeIgniter\Database\BaseConnection->query()
#4 C:\xampp\htdocs\projects\Petz24\admin\system\Model.php(326): CodeIgniter\Database\BaseBuilder->insert()
#5 C:\xampp\htdocs\projects\Petz24\admin\system\BaseModel.php(802): CodeIgniter\Model->doInsert()
#6 C:\xampp\htdocs\projects\Petz24\admin\system\Model.php(744): CodeIgniter\BaseModel->insert()
#7 C:\xampp\htdocs\projects\Petz24\admin\system\BaseModel.php(713): CodeIgniter\Model->insert()
#8 C:\xampp\htdocs\projects\Petz24\admin\app\Controllers\Workflow_Doctor.php(131): CodeIgniter\BaseModel->save()
#9 C:\xampp\htdocs\projects\Petz24\admin\system\CodeIgniter.php(941): App\Controllers\Workflow_Doctor->updateDoctor()
#10 C:\xampp\htdocs\projects\Petz24\admin\system\CodeIgniter.php(502): CodeIgniter\CodeIgniter->runController()
#11 C:\xampp\htdocs\projects\Petz24\admin\system\CodeIgniter.php(361): CodeIgniter\CodeIgniter->handleRequest()
#12 C:\xampp\htdocs\projects\Petz24\admin\index.php(79): CodeIgniter\CodeIgniter->run()
#13 {main}
CRITICAL - 2025-06-26 17:05:48 --> CodeIgniter\Database\Exceptions\DatabaseException: Duplicate entry '12' for key 'PRIMARY'
in SYSTEMPATH\Database\BaseConnection.php on line 647.
 1 SYSTEMPATH\Database\BaseBuilder.php(2307): CodeIgniter\Database\BaseConnection->query()
 2 SYSTEMPATH\Model.php(326): CodeIgniter\Database\BaseBuilder->insert()
 3 SYSTEMPATH\BaseModel.php(802): CodeIgniter\Model->doInsert()
 4 SYSTEMPATH\Model.php(744): CodeIgniter\BaseModel->insert()
 5 SYSTEMPATH\BaseModel.php(713): CodeIgniter\Model->insert()
 6 APPPATH\Controllers\Workflow_Doctor.php(131): CodeIgniter\BaseModel->save()
 7 SYSTEMPATH\CodeIgniter.php(941): App\Controllers\Workflow_Doctor->updateDoctor()
 8 SYSTEMPATH\CodeIgniter.php(502): CodeIgniter\CodeIgniter->runController()
 9 SYSTEMPATH\CodeIgniter.php(361): CodeIgniter\CodeIgniter->handleRequest()
10 FCPATH\index.php(79): CodeIgniter\CodeIgniter->run()
CRITICAL - 2025-06-26 17:05:48 --> [Caused by] CodeIgniter\Database\Exceptions\DatabaseException: Duplicate entry '12' for key 'PRIMARY'
in SYSTEMPATH\Database\MySQLi\Connection.php on line 311.
 1 SYSTEMPATH\Database\BaseConnection.php(693): CodeIgniter\Database\MySQLi\Connection->execute()
 2 SYSTEMPATH\Database\BaseConnection.php(607): CodeIgniter\Database\BaseConnection->simpleQuery()
 3 SYSTEMPATH\Database\BaseBuilder.php(2307): CodeIgniter\Database\BaseConnection->query()
 4 SYSTEMPATH\Model.php(326): CodeIgniter\Database\BaseBuilder->insert()
 5 SYSTEMPATH\BaseModel.php(802): CodeIgniter\Model->doInsert()
 6 SYSTEMPATH\Model.php(744): CodeIgniter\BaseModel->insert()
 7 SYSTEMPATH\BaseModel.php(713): CodeIgniter\Model->insert()
 8 APPPATH\Controllers\Workflow_Doctor.php(131): CodeIgniter\BaseModel->save()
 9 SYSTEMPATH\CodeIgniter.php(941): App\Controllers\Workflow_Doctor->updateDoctor()
10 SYSTEMPATH\CodeIgniter.php(502): CodeIgniter\CodeIgniter->runController()
11 SYSTEMPATH\CodeIgniter.php(361): CodeIgniter\CodeIgniter->handleRequest()
12 FCPATH\index.php(79): CodeIgniter\CodeIgniter->run()
CRITICAL - 2025-06-26 17:05:48 --> [Caused by] mysqli_sql_exception: Duplicate entry '12' for key 'PRIMARY'
in SYSTEMPATH\Database\MySQLi\Connection.php on line 306.
 1 SYSTEMPATH\Database\MySQLi\Connection.php(306): mysqli->query()
 2 SYSTEMPATH\Database\BaseConnection.php(693): CodeIgniter\Database\MySQLi\Connection->execute()
 3 SYSTEMPATH\Database\BaseConnection.php(607): CodeIgniter\Database\BaseConnection->simpleQuery()
 4 SYSTEMPATH\Database\BaseBuilder.php(2307): CodeIgniter\Database\BaseConnection->query()
 5 SYSTEMPATH\Model.php(326): CodeIgniter\Database\BaseBuilder->insert()
 6 SYSTEMPATH\BaseModel.php(802): CodeIgniter\Model->doInsert()
 7 SYSTEMPATH\Model.php(744): CodeIgniter\BaseModel->insert()
 8 SYSTEMPATH\BaseModel.php(713): CodeIgniter\Model->insert()
 9 APPPATH\Controllers\Workflow_Doctor.php(131): CodeIgniter\BaseModel->save()
10 SYSTEMPATH\CodeIgniter.php(941): App\Controllers\Workflow_Doctor->updateDoctor()
11 SYSTEMPATH\CodeIgniter.php(502): CodeIgniter\CodeIgniter->runController()
12 SYSTEMPATH\CodeIgniter.php(361): CodeIgniter\CodeIgniter->handleRequest()
13 FCPATH\index.php(79): CodeIgniter\CodeIgniter->run()
ERROR - 2025-06-26 17:08:12 --> mysqli_sql_exception: Duplicate entry '12' for key 'PRIMARY' in C:\xampp\htdocs\projects\Petz24\admin\system\Database\MySQLi\Connection.php:306
Stack trace:
#0 C:\xampp\htdocs\projects\Petz24\admin\system\Database\MySQLi\Connection.php(306): mysqli->query()
#1 C:\xampp\htdocs\projects\Petz24\admin\system\Database\BaseConnection.php(693): CodeIgniter\Database\MySQLi\Connection->execute()
#2 C:\xampp\htdocs\projects\Petz24\admin\system\Database\BaseConnection.php(607): CodeIgniter\Database\BaseConnection->simpleQuery()
#3 C:\xampp\htdocs\projects\Petz24\admin\system\Database\BaseBuilder.php(2307): CodeIgniter\Database\BaseConnection->query()
#4 C:\xampp\htdocs\projects\Petz24\admin\system\Model.php(326): CodeIgniter\Database\BaseBuilder->insert()
#5 C:\xampp\htdocs\projects\Petz24\admin\system\BaseModel.php(802): CodeIgniter\Model->doInsert()
#6 C:\xampp\htdocs\projects\Petz24\admin\system\Model.php(744): CodeIgniter\BaseModel->insert()
#7 C:\xampp\htdocs\projects\Petz24\admin\system\BaseModel.php(713): CodeIgniter\Model->insert()
#8 C:\xampp\htdocs\projects\Petz24\admin\app\Controllers\Workflow_Doctor.php(131): CodeIgniter\BaseModel->save()
#9 C:\xampp\htdocs\projects\Petz24\admin\system\CodeIgniter.php(941): App\Controllers\Workflow_Doctor->updateDoctor()
#10 C:\xampp\htdocs\projects\Petz24\admin\system\CodeIgniter.php(502): CodeIgniter\CodeIgniter->runController()
#11 C:\xampp\htdocs\projects\Petz24\admin\system\CodeIgniter.php(361): CodeIgniter\CodeIgniter->handleRequest()
#12 C:\xampp\htdocs\projects\Petz24\admin\index.php(79): CodeIgniter\CodeIgniter->run()
#13 {main}
CRITICAL - 2025-06-26 17:08:12 --> CodeIgniter\Database\Exceptions\DatabaseException: Duplicate entry '12' for key 'PRIMARY'
in SYSTEMPATH\Database\BaseConnection.php on line 647.
 1 SYSTEMPATH\Database\BaseBuilder.php(2307): CodeIgniter\Database\BaseConnection->query()
 2 SYSTEMPATH\Model.php(326): CodeIgniter\Database\BaseBuilder->insert()
 3 SYSTEMPATH\BaseModel.php(802): CodeIgniter\Model->doInsert()
 4 SYSTEMPATH\Model.php(744): CodeIgniter\BaseModel->insert()
 5 SYSTEMPATH\BaseModel.php(713): CodeIgniter\Model->insert()
 6 APPPATH\Controllers\Workflow_Doctor.php(131): CodeIgniter\BaseModel->save()
 7 SYSTEMPATH\CodeIgniter.php(941): App\Controllers\Workflow_Doctor->updateDoctor()
 8 SYSTEMPATH\CodeIgniter.php(502): CodeIgniter\CodeIgniter->runController()
 9 SYSTEMPATH\CodeIgniter.php(361): CodeIgniter\CodeIgniter->handleRequest()
10 FCPATH\index.php(79): CodeIgniter\CodeIgniter->run()
CRITICAL - 2025-06-26 17:08:12 --> [Caused by] CodeIgniter\Database\Exceptions\DatabaseException: Duplicate entry '12' for key 'PRIMARY'
in SYSTEMPATH\Database\MySQLi\Connection.php on line 311.
 1 SYSTEMPATH\Database\BaseConnection.php(693): CodeIgniter\Database\MySQLi\Connection->execute()
 2 SYSTEMPATH\Database\BaseConnection.php(607): CodeIgniter\Database\BaseConnection->simpleQuery()
 3 SYSTEMPATH\Database\BaseBuilder.php(2307): CodeIgniter\Database\BaseConnection->query()
 4 SYSTEMPATH\Model.php(326): CodeIgniter\Database\BaseBuilder->insert()
 5 SYSTEMPATH\BaseModel.php(802): CodeIgniter\Model->doInsert()
 6 SYSTEMPATH\Model.php(744): CodeIgniter\BaseModel->insert()
 7 SYSTEMPATH\BaseModel.php(713): CodeIgniter\Model->insert()
 8 APPPATH\Controllers\Workflow_Doctor.php(131): CodeIgniter\BaseModel->save()
 9 SYSTEMPATH\CodeIgniter.php(941): App\Controllers\Workflow_Doctor->updateDoctor()
10 SYSTEMPATH\CodeIgniter.php(502): CodeIgniter\CodeIgniter->runController()
11 SYSTEMPATH\CodeIgniter.php(361): CodeIgniter\CodeIgniter->handleRequest()
12 FCPATH\index.php(79): CodeIgniter\CodeIgniter->run()
CRITICAL - 2025-06-26 17:08:12 --> [Caused by] mysqli_sql_exception: Duplicate entry '12' for key 'PRIMARY'
in SYSTEMPATH\Database\MySQLi\Connection.php on line 306.
 1 SYSTEMPATH\Database\MySQLi\Connection.php(306): mysqli->query()
 2 SYSTEMPATH\Database\BaseConnection.php(693): CodeIgniter\Database\MySQLi\Connection->execute()
 3 SYSTEMPATH\Database\BaseConnection.php(607): CodeIgniter\Database\BaseConnection->simpleQuery()
 4 SYSTEMPATH\Database\BaseBuilder.php(2307): CodeIgniter\Database\BaseConnection->query()
 5 SYSTEMPATH\Model.php(326): CodeIgniter\Database\BaseBuilder->insert()
 6 SYSTEMPATH\BaseModel.php(802): CodeIgniter\Model->doInsert()
 7 SYSTEMPATH\Model.php(744): CodeIgniter\BaseModel->insert()
 8 SYSTEMPATH\BaseModel.php(713): CodeIgniter\Model->insert()
 9 APPPATH\Controllers\Workflow_Doctor.php(131): CodeIgniter\BaseModel->save()
10 SYSTEMPATH\CodeIgniter.php(941): App\Controllers\Workflow_Doctor->updateDoctor()
11 SYSTEMPATH\CodeIgniter.php(502): CodeIgniter\CodeIgniter->runController()
12 SYSTEMPATH\CodeIgniter.php(361): CodeIgniter\CodeIgniter->handleRequest()
13 FCPATH\index.php(79): CodeIgniter\CodeIgniter->run()
ERROR - 2025-06-26 17:08:14 --> mysqli_sql_exception: Duplicate entry '12' for key 'PRIMARY' in C:\xampp\htdocs\projects\Petz24\admin\system\Database\MySQLi\Connection.php:306
Stack trace:
#0 C:\xampp\htdocs\projects\Petz24\admin\system\Database\MySQLi\Connection.php(306): mysqli->query()
#1 C:\xampp\htdocs\projects\Petz24\admin\system\Database\BaseConnection.php(693): CodeIgniter\Database\MySQLi\Connection->execute()
#2 C:\xampp\htdocs\projects\Petz24\admin\system\Database\BaseConnection.php(607): CodeIgniter\Database\BaseConnection->simpleQuery()
#3 C:\xampp\htdocs\projects\Petz24\admin\system\Database\BaseBuilder.php(2307): CodeIgniter\Database\BaseConnection->query()
#4 C:\xampp\htdocs\projects\Petz24\admin\system\Model.php(326): CodeIgniter\Database\BaseBuilder->insert()
#5 C:\xampp\htdocs\projects\Petz24\admin\system\BaseModel.php(802): CodeIgniter\Model->doInsert()
#6 C:\xampp\htdocs\projects\Petz24\admin\system\Model.php(744): CodeIgniter\BaseModel->insert()
#7 C:\xampp\htdocs\projects\Petz24\admin\system\BaseModel.php(713): CodeIgniter\Model->insert()
#8 C:\xampp\htdocs\projects\Petz24\admin\app\Controllers\Workflow_Doctor.php(131): CodeIgniter\BaseModel->save()
#9 C:\xampp\htdocs\projects\Petz24\admin\system\CodeIgniter.php(941): App\Controllers\Workflow_Doctor->updateDoctor()
#10 C:\xampp\htdocs\projects\Petz24\admin\system\CodeIgniter.php(502): CodeIgniter\CodeIgniter->runController()
#11 C:\xampp\htdocs\projects\Petz24\admin\system\CodeIgniter.php(361): CodeIgniter\CodeIgniter->handleRequest()
#12 C:\xampp\htdocs\projects\Petz24\admin\index.php(79): CodeIgniter\CodeIgniter->run()
#13 {main}
CRITICAL - 2025-06-26 17:08:14 --> CodeIgniter\Database\Exceptions\DatabaseException: Duplicate entry '12' for key 'PRIMARY'
in SYSTEMPATH\Database\BaseConnection.php on line 647.
 1 SYSTEMPATH\Database\BaseBuilder.php(2307): CodeIgniter\Database\BaseConnection->query()
 2 SYSTEMPATH\Model.php(326): CodeIgniter\Database\BaseBuilder->insert()
 3 SYSTEMPATH\BaseModel.php(802): CodeIgniter\Model->doInsert()
 4 SYSTEMPATH\Model.php(744): CodeIgniter\BaseModel->insert()
 5 SYSTEMPATH\BaseModel.php(713): CodeIgniter\Model->insert()
 6 APPPATH\Controllers\Workflow_Doctor.php(131): CodeIgniter\BaseModel->save()
 7 SYSTEMPATH\CodeIgniter.php(941): App\Controllers\Workflow_Doctor->updateDoctor()
 8 SYSTEMPATH\CodeIgniter.php(502): CodeIgniter\CodeIgniter->runController()
 9 SYSTEMPATH\CodeIgniter.php(361): CodeIgniter\CodeIgniter->handleRequest()
10 FCPATH\index.php(79): CodeIgniter\CodeIgniter->run()
CRITICAL - 2025-06-26 17:08:14 --> [Caused by] CodeIgniter\Database\Exceptions\DatabaseException: Duplicate entry '12' for key 'PRIMARY'
in SYSTEMPATH\Database\MySQLi\Connection.php on line 311.
 1 SYSTEMPATH\Database\BaseConnection.php(693): CodeIgniter\Database\MySQLi\Connection->execute()
 2 SYSTEMPATH\Database\BaseConnection.php(607): CodeIgniter\Database\BaseConnection->simpleQuery()
 3 SYSTEMPATH\Database\BaseBuilder.php(2307): CodeIgniter\Database\BaseConnection->query()
 4 SYSTEMPATH\Model.php(326): CodeIgniter\Database\BaseBuilder->insert()
 5 SYSTEMPATH\BaseModel.php(802): CodeIgniter\Model->doInsert()
 6 SYSTEMPATH\Model.php(744): CodeIgniter\BaseModel->insert()
 7 SYSTEMPATH\BaseModel.php(713): CodeIgniter\Model->insert()
 8 APPPATH\Controllers\Workflow_Doctor.php(131): CodeIgniter\BaseModel->save()
 9 SYSTEMPATH\CodeIgniter.php(941): App\Controllers\Workflow_Doctor->updateDoctor()
10 SYSTEMPATH\CodeIgniter.php(502): CodeIgniter\CodeIgniter->runController()
11 SYSTEMPATH\CodeIgniter.php(361): CodeIgniter\CodeIgniter->handleRequest()
12 FCPATH\index.php(79): CodeIgniter\CodeIgniter->run()
CRITICAL - 2025-06-26 17:08:14 --> [Caused by] mysqli_sql_exception: Duplicate entry '12' for key 'PRIMARY'
in SYSTEMPATH\Database\MySQLi\Connection.php on line 306.
 1 SYSTEMPATH\Database\MySQLi\Connection.php(306): mysqli->query()
 2 SYSTEMPATH\Database\BaseConnection.php(693): CodeIgniter\Database\MySQLi\Connection->execute()
 3 SYSTEMPATH\Database\BaseConnection.php(607): CodeIgniter\Database\BaseConnection->simpleQuery()
 4 SYSTEMPATH\Database\BaseBuilder.php(2307): CodeIgniter\Database\BaseConnection->query()
 5 SYSTEMPATH\Model.php(326): CodeIgniter\Database\BaseBuilder->insert()
 6 SYSTEMPATH\BaseModel.php(802): CodeIgniter\Model->doInsert()
 7 SYSTEMPATH\Model.php(744): CodeIgniter\BaseModel->insert()
 8 SYSTEMPATH\BaseModel.php(713): CodeIgniter\Model->insert()
 9 APPPATH\Controllers\Workflow_Doctor.php(131): CodeIgniter\BaseModel->save()
10 SYSTEMPATH\CodeIgniter.php(941): App\Controllers\Workflow_Doctor->updateDoctor()
11 SYSTEMPATH\CodeIgniter.php(502): CodeIgniter\CodeIgniter->runController()
12 SYSTEMPATH\CodeIgniter.php(361): CodeIgniter\CodeIgniter->handleRequest()
13 FCPATH\index.php(79): CodeIgniter\CodeIgniter->run()
ERROR - 2025-06-26 17:08:14 --> mysqli_sql_exception: Duplicate entry '12' for key 'PRIMARY' in C:\xampp\htdocs\projects\Petz24\admin\system\Database\MySQLi\Connection.php:306
Stack trace:
#0 C:\xampp\htdocs\projects\Petz24\admin\system\Database\MySQLi\Connection.php(306): mysqli->query()
#1 C:\xampp\htdocs\projects\Petz24\admin\system\Database\BaseConnection.php(693): CodeIgniter\Database\MySQLi\Connection->execute()
#2 C:\xampp\htdocs\projects\Petz24\admin\system\Database\BaseConnection.php(607): CodeIgniter\Database\BaseConnection->simpleQuery()
#3 C:\xampp\htdocs\projects\Petz24\admin\system\Database\BaseBuilder.php(2307): CodeIgniter\Database\BaseConnection->query()
#4 C:\xampp\htdocs\projects\Petz24\admin\system\Model.php(326): CodeIgniter\Database\BaseBuilder->insert()
#5 C:\xampp\htdocs\projects\Petz24\admin\system\BaseModel.php(802): CodeIgniter\Model->doInsert()
#6 C:\xampp\htdocs\projects\Petz24\admin\system\Model.php(744): CodeIgniter\BaseModel->insert()
#7 C:\xampp\htdocs\projects\Petz24\admin\system\BaseModel.php(713): CodeIgniter\Model->insert()
#8 C:\xampp\htdocs\projects\Petz24\admin\app\Controllers\Workflow_Doctor.php(131): CodeIgniter\BaseModel->save()
#9 C:\xampp\htdocs\projects\Petz24\admin\system\CodeIgniter.php(941): App\Controllers\Workflow_Doctor->updateDoctor()
#10 C:\xampp\htdocs\projects\Petz24\admin\system\CodeIgniter.php(502): CodeIgniter\CodeIgniter->runController()
#11 C:\xampp\htdocs\projects\Petz24\admin\system\CodeIgniter.php(361): CodeIgniter\CodeIgniter->handleRequest()
#12 C:\xampp\htdocs\projects\Petz24\admin\index.php(79): CodeIgniter\CodeIgniter->run()
#13 {main}
CRITICAL - 2025-06-26 17:08:14 --> CodeIgniter\Database\Exceptions\DatabaseException: Duplicate entry '12' for key 'PRIMARY'
in SYSTEMPATH\Database\BaseConnection.php on line 647.
 1 SYSTEMPATH\Database\BaseBuilder.php(2307): CodeIgniter\Database\BaseConnection->query()
 2 SYSTEMPATH\Model.php(326): CodeIgniter\Database\BaseBuilder->insert()
 3 SYSTEMPATH\BaseModel.php(802): CodeIgniter\Model->doInsert()
 4 SYSTEMPATH\Model.php(744): CodeIgniter\BaseModel->insert()
 5 SYSTEMPATH\BaseModel.php(713): CodeIgniter\Model->insert()
 6 APPPATH\Controllers\Workflow_Doctor.php(131): CodeIgniter\BaseModel->save()
 7 SYSTEMPATH\CodeIgniter.php(941): App\Controllers\Workflow_Doctor->updateDoctor()
 8 SYSTEMPATH\CodeIgniter.php(502): CodeIgniter\CodeIgniter->runController()
 9 SYSTEMPATH\CodeIgniter.php(361): CodeIgniter\CodeIgniter->handleRequest()
10 FCPATH\index.php(79): CodeIgniter\CodeIgniter->run()
CRITICAL - 2025-06-26 17:08:14 --> [Caused by] CodeIgniter\Database\Exceptions\DatabaseException: Duplicate entry '12' for key 'PRIMARY'
in SYSTEMPATH\Database\MySQLi\Connection.php on line 311.
 1 SYSTEMPATH\Database\BaseConnection.php(693): CodeIgniter\Database\MySQLi\Connection->execute()
 2 SYSTEMPATH\Database\BaseConnection.php(607): CodeIgniter\Database\BaseConnection->simpleQuery()
 3 SYSTEMPATH\Database\BaseBuilder.php(2307): CodeIgniter\Database\BaseConnection->query()
 4 SYSTEMPATH\Model.php(326): CodeIgniter\Database\BaseBuilder->insert()
 5 SYSTEMPATH\BaseModel.php(802): CodeIgniter\Model->doInsert()
 6 SYSTEMPATH\Model.php(744): CodeIgniter\BaseModel->insert()
 7 SYSTEMPATH\BaseModel.php(713): CodeIgniter\Model->insert()
 8 APPPATH\Controllers\Workflow_Doctor.php(131): CodeIgniter\BaseModel->save()
 9 SYSTEMPATH\CodeIgniter.php(941): App\Controllers\Workflow_Doctor->updateDoctor()
10 SYSTEMPATH\CodeIgniter.php(502): CodeIgniter\CodeIgniter->runController()
11 SYSTEMPATH\CodeIgniter.php(361): CodeIgniter\CodeIgniter->handleRequest()
12 FCPATH\index.php(79): CodeIgniter\CodeIgniter->run()
CRITICAL - 2025-06-26 17:08:14 --> [Caused by] mysqli_sql_exception: Duplicate entry '12' for key 'PRIMARY'
in SYSTEMPATH\Database\MySQLi\Connection.php on line 306.
 1 SYSTEMPATH\Database\MySQLi\Connection.php(306): mysqli->query()
 2 SYSTEMPATH\Database\BaseConnection.php(693): CodeIgniter\Database\MySQLi\Connection->execute()
 3 SYSTEMPATH\Database\BaseConnection.php(607): CodeIgniter\Database\BaseConnection->simpleQuery()
 4 SYSTEMPATH\Database\BaseBuilder.php(2307): CodeIgniter\Database\BaseConnection->query()
 5 SYSTEMPATH\Model.php(326): CodeIgniter\Database\BaseBuilder->insert()
 6 SYSTEMPATH\BaseModel.php(802): CodeIgniter\Model->doInsert()
 7 SYSTEMPATH\Model.php(744): CodeIgniter\BaseModel->insert()
 8 SYSTEMPATH\BaseModel.php(713): CodeIgniter\Model->insert()
 9 APPPATH\Controllers\Workflow_Doctor.php(131): CodeIgniter\BaseModel->save()
10 SYSTEMPATH\CodeIgniter.php(941): App\Controllers\Workflow_Doctor->updateDoctor()
11 SYSTEMPATH\CodeIgniter.php(502): CodeIgniter\CodeIgniter->runController()
12 SYSTEMPATH\CodeIgniter.php(361): CodeIgniter\CodeIgniter->handleRequest()
13 FCPATH\index.php(79): CodeIgniter\CodeIgniter->run()
ERROR - 2025-06-26 17:08:14 --> mysqli_sql_exception: Duplicate entry '12' for key 'PRIMARY' in C:\xampp\htdocs\projects\Petz24\admin\system\Database\MySQLi\Connection.php:306
Stack trace:
#0 C:\xampp\htdocs\projects\Petz24\admin\system\Database\MySQLi\Connection.php(306): mysqli->query()
#1 C:\xampp\htdocs\projects\Petz24\admin\system\Database\BaseConnection.php(693): CodeIgniter\Database\MySQLi\Connection->execute()
#2 C:\xampp\htdocs\projects\Petz24\admin\system\Database\BaseConnection.php(607): CodeIgniter\Database\BaseConnection->simpleQuery()
#3 C:\xampp\htdocs\projects\Petz24\admin\system\Database\BaseBuilder.php(2307): CodeIgniter\Database\BaseConnection->query()
#4 C:\xampp\htdocs\projects\Petz24\admin\system\Model.php(326): CodeIgniter\Database\BaseBuilder->insert()
#5 C:\xampp\htdocs\projects\Petz24\admin\system\BaseModel.php(802): CodeIgniter\Model->doInsert()
#6 C:\xampp\htdocs\projects\Petz24\admin\system\Model.php(744): CodeIgniter\BaseModel->insert()
#7 C:\xampp\htdocs\projects\Petz24\admin\system\BaseModel.php(713): CodeIgniter\Model->insert()
#8 C:\xampp\htdocs\projects\Petz24\admin\app\Controllers\Workflow_Doctor.php(131): CodeIgniter\BaseModel->save()
#9 C:\xampp\htdocs\projects\Petz24\admin\system\CodeIgniter.php(941): App\Controllers\Workflow_Doctor->updateDoctor()
#10 C:\xampp\htdocs\projects\Petz24\admin\system\CodeIgniter.php(502): CodeIgniter\CodeIgniter->runController()
#11 C:\xampp\htdocs\projects\Petz24\admin\system\CodeIgniter.php(361): CodeIgniter\CodeIgniter->handleRequest()
#12 C:\xampp\htdocs\projects\Petz24\admin\index.php(79): CodeIgniter\CodeIgniter->run()
#13 {main}
CRITICAL - 2025-06-26 17:08:14 --> CodeIgniter\Database\Exceptions\DatabaseException: Duplicate entry '12' for key 'PRIMARY'
in SYSTEMPATH\Database\BaseConnection.php on line 647.
 1 SYSTEMPATH\Database\BaseBuilder.php(2307): CodeIgniter\Database\BaseConnection->query()
 2 SYSTEMPATH\Model.php(326): CodeIgniter\Database\BaseBuilder->insert()
 3 SYSTEMPATH\BaseModel.php(802): CodeIgniter\Model->doInsert()
 4 SYSTEMPATH\Model.php(744): CodeIgniter\BaseModel->insert()
 5 SYSTEMPATH\BaseModel.php(713): CodeIgniter\Model->insert()
 6 APPPATH\Controllers\Workflow_Doctor.php(131): CodeIgniter\BaseModel->save()
 7 SYSTEMPATH\CodeIgniter.php(941): App\Controllers\Workflow_Doctor->updateDoctor()
 8 SYSTEMPATH\CodeIgniter.php(502): CodeIgniter\CodeIgniter->runController()
 9 SYSTEMPATH\CodeIgniter.php(361): CodeIgniter\CodeIgniter->handleRequest()
10 FCPATH\index.php(79): CodeIgniter\CodeIgniter->run()
CRITICAL - 2025-06-26 17:08:14 --> [Caused by] CodeIgniter\Database\Exceptions\DatabaseException: Duplicate entry '12' for key 'PRIMARY'
in SYSTEMPATH\Database\MySQLi\Connection.php on line 311.
 1 SYSTEMPATH\Database\BaseConnection.php(693): CodeIgniter\Database\MySQLi\Connection->execute()
 2 SYSTEMPATH\Database\BaseConnection.php(607): CodeIgniter\Database\BaseConnection->simpleQuery()
 3 SYSTEMPATH\Database\BaseBuilder.php(2307): CodeIgniter\Database\BaseConnection->query()
 4 SYSTEMPATH\Model.php(326): CodeIgniter\Database\BaseBuilder->insert()
 5 SYSTEMPATH\BaseModel.php(802): CodeIgniter\Model->doInsert()
 6 SYSTEMPATH\Model.php(744): CodeIgniter\BaseModel->insert()
 7 SYSTEMPATH\BaseModel.php(713): CodeIgniter\Model->insert()
 8 APPPATH\Controllers\Workflow_Doctor.php(131): CodeIgniter\BaseModel->save()
 9 SYSTEMPATH\CodeIgniter.php(941): App\Controllers\Workflow_Doctor->updateDoctor()
10 SYSTEMPATH\CodeIgniter.php(502): CodeIgniter\CodeIgniter->runController()
11 SYSTEMPATH\CodeIgniter.php(361): CodeIgniter\CodeIgniter->handleRequest()
12 FCPATH\index.php(79): CodeIgniter\CodeIgniter->run()
CRITICAL - 2025-06-26 17:08:14 --> [Caused by] mysqli_sql_exception: Duplicate entry '12' for key 'PRIMARY'
in SYSTEMPATH\Database\MySQLi\Connection.php on line 306.
 1 SYSTEMPATH\Database\MySQLi\Connection.php(306): mysqli->query()
 2 SYSTEMPATH\Database\BaseConnection.php(693): CodeIgniter\Database\MySQLi\Connection->execute()
 3 SYSTEMPATH\Database\BaseConnection.php(607): CodeIgniter\Database\BaseConnection->simpleQuery()
 4 SYSTEMPATH\Database\BaseBuilder.php(2307): CodeIgniter\Database\BaseConnection->query()
 5 SYSTEMPATH\Model.php(326): CodeIgniter\Database\BaseBuilder->insert()
 6 SYSTEMPATH\BaseModel.php(802): CodeIgniter\Model->doInsert()
 7 SYSTEMPATH\Model.php(744): CodeIgniter\BaseModel->insert()
 8 SYSTEMPATH\BaseModel.php(713): CodeIgniter\Model->insert()
 9 APPPATH\Controllers\Workflow_Doctor.php(131): CodeIgniter\BaseModel->save()
10 SYSTEMPATH\CodeIgniter.php(941): App\Controllers\Workflow_Doctor->updateDoctor()
11 SYSTEMPATH\CodeIgniter.php(502): CodeIgniter\CodeIgniter->runController()
12 SYSTEMPATH\CodeIgniter.php(361): CodeIgniter\CodeIgniter->handleRequest()
13 FCPATH\index.php(79): CodeIgniter\CodeIgniter->run()
