ERROR - 2024-10-15 11:28:43 --> mysqli_sql_exception: Unknown column 'age_year' in 'field list' in C:\xampp\htdocs\projects\petz24\system\Database\MySQLi\Connection.php:306
Stack trace:
#0 C:\xampp\htdocs\projects\petz24\system\Database\MySQLi\Connection.php(306): mysqli->query('INSERT INTO `us...', 0)
#1 C:\xampp\htdocs\projects\petz24\system\Database\BaseConnection.php(693): CodeIgniter\Database\MySQLi\Connection->execute('INSERT INTO `us...')
#2 C:\xampp\htdocs\projects\petz24\system\Database\BaseConnection.php(607): CodeIgniter\Database\BaseConnection->simpleQuery('INSERT INTO `us...')
#3 C:\xampp\htdocs\projects\petz24\app\Controllers\BookingController.php(44): CodeIgniter\Database\BaseConnection->query('INSERT INTO `us...', Array)
#4 C:\xampp\htdocs\projects\petz24\system\CodeIgniter.php(941): App\Controllers\BookingController->addUserPet()
#5 C:\xampp\htdocs\projects\petz24\system\CodeIgniter.php(502): CodeIgniter\CodeIgniter->runController(Object(App\Controllers\BookingController))
#6 C:\xampp\htdocs\projects\petz24\system\CodeIgniter.php(361): CodeIgniter\CodeIgniter->handleRequest(NULL, Object(Config\Cache), false)
#7 C:\xampp\htdocs\projects\petz24\index.php(79): CodeIgniter\CodeIgniter->run()
#8 {main}
CRITICAL - 2024-10-15 11:28:44 --> CodeIgniter\Database\Exceptions\DatabaseException: Unknown column 'age_year' in 'field list'
in SYSTEMPATH\Database\BaseConnection.php on line 647.
 1 APPPATH\Controllers\BookingController.php(44): CodeIgniter\Database\BaseConnection->query('INSERT INTO `user_pet_tbl` (`user_id`, `pet_id`, `breed_id`, `gender`, `date_of_birth`, `name`, `age_year`, `age_month`) 
                VALUES (?, ?, ?, ?, ?, ?, ?, ?)', [...])
 2 SYSTEMPATH\CodeIgniter.php(941): App\Controllers\BookingController->addUserPet()
 3 SYSTEMPATH\CodeIgniter.php(502): CodeIgniter\CodeIgniter->runController(Object(App\Controllers\BookingController))
 4 SYSTEMPATH\CodeIgniter.php(361): CodeIgniter\CodeIgniter->handleRequest(null, Object(Config\Cache), false)
 5 FCPATH\index.php(79): CodeIgniter\CodeIgniter->run()
CRITICAL - 2024-10-15 11:28:44 --> [Caused by] CodeIgniter\Database\Exceptions\DatabaseException: Unknown column 'age_year' in 'field list'
in SYSTEMPATH\Database\MySQLi\Connection.php on line 311.
 1 SYSTEMPATH\Database\BaseConnection.php(693): CodeIgniter\Database\MySQLi\Connection->execute('INSERT INTO `user_pet_tbl` (`user_id`, `pet_id`, `breed_id`, `gender`, `date_of_birth`, `name`, `age_year`, `age_month`) 
                VALUES (\'undefined\', \'1\', \'2\', \'male\', \'2024-10-09\', \'Kaja\', \'1\', \'10\')')
 2 SYSTEMPATH\Database\BaseConnection.php(607): CodeIgniter\Database\BaseConnection->simpleQuery('INSERT INTO `user_pet_tbl` (`user_id`, `pet_id`, `breed_id`, `gender`, `date_of_birth`, `name`, `age_year`, `age_month`) 
                VALUES (\'undefined\', \'1\', \'2\', \'male\', \'2024-10-09\', \'Kaja\', \'1\', \'10\')')
 3 APPPATH\Controllers\BookingController.php(44): CodeIgniter\Database\BaseConnection->query('INSERT INTO `user_pet_tbl` (`user_id`, `pet_id`, `breed_id`, `gender`, `date_of_birth`, `name`, `age_year`, `age_month`) 
                VALUES (?, ?, ?, ?, ?, ?, ?, ?)', [...])
 4 SYSTEMPATH\CodeIgniter.php(941): App\Controllers\BookingController->addUserPet()
 5 SYSTEMPATH\CodeIgniter.php(502): CodeIgniter\CodeIgniter->runController(Object(App\Controllers\BookingController))
 6 SYSTEMPATH\CodeIgniter.php(361): CodeIgniter\CodeIgniter->handleRequest(null, Object(Config\Cache), false)
 7 FCPATH\index.php(79): CodeIgniter\CodeIgniter->run()
CRITICAL - 2024-10-15 11:28:44 --> [Caused by] mysqli_sql_exception: Unknown column 'age_year' in 'field list'
in SYSTEMPATH\Database\MySQLi\Connection.php on line 306.
 1 SYSTEMPATH\Database\MySQLi\Connection.php(306): mysqli->query('INSERT INTO `user_pet_tbl` (`user_id`, `pet_id`, `breed_id`, `gender`, `date_of_birth`, `name`, `age_year`, `age_month`) 
                VALUES (\'undefined\', \'1\', \'2\', \'male\', \'2024-10-09\', \'Kaja\', \'1\', \'10\')', 0)
 2 SYSTEMPATH\Database\BaseConnection.php(693): CodeIgniter\Database\MySQLi\Connection->execute('INSERT INTO `user_pet_tbl` (`user_id`, `pet_id`, `breed_id`, `gender`, `date_of_birth`, `name`, `age_year`, `age_month`) 
                VALUES (\'undefined\', \'1\', \'2\', \'male\', \'2024-10-09\', \'Kaja\', \'1\', \'10\')')
 3 SYSTEMPATH\Database\BaseConnection.php(607): CodeIgniter\Database\BaseConnection->simpleQuery('INSERT INTO `user_pet_tbl` (`user_id`, `pet_id`, `breed_id`, `gender`, `date_of_birth`, `name`, `age_year`, `age_month`) 
                VALUES (\'undefined\', \'1\', \'2\', \'male\', \'2024-10-09\', \'Kaja\', \'1\', \'10\')')
 4 APPPATH\Controllers\BookingController.php(44): CodeIgniter\Database\BaseConnection->query('INSERT INTO `user_pet_tbl` (`user_id`, `pet_id`, `breed_id`, `gender`, `date_of_birth`, `name`, `age_year`, `age_month`) 
                VALUES (?, ?, ?, ?, ?, ?, ?, ?)', [...])
 5 SYSTEMPATH\CodeIgniter.php(941): App\Controllers\BookingController->addUserPet()
 6 SYSTEMPATH\CodeIgniter.php(502): CodeIgniter\CodeIgniter->runController(Object(App\Controllers\BookingController))
 7 SYSTEMPATH\CodeIgniter.php(361): CodeIgniter\CodeIgniter->handleRequest(null, Object(Config\Cache), false)
 8 FCPATH\index.php(79): CodeIgniter\CodeIgniter->run()
ERROR - 2024-10-15 11:28:53 --> mysqli_sql_exception: Unknown column 'age_year' in 'field list' in C:\xampp\htdocs\projects\petz24\system\Database\MySQLi\Connection.php:306
Stack trace:
#0 C:\xampp\htdocs\projects\petz24\system\Database\MySQLi\Connection.php(306): mysqli->query('INSERT INTO `us...', 0)
#1 C:\xampp\htdocs\projects\petz24\system\Database\BaseConnection.php(693): CodeIgniter\Database\MySQLi\Connection->execute('INSERT INTO `us...')
#2 C:\xampp\htdocs\projects\petz24\system\Database\BaseConnection.php(607): CodeIgniter\Database\BaseConnection->simpleQuery('INSERT INTO `us...')
#3 C:\xampp\htdocs\projects\petz24\app\Controllers\BookingController.php(44): CodeIgniter\Database\BaseConnection->query('INSERT INTO `us...', Array)
#4 C:\xampp\htdocs\projects\petz24\system\CodeIgniter.php(941): App\Controllers\BookingController->addUserPet()
#5 C:\xampp\htdocs\projects\petz24\system\CodeIgniter.php(502): CodeIgniter\CodeIgniter->runController(Object(App\Controllers\BookingController))
#6 C:\xampp\htdocs\projects\petz24\system\CodeIgniter.php(361): CodeIgniter\CodeIgniter->handleRequest(NULL, Object(Config\Cache), false)
#7 C:\xampp\htdocs\projects\petz24\index.php(79): CodeIgniter\CodeIgniter->run()
#8 {main}
CRITICAL - 2024-10-15 11:28:53 --> CodeIgniter\Database\Exceptions\DatabaseException: Unknown column 'age_year' in 'field list'
in SYSTEMPATH\Database\BaseConnection.php on line 647.
 1 APPPATH\Controllers\BookingController.php(44): CodeIgniter\Database\BaseConnection->query('INSERT INTO `user_pet_tbl` (`user_id`, `pet_id`, `breed_id`, `gender`, `date_of_birth`, `name`, `age_year`, `age_month`) 
                VALUES (?, ?, ?, ?, ?, ?, ?, ?)', [...])
 2 SYSTEMPATH\CodeIgniter.php(941): App\Controllers\BookingController->addUserPet()
 3 SYSTEMPATH\CodeIgniter.php(502): CodeIgniter\CodeIgniter->runController(Object(App\Controllers\BookingController))
 4 SYSTEMPATH\CodeIgniter.php(361): CodeIgniter\CodeIgniter->handleRequest(null, Object(Config\Cache), false)
 5 FCPATH\index.php(79): CodeIgniter\CodeIgniter->run()
CRITICAL - 2024-10-15 11:28:53 --> [Caused by] CodeIgniter\Database\Exceptions\DatabaseException: Unknown column 'age_year' in 'field list'
in SYSTEMPATH\Database\MySQLi\Connection.php on line 311.
 1 SYSTEMPATH\Database\BaseConnection.php(693): CodeIgniter\Database\MySQLi\Connection->execute('INSERT INTO `user_pet_tbl` (`user_id`, `pet_id`, `breed_id`, `gender`, `date_of_birth`, `name`, `age_year`, `age_month`) 
                VALUES (\'undefined\', \'1\', \'2\', \'male\', \'2024-10-09\', \'Kaja\', \'1\', \'10\')')
 2 SYSTEMPATH\Database\BaseConnection.php(607): CodeIgniter\Database\BaseConnection->simpleQuery('INSERT INTO `user_pet_tbl` (`user_id`, `pet_id`, `breed_id`, `gender`, `date_of_birth`, `name`, `age_year`, `age_month`) 
                VALUES (\'undefined\', \'1\', \'2\', \'male\', \'2024-10-09\', \'Kaja\', \'1\', \'10\')')
 3 APPPATH\Controllers\BookingController.php(44): CodeIgniter\Database\BaseConnection->query('INSERT INTO `user_pet_tbl` (`user_id`, `pet_id`, `breed_id`, `gender`, `date_of_birth`, `name`, `age_year`, `age_month`) 
                VALUES (?, ?, ?, ?, ?, ?, ?, ?)', [...])
 4 SYSTEMPATH\CodeIgniter.php(941): App\Controllers\BookingController->addUserPet()
 5 SYSTEMPATH\CodeIgniter.php(502): CodeIgniter\CodeIgniter->runController(Object(App\Controllers\BookingController))
 6 SYSTEMPATH\CodeIgniter.php(361): CodeIgniter\CodeIgniter->handleRequest(null, Object(Config\Cache), false)
 7 FCPATH\index.php(79): CodeIgniter\CodeIgniter->run()
CRITICAL - 2024-10-15 11:28:53 --> [Caused by] mysqli_sql_exception: Unknown column 'age_year' in 'field list'
in SYSTEMPATH\Database\MySQLi\Connection.php on line 306.
 1 SYSTEMPATH\Database\MySQLi\Connection.php(306): mysqli->query('INSERT INTO `user_pet_tbl` (`user_id`, `pet_id`, `breed_id`, `gender`, `date_of_birth`, `name`, `age_year`, `age_month`) 
                VALUES (\'undefined\', \'1\', \'2\', \'male\', \'2024-10-09\', \'Kaja\', \'1\', \'10\')', 0)
 2 SYSTEMPATH\Database\BaseConnection.php(693): CodeIgniter\Database\MySQLi\Connection->execute('INSERT INTO `user_pet_tbl` (`user_id`, `pet_id`, `breed_id`, `gender`, `date_of_birth`, `name`, `age_year`, `age_month`) 
                VALUES (\'undefined\', \'1\', \'2\', \'male\', \'2024-10-09\', \'Kaja\', \'1\', \'10\')')
 3 SYSTEMPATH\Database\BaseConnection.php(607): CodeIgniter\Database\BaseConnection->simpleQuery('INSERT INTO `user_pet_tbl` (`user_id`, `pet_id`, `breed_id`, `gender`, `date_of_birth`, `name`, `age_year`, `age_month`) 
                VALUES (\'undefined\', \'1\', \'2\', \'male\', \'2024-10-09\', \'Kaja\', \'1\', \'10\')')
 4 APPPATH\Controllers\BookingController.php(44): CodeIgniter\Database\BaseConnection->query('INSERT INTO `user_pet_tbl` (`user_id`, `pet_id`, `breed_id`, `gender`, `date_of_birth`, `name`, `age_year`, `age_month`) 
                VALUES (?, ?, ?, ?, ?, ?, ?, ?)', [...])
 5 SYSTEMPATH\CodeIgniter.php(941): App\Controllers\BookingController->addUserPet()
 6 SYSTEMPATH\CodeIgniter.php(502): CodeIgniter\CodeIgniter->runController(Object(App\Controllers\BookingController))
 7 SYSTEMPATH\CodeIgniter.php(361): CodeIgniter\CodeIgniter->handleRequest(null, Object(Config\Cache), false)
 8 FCPATH\index.php(79): CodeIgniter\CodeIgniter->run()
ERROR - 2024-10-15 11:29:08 --> mysqli_sql_exception: Unknown column 'age_year' in 'field list' in C:\xampp\htdocs\projects\petz24\system\Database\MySQLi\Connection.php:306
Stack trace:
#0 C:\xampp\htdocs\projects\petz24\system\Database\MySQLi\Connection.php(306): mysqli->query('INSERT INTO `us...', 0)
#1 C:\xampp\htdocs\projects\petz24\system\Database\BaseConnection.php(693): CodeIgniter\Database\MySQLi\Connection->execute('INSERT INTO `us...')
#2 C:\xampp\htdocs\projects\petz24\system\Database\BaseConnection.php(607): CodeIgniter\Database\BaseConnection->simpleQuery('INSERT INTO `us...')
#3 C:\xampp\htdocs\projects\petz24\app\Controllers\BookingController.php(44): CodeIgniter\Database\BaseConnection->query('INSERT INTO `us...', Array)
#4 C:\xampp\htdocs\projects\petz24\system\CodeIgniter.php(941): App\Controllers\BookingController->addUserPet()
#5 C:\xampp\htdocs\projects\petz24\system\CodeIgniter.php(502): CodeIgniter\CodeIgniter->runController(Object(App\Controllers\BookingController))
#6 C:\xampp\htdocs\projects\petz24\system\CodeIgniter.php(361): CodeIgniter\CodeIgniter->handleRequest(NULL, Object(Config\Cache), false)
#7 C:\xampp\htdocs\projects\petz24\index.php(79): CodeIgniter\CodeIgniter->run()
#8 {main}
CRITICAL - 2024-10-15 11:29:08 --> CodeIgniter\Database\Exceptions\DatabaseException: Unknown column 'age_year' in 'field list'
in SYSTEMPATH\Database\BaseConnection.php on line 647.
 1 APPPATH\Controllers\BookingController.php(44): CodeIgniter\Database\BaseConnection->query('INSERT INTO `user_pet_tbl` (`user_id`, `pet_id`, `breed_id`, `gender`, `date_of_birth`, `name`, `age_year`, `age_month`) 
                VALUES (?, ?, ?, ?, ?, ?, ?, ?)', [...])
 2 SYSTEMPATH\CodeIgniter.php(941): App\Controllers\BookingController->addUserPet()
 3 SYSTEMPATH\CodeIgniter.php(502): CodeIgniter\CodeIgniter->runController(Object(App\Controllers\BookingController))
 4 SYSTEMPATH\CodeIgniter.php(361): CodeIgniter\CodeIgniter->handleRequest(null, Object(Config\Cache), false)
 5 FCPATH\index.php(79): CodeIgniter\CodeIgniter->run()
CRITICAL - 2024-10-15 11:29:08 --> [Caused by] CodeIgniter\Database\Exceptions\DatabaseException: Unknown column 'age_year' in 'field list'
in SYSTEMPATH\Database\MySQLi\Connection.php on line 311.
 1 SYSTEMPATH\Database\BaseConnection.php(693): CodeIgniter\Database\MySQLi\Connection->execute('INSERT INTO `user_pet_tbl` (`user_id`, `pet_id`, `breed_id`, `gender`, `date_of_birth`, `name`, `age_year`, `age_month`) 
                VALUES (\'undefined\', \'1\', \'2\', \'male\', \'2024-10-09\', \'Kaja\', \'1\', \'10\')')
 2 SYSTEMPATH\Database\BaseConnection.php(607): CodeIgniter\Database\BaseConnection->simpleQuery('INSERT INTO `user_pet_tbl` (`user_id`, `pet_id`, `breed_id`, `gender`, `date_of_birth`, `name`, `age_year`, `age_month`) 
                VALUES (\'undefined\', \'1\', \'2\', \'male\', \'2024-10-09\', \'Kaja\', \'1\', \'10\')')
 3 APPPATH\Controllers\BookingController.php(44): CodeIgniter\Database\BaseConnection->query('INSERT INTO `user_pet_tbl` (`user_id`, `pet_id`, `breed_id`, `gender`, `date_of_birth`, `name`, `age_year`, `age_month`) 
                VALUES (?, ?, ?, ?, ?, ?, ?, ?)', [...])
 4 SYSTEMPATH\CodeIgniter.php(941): App\Controllers\BookingController->addUserPet()
 5 SYSTEMPATH\CodeIgniter.php(502): CodeIgniter\CodeIgniter->runController(Object(App\Controllers\BookingController))
 6 SYSTEMPATH\CodeIgniter.php(361): CodeIgniter\CodeIgniter->handleRequest(null, Object(Config\Cache), false)
 7 FCPATH\index.php(79): CodeIgniter\CodeIgniter->run()
CRITICAL - 2024-10-15 11:29:08 --> [Caused by] mysqli_sql_exception: Unknown column 'age_year' in 'field list'
in SYSTEMPATH\Database\MySQLi\Connection.php on line 306.
 1 SYSTEMPATH\Database\MySQLi\Connection.php(306): mysqli->query('INSERT INTO `user_pet_tbl` (`user_id`, `pet_id`, `breed_id`, `gender`, `date_of_birth`, `name`, `age_year`, `age_month`) 
                VALUES (\'undefined\', \'1\', \'2\', \'male\', \'2024-10-09\', \'Kaja\', \'1\', \'10\')', 0)
 2 SYSTEMPATH\Database\BaseConnection.php(693): CodeIgniter\Database\MySQLi\Connection->execute('INSERT INTO `user_pet_tbl` (`user_id`, `pet_id`, `breed_id`, `gender`, `date_of_birth`, `name`, `age_year`, `age_month`) 
                VALUES (\'undefined\', \'1\', \'2\', \'male\', \'2024-10-09\', \'Kaja\', \'1\', \'10\')')
 3 SYSTEMPATH\Database\BaseConnection.php(607): CodeIgniter\Database\BaseConnection->simpleQuery('INSERT INTO `user_pet_tbl` (`user_id`, `pet_id`, `breed_id`, `gender`, `date_of_birth`, `name`, `age_year`, `age_month`) 
                VALUES (\'undefined\', \'1\', \'2\', \'male\', \'2024-10-09\', \'Kaja\', \'1\', \'10\')')
 4 APPPATH\Controllers\BookingController.php(44): CodeIgniter\Database\BaseConnection->query('INSERT INTO `user_pet_tbl` (`user_id`, `pet_id`, `breed_id`, `gender`, `date_of_birth`, `name`, `age_year`, `age_month`) 
                VALUES (?, ?, ?, ?, ?, ?, ?, ?)', [...])
 5 SYSTEMPATH\CodeIgniter.php(941): App\Controllers\BookingController->addUserPet()
 6 SYSTEMPATH\CodeIgniter.php(502): CodeIgniter\CodeIgniter->runController(Object(App\Controllers\BookingController))
 7 SYSTEMPATH\CodeIgniter.php(361): CodeIgniter\CodeIgniter->handleRequest(null, Object(Config\Cache), false)
 8 FCPATH\index.php(79): CodeIgniter\CodeIgniter->run()
