ERROR - 2024-11-05 11:47:40 --> mysqli_sql_exception: Unknown column 'user_pet_id' in 'field list' in C:\xampp\htdocs\projects\petz24\system\Database\MySQLi\Connection.php:306
Stack trace:
#0 C:\xampp\htdocs\projects\petz24\system\Database\MySQLi\Connection.php(306): mysqli->query('INSERT INTO `us...', 0)
#1 C:\xampp\htdocs\projects\petz24\system\Database\BaseConnection.php(693): CodeIgniter\Database\MySQLi\Connection->execute('INSERT INTO `us...')
#2 C:\xampp\htdocs\projects\petz24\system\Database\BaseConnection.php(607): CodeIgniter\Database\BaseConnection->simpleQuery('INSERT INTO `us...')
#3 C:\xampp\htdocs\projects\petz24\app\Controllers\BookingController.php(98): CodeIgniter\Database\BaseConnection->query('INSERT INTO `us...', Array)
#4 C:\xampp\htdocs\projects\petz24\system\CodeIgniter.php(941): App\Controllers\BookingController->addBooking()
#5 C:\xampp\htdocs\projects\petz24\system\CodeIgniter.php(502): CodeIgniter\CodeIgniter->runController(Object(App\Controllers\BookingController))
#6 C:\xampp\htdocs\projects\petz24\system\CodeIgniter.php(361): CodeIgniter\CodeIgniter->handleRequest(NULL, Object(Config\Cache), false)
#7 C:\xampp\htdocs\projects\petz24\index.php(79): CodeIgniter\CodeIgniter->run()
#8 {main}
CRITICAL - 2024-11-05 11:47:40 --> CodeIgniter\Database\Exceptions\DatabaseException: Unknown column 'user_pet_id' in 'field list'
in SYSTEMPATH\Database\BaseConnection.php on line 647.
 1 APPPATH\Controllers\BookingController.php(98): CodeIgniter\Database\BaseConnection->query('INSERT INTO `user_address_tbl` (`user_id`, `user_pet_id`, `plan_id`, `booking_date`, `slot_id`, `address_id`, `booking_json`) 
                VALUES (?, ?, ?, ?, ?, ?, ?)', [...])
 2 SYSTEMPATH\CodeIgniter.php(941): App\Controllers\BookingController->addBooking()
 3 SYSTEMPATH\CodeIgniter.php(502): CodeIgniter\CodeIgniter->runController(Object(App\Controllers\BookingController))
 4 SYSTEMPATH\CodeIgniter.php(361): CodeIgniter\CodeIgniter->handleRequest(null, Object(Config\Cache), false)
 5 FCPATH\index.php(79): CodeIgniter\CodeIgniter->run()
CRITICAL - 2024-11-05 11:47:40 --> [Caused by] CodeIgniter\Database\Exceptions\DatabaseException: Unknown column 'user_pet_id' in 'field list'
in SYSTEMPATH\Database\MySQLi\Connection.php on line 311.
 1 SYSTEMPATH\Database\BaseConnection.php(693): CodeIgniter\Database\MySQLi\Connection->execute('INSERT INTO `user_address_tbl` (`user_id`, `user_pet_id`, `plan_id`, `booking_date`, `slot_id`, `address_id`, `booking_json`) 
                VALUES (\'14\', \'1\', \'1\', \'2024-11-05\', \'5\', \'2\', \'{\\"user_pet_name\\":\\"Kaja dog\\",\\"user_pet_id\\":\\"1\\",\\"pet_id\\":\\"1\\",\\"plan_id\\":\\"1\\",\\"plan_info\\":{\\"plan_id\\":\\"1\\",\\"pet_id\\":\\"1\\",\\"plan_name\\":\\"Basic Grooming\\",\\"plan_price\\":\\"2049.00\\",\\"duration\\":\\"75 Mins\\",\\"plan_img\\":\\"uploads\\\\/pet\\\\/1729068173_9b635871766923b230a5.png\\",\\"flag\\":\\"1\\",\\"services\\":[{\\"service_name\\":\\"Cleaning Package\\",\\"service_details\\":\\"Cleaning Package includes Nail Trimming, Ear Cleaning\\"},{\\"service_name\\":\\"Bath and Blow Dry\\",\\"service_details\\":\\"Bath\\\\r\\\\nShampoo & Conditioner\\\\r\\\\nBlow Dry\\"}]},\\"booking_date\\":\\"Tue Nov 05 2024 00:00:00 GMT+0530 (India Standard Time)\\",\\"slot_id\\":\\"5\\",\\"slot_info\\":\\"\\\\n                        05:00 PM - 07:00 PM\\\\n                    \\",\\"address_id\\":\\"2\\",\\"address_info\\":\\"2\\\\/329, powerhouse, voimedu, West side \\\\n                                Vedaranyam - 614713\\",\\"user_id\\":\\"14\\"}\')')
 2 SYSTEMPATH\Database\BaseConnection.php(607): CodeIgniter\Database\BaseConnection->simpleQuery('INSERT INTO `user_address_tbl` (`user_id`, `user_pet_id`, `plan_id`, `booking_date`, `slot_id`, `address_id`, `booking_json`) 
                VALUES (\'14\', \'1\', \'1\', \'2024-11-05\', \'5\', \'2\', \'{\\"user_pet_name\\":\\"Kaja dog\\",\\"user_pet_id\\":\\"1\\",\\"pet_id\\":\\"1\\",\\"plan_id\\":\\"1\\",\\"plan_info\\":{\\"plan_id\\":\\"1\\",\\"pet_id\\":\\"1\\",\\"plan_name\\":\\"Basic Grooming\\",\\"plan_price\\":\\"2049.00\\",\\"duration\\":\\"75 Mins\\",\\"plan_img\\":\\"uploads\\\\/pet\\\\/1729068173_9b635871766923b230a5.png\\",\\"flag\\":\\"1\\",\\"services\\":[{\\"service_name\\":\\"Cleaning Package\\",\\"service_details\\":\\"Cleaning Package includes Nail Trimming, Ear Cleaning\\"},{\\"service_name\\":\\"Bath and Blow Dry\\",\\"service_details\\":\\"Bath\\\\r\\\\nShampoo & Conditioner\\\\r\\\\nBlow Dry\\"}]},\\"booking_date\\":\\"Tue Nov 05 2024 00:00:00 GMT+0530 (India Standard Time)\\",\\"slot_id\\":\\"5\\",\\"slot_info\\":\\"\\\\n                        05:00 PM - 07:00 PM\\\\n                    \\",\\"address_id\\":\\"2\\",\\"address_info\\":\\"2\\\\/329, powerhouse, voimedu, West side \\\\n                                Vedaranyam - 614713\\",\\"user_id\\":\\"14\\"}\')')
 3 APPPATH\Controllers\BookingController.php(98): CodeIgniter\Database\BaseConnection->query('INSERT INTO `user_address_tbl` (`user_id`, `user_pet_id`, `plan_id`, `booking_date`, `slot_id`, `address_id`, `booking_json`) 
                VALUES (?, ?, ?, ?, ?, ?, ?)', [...])
 4 SYSTEMPATH\CodeIgniter.php(941): App\Controllers\BookingController->addBooking()
 5 SYSTEMPATH\CodeIgniter.php(502): CodeIgniter\CodeIgniter->runController(Object(App\Controllers\BookingController))
 6 SYSTEMPATH\CodeIgniter.php(361): CodeIgniter\CodeIgniter->handleRequest(null, Object(Config\Cache), false)
 7 FCPATH\index.php(79): CodeIgniter\CodeIgniter->run()
CRITICAL - 2024-11-05 11:47:40 --> [Caused by] mysqli_sql_exception: Unknown column 'user_pet_id' in 'field list'
in SYSTEMPATH\Database\MySQLi\Connection.php on line 306.
 1 SYSTEMPATH\Database\MySQLi\Connection.php(306): mysqli->query('INSERT INTO `user_address_tbl` (`user_id`, `user_pet_id`, `plan_id`, `booking_date`, `slot_id`, `address_id`, `booking_json`) 
                VALUES (\'14\', \'1\', \'1\', \'2024-11-05\', \'5\', \'2\', \'{\\"user_pet_name\\":\\"Kaja dog\\",\\"user_pet_id\\":\\"1\\",\\"pet_id\\":\\"1\\",\\"plan_id\\":\\"1\\",\\"plan_info\\":{\\"plan_id\\":\\"1\\",\\"pet_id\\":\\"1\\",\\"plan_name\\":\\"Basic Grooming\\",\\"plan_price\\":\\"2049.00\\",\\"duration\\":\\"75 Mins\\",\\"plan_img\\":\\"uploads\\\\/pet\\\\/1729068173_9b635871766923b230a5.png\\",\\"flag\\":\\"1\\",\\"services\\":[{\\"service_name\\":\\"Cleaning Package\\",\\"service_details\\":\\"Cleaning Package includes Nail Trimming, Ear Cleaning\\"},{\\"service_name\\":\\"Bath and Blow Dry\\",\\"service_details\\":\\"Bath\\\\r\\\\nShampoo & Conditioner\\\\r\\\\nBlow Dry\\"}]},\\"booking_date\\":\\"Tue Nov 05 2024 00:00:00 GMT+0530 (India Standard Time)\\",\\"slot_id\\":\\"5\\",\\"slot_info\\":\\"\\\\n                        05:00 PM - 07:00 PM\\\\n                    \\",\\"address_id\\":\\"2\\",\\"address_info\\":\\"2\\\\/329, powerhouse, voimedu, West side \\\\n                                Vedaranyam - 614713\\",\\"user_id\\":\\"14\\"}\')', 0)
 2 SYSTEMPATH\Database\BaseConnection.php(693): CodeIgniter\Database\MySQLi\Connection->execute('INSERT INTO `user_address_tbl` (`user_id`, `user_pet_id`, `plan_id`, `booking_date`, `slot_id`, `address_id`, `booking_json`) 
                VALUES (\'14\', \'1\', \'1\', \'2024-11-05\', \'5\', \'2\', \'{\\"user_pet_name\\":\\"Kaja dog\\",\\"user_pet_id\\":\\"1\\",\\"pet_id\\":\\"1\\",\\"plan_id\\":\\"1\\",\\"plan_info\\":{\\"plan_id\\":\\"1\\",\\"pet_id\\":\\"1\\",\\"plan_name\\":\\"Basic Grooming\\",\\"plan_price\\":\\"2049.00\\",\\"duration\\":\\"75 Mins\\",\\"plan_img\\":\\"uploads\\\\/pet\\\\/1729068173_9b635871766923b230a5.png\\",\\"flag\\":\\"1\\",\\"services\\":[{\\"service_name\\":\\"Cleaning Package\\",\\"service_details\\":\\"Cleaning Package includes Nail Trimming, Ear Cleaning\\"},{\\"service_name\\":\\"Bath and Blow Dry\\",\\"service_details\\":\\"Bath\\\\r\\\\nShampoo & Conditioner\\\\r\\\\nBlow Dry\\"}]},\\"booking_date\\":\\"Tue Nov 05 2024 00:00:00 GMT+0530 (India Standard Time)\\",\\"slot_id\\":\\"5\\",\\"slot_info\\":\\"\\\\n                        05:00 PM - 07:00 PM\\\\n                    \\",\\"address_id\\":\\"2\\",\\"address_info\\":\\"2\\\\/329, powerhouse, voimedu, West side \\\\n                                Vedaranyam - 614713\\",\\"user_id\\":\\"14\\"}\')')
 3 SYSTEMPATH\Database\BaseConnection.php(607): CodeIgniter\Database\BaseConnection->simpleQuery('INSERT INTO `user_address_tbl` (`user_id`, `user_pet_id`, `plan_id`, `booking_date`, `slot_id`, `address_id`, `booking_json`) 
                VALUES (\'14\', \'1\', \'1\', \'2024-11-05\', \'5\', \'2\', \'{\\"user_pet_name\\":\\"Kaja dog\\",\\"user_pet_id\\":\\"1\\",\\"pet_id\\":\\"1\\",\\"plan_id\\":\\"1\\",\\"plan_info\\":{\\"plan_id\\":\\"1\\",\\"pet_id\\":\\"1\\",\\"plan_name\\":\\"Basic Grooming\\",\\"plan_price\\":\\"2049.00\\",\\"duration\\":\\"75 Mins\\",\\"plan_img\\":\\"uploads\\\\/pet\\\\/1729068173_9b635871766923b230a5.png\\",\\"flag\\":\\"1\\",\\"services\\":[{\\"service_name\\":\\"Cleaning Package\\",\\"service_details\\":\\"Cleaning Package includes Nail Trimming, Ear Cleaning\\"},{\\"service_name\\":\\"Bath and Blow Dry\\",\\"service_details\\":\\"Bath\\\\r\\\\nShampoo & Conditioner\\\\r\\\\nBlow Dry\\"}]},\\"booking_date\\":\\"Tue Nov 05 2024 00:00:00 GMT+0530 (India Standard Time)\\",\\"slot_id\\":\\"5\\",\\"slot_info\\":\\"\\\\n                        05:00 PM - 07:00 PM\\\\n                    \\",\\"address_id\\":\\"2\\",\\"address_info\\":\\"2\\\\/329, powerhouse, voimedu, West side \\\\n                                Vedaranyam - 614713\\",\\"user_id\\":\\"14\\"}\')')
 4 APPPATH\Controllers\BookingController.php(98): CodeIgniter\Database\BaseConnection->query('INSERT INTO `user_address_tbl` (`user_id`, `user_pet_id`, `plan_id`, `booking_date`, `slot_id`, `address_id`, `booking_json`) 
                VALUES (?, ?, ?, ?, ?, ?, ?)', [...])
 5 SYSTEMPATH\CodeIgniter.php(941): App\Controllers\BookingController->addBooking()
 6 SYSTEMPATH\CodeIgniter.php(502): CodeIgniter\CodeIgniter->runController(Object(App\Controllers\BookingController))
 7 SYSTEMPATH\CodeIgniter.php(361): CodeIgniter\CodeIgniter->handleRequest(null, Object(Config\Cache), false)
 8 FCPATH\index.php(79): CodeIgniter\CodeIgniter->run()
ERROR - 2024-11-05 11:48:17 --> mysqli_sql_exception: Unknown column 'user_pet_id' in 'field list' in C:\xampp\htdocs\projects\petz24\system\Database\MySQLi\Connection.php:306
Stack trace:
#0 C:\xampp\htdocs\projects\petz24\system\Database\MySQLi\Connection.php(306): mysqli->query('INSERT INTO `us...', 0)
#1 C:\xampp\htdocs\projects\petz24\system\Database\BaseConnection.php(693): CodeIgniter\Database\MySQLi\Connection->execute('INSERT INTO `us...')
#2 C:\xampp\htdocs\projects\petz24\system\Database\BaseConnection.php(607): CodeIgniter\Database\BaseConnection->simpleQuery('INSERT INTO `us...')
#3 C:\xampp\htdocs\projects\petz24\app\Controllers\BookingController.php(98): CodeIgniter\Database\BaseConnection->query('INSERT INTO `us...', Array)
#4 C:\xampp\htdocs\projects\petz24\system\CodeIgniter.php(941): App\Controllers\BookingController->addBooking()
#5 C:\xampp\htdocs\projects\petz24\system\CodeIgniter.php(502): CodeIgniter\CodeIgniter->runController(Object(App\Controllers\BookingController))
#6 C:\xampp\htdocs\projects\petz24\system\CodeIgniter.php(361): CodeIgniter\CodeIgniter->handleRequest(NULL, Object(Config\Cache), false)
#7 C:\xampp\htdocs\projects\petz24\index.php(79): CodeIgniter\CodeIgniter->run()
#8 {main}
CRITICAL - 2024-11-05 11:48:17 --> CodeIgniter\Database\Exceptions\DatabaseException: Unknown column 'user_pet_id' in 'field list'
in SYSTEMPATH\Database\BaseConnection.php on line 647.
 1 APPPATH\Controllers\BookingController.php(98): CodeIgniter\Database\BaseConnection->query('INSERT INTO `user_address_tbl` (`user_id`, `user_pet_id`, `plan_id`, `booking_date`, `slot_id`, `address_id`, `booking_json`) 
                VALUES (?, ?, ?, ?, ?, ?, ?)', [...])
 2 SYSTEMPATH\CodeIgniter.php(941): App\Controllers\BookingController->addBooking()
 3 SYSTEMPATH\CodeIgniter.php(502): CodeIgniter\CodeIgniter->runController(Object(App\Controllers\BookingController))
 4 SYSTEMPATH\CodeIgniter.php(361): CodeIgniter\CodeIgniter->handleRequest(null, Object(Config\Cache), false)
 5 FCPATH\index.php(79): CodeIgniter\CodeIgniter->run()
CRITICAL - 2024-11-05 11:48:17 --> [Caused by] CodeIgniter\Database\Exceptions\DatabaseException: Unknown column 'user_pet_id' in 'field list'
in SYSTEMPATH\Database\MySQLi\Connection.php on line 311.
 1 SYSTEMPATH\Database\BaseConnection.php(693): CodeIgniter\Database\MySQLi\Connection->execute('INSERT INTO `user_address_tbl` (`user_id`, `user_pet_id`, `plan_id`, `booking_date`, `slot_id`, `address_id`, `booking_json`) 
                VALUES (\'14\', \'1\', \'1\', \'2024-11-05\', \'5\', \'2\', \'{\\"user_pet_name\\":\\"Kaja dog\\",\\"user_pet_id\\":\\"1\\",\\"pet_id\\":\\"1\\",\\"plan_id\\":\\"1\\",\\"plan_info\\":{\\"plan_id\\":\\"1\\",\\"pet_id\\":\\"1\\",\\"plan_name\\":\\"Basic Grooming\\",\\"plan_price\\":\\"2049.00\\",\\"duration\\":\\"75 Mins\\",\\"plan_img\\":\\"uploads\\\\/pet\\\\/1729068173_9b635871766923b230a5.png\\",\\"flag\\":\\"1\\",\\"services\\":[{\\"service_name\\":\\"Cleaning Package\\",\\"service_details\\":\\"Cleaning Package includes Nail Trimming, Ear Cleaning\\"},{\\"service_name\\":\\"Bath and Blow Dry\\",\\"service_details\\":\\"Bath\\\\r\\\\nShampoo & Conditioner\\\\r\\\\nBlow Dry\\"}]},\\"booking_date\\":\\"Tue Nov 05 2024 00:00:00 GMT+0530 (India Standard Time)\\",\\"slot_id\\":\\"5\\",\\"slot_info\\":\\"\\\\n                        05:00 PM - 07:00 PM\\\\n                    \\",\\"address_id\\":\\"2\\",\\"address_info\\":\\"2\\\\/329, powerhouse, voimedu, West side \\\\n                                Vedaranyam - 614713\\",\\"user_id\\":\\"14\\"}\')')
 2 SYSTEMPATH\Database\BaseConnection.php(607): CodeIgniter\Database\BaseConnection->simpleQuery('INSERT INTO `user_address_tbl` (`user_id`, `user_pet_id`, `plan_id`, `booking_date`, `slot_id`, `address_id`, `booking_json`) 
                VALUES (\'14\', \'1\', \'1\', \'2024-11-05\', \'5\', \'2\', \'{\\"user_pet_name\\":\\"Kaja dog\\",\\"user_pet_id\\":\\"1\\",\\"pet_id\\":\\"1\\",\\"plan_id\\":\\"1\\",\\"plan_info\\":{\\"plan_id\\":\\"1\\",\\"pet_id\\":\\"1\\",\\"plan_name\\":\\"Basic Grooming\\",\\"plan_price\\":\\"2049.00\\",\\"duration\\":\\"75 Mins\\",\\"plan_img\\":\\"uploads\\\\/pet\\\\/1729068173_9b635871766923b230a5.png\\",\\"flag\\":\\"1\\",\\"services\\":[{\\"service_name\\":\\"Cleaning Package\\",\\"service_details\\":\\"Cleaning Package includes Nail Trimming, Ear Cleaning\\"},{\\"service_name\\":\\"Bath and Blow Dry\\",\\"service_details\\":\\"Bath\\\\r\\\\nShampoo & Conditioner\\\\r\\\\nBlow Dry\\"}]},\\"booking_date\\":\\"Tue Nov 05 2024 00:00:00 GMT+0530 (India Standard Time)\\",\\"slot_id\\":\\"5\\",\\"slot_info\\":\\"\\\\n                        05:00 PM - 07:00 PM\\\\n                    \\",\\"address_id\\":\\"2\\",\\"address_info\\":\\"2\\\\/329, powerhouse, voimedu, West side \\\\n                                Vedaranyam - 614713\\",\\"user_id\\":\\"14\\"}\')')
 3 APPPATH\Controllers\BookingController.php(98): CodeIgniter\Database\BaseConnection->query('INSERT INTO `user_address_tbl` (`user_id`, `user_pet_id`, `plan_id`, `booking_date`, `slot_id`, `address_id`, `booking_json`) 
                VALUES (?, ?, ?, ?, ?, ?, ?)', [...])
 4 SYSTEMPATH\CodeIgniter.php(941): App\Controllers\BookingController->addBooking()
 5 SYSTEMPATH\CodeIgniter.php(502): CodeIgniter\CodeIgniter->runController(Object(App\Controllers\BookingController))
 6 SYSTEMPATH\CodeIgniter.php(361): CodeIgniter\CodeIgniter->handleRequest(null, Object(Config\Cache), false)
 7 FCPATH\index.php(79): CodeIgniter\CodeIgniter->run()
CRITICAL - 2024-11-05 11:48:17 --> [Caused by] mysqli_sql_exception: Unknown column 'user_pet_id' in 'field list'
in SYSTEMPATH\Database\MySQLi\Connection.php on line 306.
 1 SYSTEMPATH\Database\MySQLi\Connection.php(306): mysqli->query('INSERT INTO `user_address_tbl` (`user_id`, `user_pet_id`, `plan_id`, `booking_date`, `slot_id`, `address_id`, `booking_json`) 
                VALUES (\'14\', \'1\', \'1\', \'2024-11-05\', \'5\', \'2\', \'{\\"user_pet_name\\":\\"Kaja dog\\",\\"user_pet_id\\":\\"1\\",\\"pet_id\\":\\"1\\",\\"plan_id\\":\\"1\\",\\"plan_info\\":{\\"plan_id\\":\\"1\\",\\"pet_id\\":\\"1\\",\\"plan_name\\":\\"Basic Grooming\\",\\"plan_price\\":\\"2049.00\\",\\"duration\\":\\"75 Mins\\",\\"plan_img\\":\\"uploads\\\\/pet\\\\/1729068173_9b635871766923b230a5.png\\",\\"flag\\":\\"1\\",\\"services\\":[{\\"service_name\\":\\"Cleaning Package\\",\\"service_details\\":\\"Cleaning Package includes Nail Trimming, Ear Cleaning\\"},{\\"service_name\\":\\"Bath and Blow Dry\\",\\"service_details\\":\\"Bath\\\\r\\\\nShampoo & Conditioner\\\\r\\\\nBlow Dry\\"}]},\\"booking_date\\":\\"Tue Nov 05 2024 00:00:00 GMT+0530 (India Standard Time)\\",\\"slot_id\\":\\"5\\",\\"slot_info\\":\\"\\\\n                        05:00 PM - 07:00 PM\\\\n                    \\",\\"address_id\\":\\"2\\",\\"address_info\\":\\"2\\\\/329, powerhouse, voimedu, West side \\\\n                                Vedaranyam - 614713\\",\\"user_id\\":\\"14\\"}\')', 0)
 2 SYSTEMPATH\Database\BaseConnection.php(693): CodeIgniter\Database\MySQLi\Connection->execute('INSERT INTO `user_address_tbl` (`user_id`, `user_pet_id`, `plan_id`, `booking_date`, `slot_id`, `address_id`, `booking_json`) 
                VALUES (\'14\', \'1\', \'1\', \'2024-11-05\', \'5\', \'2\', \'{\\"user_pet_name\\":\\"Kaja dog\\",\\"user_pet_id\\":\\"1\\",\\"pet_id\\":\\"1\\",\\"plan_id\\":\\"1\\",\\"plan_info\\":{\\"plan_id\\":\\"1\\",\\"pet_id\\":\\"1\\",\\"plan_name\\":\\"Basic Grooming\\",\\"plan_price\\":\\"2049.00\\",\\"duration\\":\\"75 Mins\\",\\"plan_img\\":\\"uploads\\\\/pet\\\\/1729068173_9b635871766923b230a5.png\\",\\"flag\\":\\"1\\",\\"services\\":[{\\"service_name\\":\\"Cleaning Package\\",\\"service_details\\":\\"Cleaning Package includes Nail Trimming, Ear Cleaning\\"},{\\"service_name\\":\\"Bath and Blow Dry\\",\\"service_details\\":\\"Bath\\\\r\\\\nShampoo & Conditioner\\\\r\\\\nBlow Dry\\"}]},\\"booking_date\\":\\"Tue Nov 05 2024 00:00:00 GMT+0530 (India Standard Time)\\",\\"slot_id\\":\\"5\\",\\"slot_info\\":\\"\\\\n                        05:00 PM - 07:00 PM\\\\n                    \\",\\"address_id\\":\\"2\\",\\"address_info\\":\\"2\\\\/329, powerhouse, voimedu, West side \\\\n                                Vedaranyam - 614713\\",\\"user_id\\":\\"14\\"}\')')
 3 SYSTEMPATH\Database\BaseConnection.php(607): CodeIgniter\Database\BaseConnection->simpleQuery('INSERT INTO `user_address_tbl` (`user_id`, `user_pet_id`, `plan_id`, `booking_date`, `slot_id`, `address_id`, `booking_json`) 
                VALUES (\'14\', \'1\', \'1\', \'2024-11-05\', \'5\', \'2\', \'{\\"user_pet_name\\":\\"Kaja dog\\",\\"user_pet_id\\":\\"1\\",\\"pet_id\\":\\"1\\",\\"plan_id\\":\\"1\\",\\"plan_info\\":{\\"plan_id\\":\\"1\\",\\"pet_id\\":\\"1\\",\\"plan_name\\":\\"Basic Grooming\\",\\"plan_price\\":\\"2049.00\\",\\"duration\\":\\"75 Mins\\",\\"plan_img\\":\\"uploads\\\\/pet\\\\/1729068173_9b635871766923b230a5.png\\",\\"flag\\":\\"1\\",\\"services\\":[{\\"service_name\\":\\"Cleaning Package\\",\\"service_details\\":\\"Cleaning Package includes Nail Trimming, Ear Cleaning\\"},{\\"service_name\\":\\"Bath and Blow Dry\\",\\"service_details\\":\\"Bath\\\\r\\\\nShampoo & Conditioner\\\\r\\\\nBlow Dry\\"}]},\\"booking_date\\":\\"Tue Nov 05 2024 00:00:00 GMT+0530 (India Standard Time)\\",\\"slot_id\\":\\"5\\",\\"slot_info\\":\\"\\\\n                        05:00 PM - 07:00 PM\\\\n                    \\",\\"address_id\\":\\"2\\",\\"address_info\\":\\"2\\\\/329, powerhouse, voimedu, West side \\\\n                                Vedaranyam - 614713\\",\\"user_id\\":\\"14\\"}\')')
 4 APPPATH\Controllers\BookingController.php(98): CodeIgniter\Database\BaseConnection->query('INSERT INTO `user_address_tbl` (`user_id`, `user_pet_id`, `plan_id`, `booking_date`, `slot_id`, `address_id`, `booking_json`) 
                VALUES (?, ?, ?, ?, ?, ?, ?)', [...])
 5 SYSTEMPATH\CodeIgniter.php(941): App\Controllers\BookingController->addBooking()
 6 SYSTEMPATH\CodeIgniter.php(502): CodeIgniter\CodeIgniter->runController(Object(App\Controllers\BookingController))
 7 SYSTEMPATH\CodeIgniter.php(361): CodeIgniter\CodeIgniter->handleRequest(null, Object(Config\Cache), false)
 8 FCPATH\index.php(79): CodeIgniter\CodeIgniter->run()
