CRITICAL - 2025-07-16 15:15:25 --> ErrorException: Undefined array key "user_id"
in APPPATH\Controllers\BookingController.php on line 146.
 1 APPPATH\Controllers\BookingController.php(146): CodeIgniter\Debug\Exceptions->errorHandler()
 2 SYSTEMPATH\CodeIgniter.php(941): App\Controllers\BookingController->addBooking()
 3 SYSTEMPATH\CodeIgniter.php(502): CodeIgniter\CodeIgniter->runController()
 4 SYSTEMPATH\CodeIgniter.php(361): CodeIgniter\CodeIgniter->handleRequest()
 5 FCPATH\index.php(79): CodeIgniter\CodeIgniter->run()
CRITICAL - 2025-07-16 15:15:42 --> ErrorException: Undefined array key "user_id"
in APPPATH\Controllers\BookingController.php on line 146.
 1 APPPATH\Controllers\BookingController.php(146): CodeIgniter\Debug\Exceptions->errorHandler()
 2 SYSTEMPATH\CodeIgniter.php(941): App\Controllers\BookingController->addBooking()
 3 SYSTEMPATH\CodeIgniter.php(502): CodeIgniter\CodeIgniter->runController()
 4 SYSTEMPATH\CodeIgniter.php(361): CodeIgniter\CodeIgniter->handleRequest()
 5 FCPATH\index.php(79): CodeIgniter\CodeIgniter->run()
CRITICAL - 2025-07-16 15:15:43 --> ErrorException: Undefined array key "user_id"
in APPPATH\Controllers\BookingController.php on line 146.
 1 APPPATH\Controllers\BookingController.php(146): CodeIgniter\Debug\Exceptions->errorHandler()
 2 SYSTEMPATH\CodeIgniter.php(941): App\Controllers\BookingController->addBooking()
 3 SYSTEMPATH\CodeIgniter.php(502): CodeIgniter\CodeIgniter->runController()
 4 SYSTEMPATH\CodeIgniter.php(361): CodeIgniter\CodeIgniter->handleRequest()
 5 FCPATH\index.php(79): CodeIgniter\CodeIgniter->run()
CRITICAL - 2025-07-16 15:15:43 --> ErrorException: Undefined array key "user_id"
in APPPATH\Controllers\BookingController.php on line 146.
 1 APPPATH\Controllers\BookingController.php(146): CodeIgniter\Debug\Exceptions->errorHandler()
 2 SYSTEMPATH\CodeIgniter.php(941): App\Controllers\BookingController->addBooking()
 3 SYSTEMPATH\CodeIgniter.php(502): CodeIgniter\CodeIgniter->runController()
 4 SYSTEMPATH\CodeIgniter.php(361): CodeIgniter\CodeIgniter->handleRequest()
 5 FCPATH\index.php(79): CodeIgniter\CodeIgniter->run()
CRITICAL - 2025-07-16 15:15:43 --> ErrorException: Undefined array key "user_id"
in APPPATH\Controllers\BookingController.php on line 146.
 1 APPPATH\Controllers\BookingController.php(146): CodeIgniter\Debug\Exceptions->errorHandler()
 2 SYSTEMPATH\CodeIgniter.php(941): App\Controllers\BookingController->addBooking()
 3 SYSTEMPATH\CodeIgniter.php(502): CodeIgniter\CodeIgniter->runController()
 4 SYSTEMPATH\CodeIgniter.php(361): CodeIgniter\CodeIgniter->handleRequest()
 5 FCPATH\index.php(79): CodeIgniter\CodeIgniter->run()
CRITICAL - 2025-07-16 15:22:06 --> ErrorException: Undefined array key "user_id"
in APPPATH\Controllers\BookingController.php on line 113.
 1 APPPATH\Controllers\BookingController.php(113): CodeIgniter\Debug\Exceptions->errorHandler()
 2 SYSTEMPATH\CodeIgniter.php(941): App\Controllers\BookingController->addBooking()
 3 SYSTEMPATH\CodeIgniter.php(502): CodeIgniter\CodeIgniter->runController()
 4 SYSTEMPATH\CodeIgniter.php(361): CodeIgniter\CodeIgniter->handleRequest()
 5 FCPATH\index.php(79): CodeIgniter\CodeIgniter->run()
CRITICAL - 2025-07-16 15:36:00 --> Error: Call to undefined method CodeIgniter\Database\MySQLi\Builder::insertID()
in APPPATH\Controllers\Workflow_User.php on line 67.
 1 SYSTEMPATH\CodeIgniter.php(941): App\Controllers\Workflow_User->signupUser()
 2 SYSTEMPATH\CodeIgniter.php(502): CodeIgniter\CodeIgniter->runController()
 3 SYSTEMPATH\CodeIgniter.php(361): CodeIgniter\CodeIgniter->handleRequest()
 4 FCPATH\index.php(79): CodeIgniter\CodeIgniter->run()
CRITICAL - 2025-07-16 15:38:43 --> Error: Call to undefined method CodeIgniter\Database\MySQLi\Builder::insertID()
in APPPATH\Controllers\Workflow_User.php on line 67.
 1 SYSTEMPATH\CodeIgniter.php(941): App\Controllers\Workflow_User->signupUser()
 2 SYSTEMPATH\CodeIgniter.php(502): CodeIgniter\CodeIgniter->runController()
 3 SYSTEMPATH\CodeIgniter.php(361): CodeIgniter\CodeIgniter->handleRequest()
 4 FCPATH\index.php(79): CodeIgniter\CodeIgniter->run()
CRITICAL - 2025-07-16 15:40:19 --> Error: Call to undefined method CodeIgniter\Database\MySQLi\Builder::insertID()
in APPPATH\Controllers\Workflow_User.php on line 67.
 1 SYSTEMPATH\CodeIgniter.php(941): App\Controllers\Workflow_User->signupUser()
 2 SYSTEMPATH\CodeIgniter.php(502): CodeIgniter\CodeIgniter->runController()
 3 SYSTEMPATH\CodeIgniter.php(361): CodeIgniter\CodeIgniter->handleRequest()
 4 FCPATH\index.php(79): CodeIgniter\CodeIgniter->run()
