ERROR - 2024-12-04 18:13:13 --> mysqli_sql_exception: You have an error in your SQL syntax; check the manual that corresponds to your MariaDB server version for the right syntax to use near '?, ?, ?, ?, ?, ?, ?)' at line 2 in C:\xampp\htdocs\projects\petz24\system\Database\MySQLi\Connection.php:306
Stack trace:
#0 C:\xampp\htdocs\projects\petz24\system\Database\MySQLi\Connection.php(306): mysqli->query('INSERT INTO `bo...', 0)
#1 C:\xampp\htdocs\projects\petz24\system\Database\BaseConnection.php(693): CodeIgniter\Database\MySQLi\Connection->execute('INSERT INTO `bo...')
#2 C:\xampp\htdocs\projects\petz24\system\Database\BaseConnection.php(607): CodeIgniter\Database\BaseConnection->simpleQuery('INSERT INTO `bo...')
#3 C:\xampp\htdocs\projects\petz24\app\Controllers\BookingController.php(98): CodeIgniter\Database\BaseConnection->query('INSERT INTO `bo...', Array)
#4 C:\xampp\htdocs\projects\petz24\system\CodeIgniter.php(941): App\Controllers\BookingController->addBooking()
#5 C:\xampp\htdocs\projects\petz24\system\CodeIgniter.php(502): CodeIgniter\CodeIgniter->runController(Object(App\Controllers\BookingController))
#6 C:\xampp\htdocs\projects\petz24\system\CodeIgniter.php(361): CodeIgniter\CodeIgniter->handleRequest(NULL, Object(Config\Cache), false)
#7 C:\xampp\htdocs\projects\petz24\index.php(79): CodeIgniter\CodeIgniter->run()
#8 {main}
CRITICAL - 2024-12-04 18:13:13 --> CodeIgniter\Database\Exceptions\DatabaseException: You have an error in your SQL syntax; check the manual that corresponds to your MariaDB server version for the right syntax to use near '?, ?, ?, ?, ?, ?, ?)' at line 2
in SYSTEMPATH\Database\BaseConnection.php on line 647.
 1 APPPATH\Controllers\BookingController.php(98): CodeIgniter\Database\BaseConnection->query('INSERT INTO `booking_tbl` (`user_id`, `user_pet_id`, `plan_id`, `booking_date`, `slot_id`, `address_id`, `center_id`, `booking_json`) 
                VALUES (?, ?, ?, ?, ?, ?, ?)', [...])
 2 SYSTEMPATH\CodeIgniter.php(941): App\Controllers\BookingController->addBooking()
 3 SYSTEMPATH\CodeIgniter.php(502): CodeIgniter\CodeIgniter->runController(Object(App\Controllers\BookingController))
 4 SYSTEMPATH\CodeIgniter.php(361): CodeIgniter\CodeIgniter->handleRequest(null, Object(Config\Cache), false)
 5 FCPATH\index.php(79): CodeIgniter\CodeIgniter->run()
CRITICAL - 2024-12-04 18:13:13 --> [Caused by] CodeIgniter\Database\Exceptions\DatabaseException: You have an error in your SQL syntax; check the manual that corresponds to your MariaDB server version for the right syntax to use near '?, ?, ?, ?, ?, ?, ?)' at line 2
in SYSTEMPATH\Database\MySQLi\Connection.php on line 311.
 1 SYSTEMPATH\Database\BaseConnection.php(693): CodeIgniter\Database\MySQLi\Connection->execute('INSERT INTO `booking_tbl` (`user_id`, `user_pet_id`, `plan_id`, `booking_date`, `slot_id`, `address_id`, `center_id`, `booking_json`) 
                VALUES (?, ?, ?, ?, ?, ?, ?)')
 2 SYSTEMPATH\Database\BaseConnection.php(607): CodeIgniter\Database\BaseConnection->simpleQuery('INSERT INTO `booking_tbl` (`user_id`, `user_pet_id`, `plan_id`, `booking_date`, `slot_id`, `address_id`, `center_id`, `booking_json`) 
                VALUES (?, ?, ?, ?, ?, ?, ?)')
 3 APPPATH\Controllers\BookingController.php(98): CodeIgniter\Database\BaseConnection->query('INSERT INTO `booking_tbl` (`user_id`, `user_pet_id`, `plan_id`, `booking_date`, `slot_id`, `address_id`, `center_id`, `booking_json`) 
                VALUES (?, ?, ?, ?, ?, ?, ?)', [...])
 4 SYSTEMPATH\CodeIgniter.php(941): App\Controllers\BookingController->addBooking()
 5 SYSTEMPATH\CodeIgniter.php(502): CodeIgniter\CodeIgniter->runController(Object(App\Controllers\BookingController))
 6 SYSTEMPATH\CodeIgniter.php(361): CodeIgniter\CodeIgniter->handleRequest(null, Object(Config\Cache), false)
 7 FCPATH\index.php(79): CodeIgniter\CodeIgniter->run()
CRITICAL - 2024-12-04 18:13:13 --> [Caused by] mysqli_sql_exception: You have an error in your SQL syntax; check the manual that corresponds to your MariaDB server version for the right syntax to use near '?, ?, ?, ?, ?, ?, ?)' at line 2
in SYSTEMPATH\Database\MySQLi\Connection.php on line 306.
 1 SYSTEMPATH\Database\MySQLi\Connection.php(306): mysqli->query('INSERT INTO `booking_tbl` (`user_id`, `user_pet_id`, `plan_id`, `booking_date`, `slot_id`, `address_id`, `center_id`, `booking_json`) 
                VALUES (?, ?, ?, ?, ?, ?, ?)', 0)
 2 SYSTEMPATH\Database\BaseConnection.php(693): CodeIgniter\Database\MySQLi\Connection->execute('INSERT INTO `booking_tbl` (`user_id`, `user_pet_id`, `plan_id`, `booking_date`, `slot_id`, `address_id`, `center_id`, `booking_json`) 
                VALUES (?, ?, ?, ?, ?, ?, ?)')
 3 SYSTEMPATH\Database\BaseConnection.php(607): CodeIgniter\Database\BaseConnection->simpleQuery('INSERT INTO `booking_tbl` (`user_id`, `user_pet_id`, `plan_id`, `booking_date`, `slot_id`, `address_id`, `center_id`, `booking_json`) 
                VALUES (?, ?, ?, ?, ?, ?, ?)')
 4 APPPATH\Controllers\BookingController.php(98): CodeIgniter\Database\BaseConnection->query('INSERT INTO `booking_tbl` (`user_id`, `user_pet_id`, `plan_id`, `booking_date`, `slot_id`, `address_id`, `center_id`, `booking_json`) 
                VALUES (?, ?, ?, ?, ?, ?, ?)', [...])
 5 SYSTEMPATH\CodeIgniter.php(941): App\Controllers\BookingController->addBooking()
 6 SYSTEMPATH\CodeIgniter.php(502): CodeIgniter\CodeIgniter->runController(Object(App\Controllers\BookingController))
 7 SYSTEMPATH\CodeIgniter.php(361): CodeIgniter\CodeIgniter->handleRequest(null, Object(Config\Cache), false)
 8 FCPATH\index.php(79): CodeIgniter\CodeIgniter->run()
ERROR - 2024-12-04 18:14:22 --> mysqli_sql_exception: You have an error in your SQL syntax; check the manual that corresponds to your MariaDB server version for the right syntax to use near '?, ?, ?, ?, ?, ?, ?)' at line 2 in C:\xampp\htdocs\projects\petz24\system\Database\MySQLi\Connection.php:306
Stack trace:
#0 C:\xampp\htdocs\projects\petz24\system\Database\MySQLi\Connection.php(306): mysqli->query('INSERT INTO `bo...', 0)
#1 C:\xampp\htdocs\projects\petz24\system\Database\BaseConnection.php(693): CodeIgniter\Database\MySQLi\Connection->execute('INSERT INTO `bo...')
#2 C:\xampp\htdocs\projects\petz24\system\Database\BaseConnection.php(607): CodeIgniter\Database\BaseConnection->simpleQuery('INSERT INTO `bo...')
#3 C:\xampp\htdocs\projects\petz24\app\Controllers\BookingController.php(100): CodeIgniter\Database\BaseConnection->query('INSERT INTO `bo...', Array)
#4 C:\xampp\htdocs\projects\petz24\system\CodeIgniter.php(941): App\Controllers\BookingController->addBooking()
#5 C:\xampp\htdocs\projects\petz24\system\CodeIgniter.php(502): CodeIgniter\CodeIgniter->runController(Object(App\Controllers\BookingController))
#6 C:\xampp\htdocs\projects\petz24\system\CodeIgniter.php(361): CodeIgniter\CodeIgniter->handleRequest(NULL, Object(Config\Cache), false)
#7 C:\xampp\htdocs\projects\petz24\index.php(79): CodeIgniter\CodeIgniter->run()
#8 {main}
CRITICAL - 2024-12-04 18:14:22 --> CodeIgniter\Database\Exceptions\DatabaseException: You have an error in your SQL syntax; check the manual that corresponds to your MariaDB server version for the right syntax to use near '?, ?, ?, ?, ?, ?, ?)' at line 2
in SYSTEMPATH\Database\BaseConnection.php on line 647.
 1 APPPATH\Controllers\BookingController.php(100): CodeIgniter\Database\BaseConnection->query('INSERT INTO `booking_tbl` (`user_id`, `user_pet_id`, `plan_id`, `booking_date`, `slot_id`, `address_id`, `center_id`, `booking_json`) 
                VALUES (?, ?, ?, ?, ?, ?, ?)', [...])
 2 SYSTEMPATH\CodeIgniter.php(941): App\Controllers\BookingController->addBooking()
 3 SYSTEMPATH\CodeIgniter.php(502): CodeIgniter\CodeIgniter->runController(Object(App\Controllers\BookingController))
 4 SYSTEMPATH\CodeIgniter.php(361): CodeIgniter\CodeIgniter->handleRequest(null, Object(Config\Cache), false)
 5 FCPATH\index.php(79): CodeIgniter\CodeIgniter->run()
CRITICAL - 2024-12-04 18:14:22 --> [Caused by] CodeIgniter\Database\Exceptions\DatabaseException: You have an error in your SQL syntax; check the manual that corresponds to your MariaDB server version for the right syntax to use near '?, ?, ?, ?, ?, ?, ?)' at line 2
in SYSTEMPATH\Database\MySQLi\Connection.php on line 311.
 1 SYSTEMPATH\Database\BaseConnection.php(693): CodeIgniter\Database\MySQLi\Connection->execute('INSERT INTO `booking_tbl` (`user_id`, `user_pet_id`, `plan_id`, `booking_date`, `slot_id`, `address_id`, `center_id`, `booking_json`) 
                VALUES (?, ?, ?, ?, ?, ?, ?)')
 2 SYSTEMPATH\Database\BaseConnection.php(607): CodeIgniter\Database\BaseConnection->simpleQuery('INSERT INTO `booking_tbl` (`user_id`, `user_pet_id`, `plan_id`, `booking_date`, `slot_id`, `address_id`, `center_id`, `booking_json`) 
                VALUES (?, ?, ?, ?, ?, ?, ?)')
 3 APPPATH\Controllers\BookingController.php(100): CodeIgniter\Database\BaseConnection->query('INSERT INTO `booking_tbl` (`user_id`, `user_pet_id`, `plan_id`, `booking_date`, `slot_id`, `address_id`, `center_id`, `booking_json`) 
                VALUES (?, ?, ?, ?, ?, ?, ?)', [...])
 4 SYSTEMPATH\CodeIgniter.php(941): App\Controllers\BookingController->addBooking()
 5 SYSTEMPATH\CodeIgniter.php(502): CodeIgniter\CodeIgniter->runController(Object(App\Controllers\BookingController))
 6 SYSTEMPATH\CodeIgniter.php(361): CodeIgniter\CodeIgniter->handleRequest(null, Object(Config\Cache), false)
 7 FCPATH\index.php(79): CodeIgniter\CodeIgniter->run()
CRITICAL - 2024-12-04 18:14:22 --> [Caused by] mysqli_sql_exception: You have an error in your SQL syntax; check the manual that corresponds to your MariaDB server version for the right syntax to use near '?, ?, ?, ?, ?, ?, ?)' at line 2
in SYSTEMPATH\Database\MySQLi\Connection.php on line 306.
 1 SYSTEMPATH\Database\MySQLi\Connection.php(306): mysqli->query('INSERT INTO `booking_tbl` (`user_id`, `user_pet_id`, `plan_id`, `booking_date`, `slot_id`, `address_id`, `center_id`, `booking_json`) 
                VALUES (?, ?, ?, ?, ?, ?, ?)', 0)
 2 SYSTEMPATH\Database\BaseConnection.php(693): CodeIgniter\Database\MySQLi\Connection->execute('INSERT INTO `booking_tbl` (`user_id`, `user_pet_id`, `plan_id`, `booking_date`, `slot_id`, `address_id`, `center_id`, `booking_json`) 
                VALUES (?, ?, ?, ?, ?, ?, ?)')
 3 SYSTEMPATH\Database\BaseConnection.php(607): CodeIgniter\Database\BaseConnection->simpleQuery('INSERT INTO `booking_tbl` (`user_id`, `user_pet_id`, `plan_id`, `booking_date`, `slot_id`, `address_id`, `center_id`, `booking_json`) 
                VALUES (?, ?, ?, ?, ?, ?, ?)')
 4 APPPATH\Controllers\BookingController.php(100): CodeIgniter\Database\BaseConnection->query('INSERT INTO `booking_tbl` (`user_id`, `user_pet_id`, `plan_id`, `booking_date`, `slot_id`, `address_id`, `center_id`, `booking_json`) 
                VALUES (?, ?, ?, ?, ?, ?, ?)', [...])
 5 SYSTEMPATH\CodeIgniter.php(941): App\Controllers\BookingController->addBooking()
 6 SYSTEMPATH\CodeIgniter.php(502): CodeIgniter\CodeIgniter->runController(Object(App\Controllers\BookingController))
 7 SYSTEMPATH\CodeIgniter.php(361): CodeIgniter\CodeIgniter->handleRequest(null, Object(Config\Cache), false)
 8 FCPATH\index.php(79): CodeIgniter\CodeIgniter->run()
