ERROR - 2025-06-03 16:33:23 --> mysqli_sql_exception: You have an error in your SQL syntax; check the manual that corresponds to your MariaDB server version for the right syntax to use near ' p.pet_name, p.pet_img, b.breed_name FROM `user_pet_tbl` upt inner join pet_t...' at line 1 in C:\xampp\htdocs\projects\Petz24\system\Database\MySQLi\Connection.php:306
Stack trace:
#0 C:\xampp\htdocs\projects\Petz24\system\Database\MySQLi\Connection.php(306): mysqli->query()
#1 C:\xampp\htdocs\projects\Petz24\system\Database\BaseConnection.php(693): CodeIgniter\Database\MySQLi\Connection->execute()
#2 C:\xampp\htdocs\projects\Petz24\system\Database\BaseConnection.php(607): CodeIgniter\Database\BaseConnection->simpleQuery()
#3 C:\xampp\htdocs\projects\Petz24\app\Controllers\UserPetController.php(13): CodeIgniter\Database\BaseConnection->query()
#4 C:\xampp\htdocs\projects\Petz24\system\CodeIgniter.php(941): App\Controllers\UserPetController->getUserPetList()
#5 C:\xampp\htdocs\projects\Petz24\system\CodeIgniter.php(502): CodeIgniter\CodeIgniter->runController()
#6 C:\xampp\htdocs\projects\Petz24\system\CodeIgniter.php(361): CodeIgniter\CodeIgniter->handleRequest()
#7 C:\xampp\htdocs\projects\Petz24\index.php(79): CodeIgniter\CodeIgniter->run()
#8 {main}
CRITICAL - 2025-06-03 16:33:23 --> CodeIgniter\Database\Exceptions\DatabaseException: You have an error in your SQL syntax; check the manual that corresponds to your MariaDB server version for the right syntax to use near ' p.pet_name, p.pet_img, b.breed_name FROM `user_pet_tbl` upt inner join pet_t...' at line 1
in SYSTEMPATH\Database\BaseConnection.php on line 647.
 1 APPPATH\Controllers\UserPetController.php(13): CodeIgniter\Database\BaseConnection->query()
 2 SYSTEMPATH\CodeIgniter.php(941): App\Controllers\UserPetController->getUserPetList()
 3 SYSTEMPATH\CodeIgniter.php(502): CodeIgniter\CodeIgniter->runController()
 4 SYSTEMPATH\CodeIgniter.php(361): CodeIgniter\CodeIgniter->handleRequest()
 5 FCPATH\index.php(79): CodeIgniter\CodeIgniter->run()
CRITICAL - 2025-06-03 16:33:23 --> [Caused by] CodeIgniter\Database\Exceptions\DatabaseException: You have an error in your SQL syntax; check the manual that corresponds to your MariaDB server version for the right syntax to use near ' p.pet_name, p.pet_img, b.breed_name FROM `user_pet_tbl` upt inner join pet_t...' at line 1
in SYSTEMPATH\Database\MySQLi\Connection.php on line 311.
 1 SYSTEMPATH\Database\BaseConnection.php(693): CodeIgniter\Database\MySQLi\Connection->execute()
 2 SYSTEMPATH\Database\BaseConnection.php(607): CodeIgniter\Database\BaseConnection->simpleQuery()
 3 APPPATH\Controllers\UserPetController.php(13): CodeIgniter\Database\BaseConnection->query()
 4 SYSTEMPATH\CodeIgniter.php(941): App\Controllers\UserPetController->getUserPetList()
 5 SYSTEMPATH\CodeIgniter.php(502): CodeIgniter\CodeIgniter->runController()
 6 SYSTEMPATH\CodeIgniter.php(361): CodeIgniter\CodeIgniter->handleRequest()
 7 FCPATH\index.php(79): CodeIgniter\CodeIgniter->run()
CRITICAL - 2025-06-03 16:33:23 --> [Caused by] mysqli_sql_exception: You have an error in your SQL syntax; check the manual that corresponds to your MariaDB server version for the right syntax to use near ' p.pet_name, p.pet_img, b.breed_name FROM `user_pet_tbl` upt inner join pet_t...' at line 1
in SYSTEMPATH\Database\MySQLi\Connection.php on line 306.
 1 SYSTEMPATH\Database\MySQLi\Connection.php(306): mysqli->query()
 2 SYSTEMPATH\Database\BaseConnection.php(693): CodeIgniter\Database\MySQLi\Connection->execute()
 3 SYSTEMPATH\Database\BaseConnection.php(607): CodeIgniter\Database\BaseConnection->simpleQuery()
 4 APPPATH\Controllers\UserPetController.php(13): CodeIgniter\Database\BaseConnection->query()
 5 SYSTEMPATH\CodeIgniter.php(941): App\Controllers\UserPetController->getUserPetList()
 6 SYSTEMPATH\CodeIgniter.php(502): CodeIgniter\CodeIgniter->runController()
 7 SYSTEMPATH\CodeIgniter.php(361): CodeIgniter\CodeIgniter->handleRequest()
 8 FCPATH\index.php(79): CodeIgniter\CodeIgniter->run()
ERROR - 2025-06-03 16:33:39 --> mysqli_sql_exception: You have an error in your SQL syntax; check the manual that corresponds to your MariaDB server version for the right syntax to use near ' p.pet_name, p.pet_img, b.breed_name FROM `user_pet_tbl` upt inner join pet_t...' at line 1 in C:\xampp\htdocs\projects\Petz24\system\Database\MySQLi\Connection.php:306
Stack trace:
#0 C:\xampp\htdocs\projects\Petz24\system\Database\MySQLi\Connection.php(306): mysqli->query()
#1 C:\xampp\htdocs\projects\Petz24\system\Database\BaseConnection.php(693): CodeIgniter\Database\MySQLi\Connection->execute()
#2 C:\xampp\htdocs\projects\Petz24\system\Database\BaseConnection.php(607): CodeIgniter\Database\BaseConnection->simpleQuery()
#3 C:\xampp\htdocs\projects\Petz24\app\Controllers\UserPetController.php(13): CodeIgniter\Database\BaseConnection->query()
#4 C:\xampp\htdocs\projects\Petz24\system\CodeIgniter.php(941): App\Controllers\UserPetController->getUserPetList()
#5 C:\xampp\htdocs\projects\Petz24\system\CodeIgniter.php(502): CodeIgniter\CodeIgniter->runController()
#6 C:\xampp\htdocs\projects\Petz24\system\CodeIgniter.php(361): CodeIgniter\CodeIgniter->handleRequest()
#7 C:\xampp\htdocs\projects\Petz24\index.php(79): CodeIgniter\CodeIgniter->run()
#8 {main}
CRITICAL - 2025-06-03 16:33:39 --> CodeIgniter\Database\Exceptions\DatabaseException: You have an error in your SQL syntax; check the manual that corresponds to your MariaDB server version for the right syntax to use near ' p.pet_name, p.pet_img, b.breed_name FROM `user_pet_tbl` upt inner join pet_t...' at line 1
in SYSTEMPATH\Database\BaseConnection.php on line 647.
 1 APPPATH\Controllers\UserPetController.php(13): CodeIgniter\Database\BaseConnection->query()
 2 SYSTEMPATH\CodeIgniter.php(941): App\Controllers\UserPetController->getUserPetList()
 3 SYSTEMPATH\CodeIgniter.php(502): CodeIgniter\CodeIgniter->runController()
 4 SYSTEMPATH\CodeIgniter.php(361): CodeIgniter\CodeIgniter->handleRequest()
 5 FCPATH\index.php(79): CodeIgniter\CodeIgniter->run()
CRITICAL - 2025-06-03 16:33:39 --> [Caused by] CodeIgniter\Database\Exceptions\DatabaseException: You have an error in your SQL syntax; check the manual that corresponds to your MariaDB server version for the right syntax to use near ' p.pet_name, p.pet_img, b.breed_name FROM `user_pet_tbl` upt inner join pet_t...' at line 1
in SYSTEMPATH\Database\MySQLi\Connection.php on line 311.
 1 SYSTEMPATH\Database\BaseConnection.php(693): CodeIgniter\Database\MySQLi\Connection->execute()
 2 SYSTEMPATH\Database\BaseConnection.php(607): CodeIgniter\Database\BaseConnection->simpleQuery()
 3 APPPATH\Controllers\UserPetController.php(13): CodeIgniter\Database\BaseConnection->query()
 4 SYSTEMPATH\CodeIgniter.php(941): App\Controllers\UserPetController->getUserPetList()
 5 SYSTEMPATH\CodeIgniter.php(502): CodeIgniter\CodeIgniter->runController()
 6 SYSTEMPATH\CodeIgniter.php(361): CodeIgniter\CodeIgniter->handleRequest()
 7 FCPATH\index.php(79): CodeIgniter\CodeIgniter->run()
CRITICAL - 2025-06-03 16:33:39 --> [Caused by] mysqli_sql_exception: You have an error in your SQL syntax; check the manual that corresponds to your MariaDB server version for the right syntax to use near ' p.pet_name, p.pet_img, b.breed_name FROM `user_pet_tbl` upt inner join pet_t...' at line 1
in SYSTEMPATH\Database\MySQLi\Connection.php on line 306.
 1 SYSTEMPATH\Database\MySQLi\Connection.php(306): mysqli->query()
 2 SYSTEMPATH\Database\BaseConnection.php(693): CodeIgniter\Database\MySQLi\Connection->execute()
 3 SYSTEMPATH\Database\BaseConnection.php(607): CodeIgniter\Database\BaseConnection->simpleQuery()
 4 APPPATH\Controllers\UserPetController.php(13): CodeIgniter\Database\BaseConnection->query()
 5 SYSTEMPATH\CodeIgniter.php(941): App\Controllers\UserPetController->getUserPetList()
 6 SYSTEMPATH\CodeIgniter.php(502): CodeIgniter\CodeIgniter->runController()
 7 SYSTEMPATH\CodeIgniter.php(361): CodeIgniter\CodeIgniter->handleRequest()
 8 FCPATH\index.php(79): CodeIgniter\CodeIgniter->run()
ERROR - 2025-06-03 16:33:52 --> mysqli_sql_exception: You have an error in your SQL syntax; check the manual that corresponds to your MariaDB server version for the right syntax to use near ' p.pet_name, p.pet_img, b.breed_name FROM `user_pet_tbl` upt inner join pet_t...' at line 1 in C:\xampp\htdocs\projects\Petz24\system\Database\MySQLi\Connection.php:306
Stack trace:
#0 C:\xampp\htdocs\projects\Petz24\system\Database\MySQLi\Connection.php(306): mysqli->query()
#1 C:\xampp\htdocs\projects\Petz24\system\Database\BaseConnection.php(693): CodeIgniter\Database\MySQLi\Connection->execute()
#2 C:\xampp\htdocs\projects\Petz24\system\Database\BaseConnection.php(607): CodeIgniter\Database\BaseConnection->simpleQuery()
#3 C:\xampp\htdocs\projects\Petz24\app\Controllers\UserPetController.php(13): CodeIgniter\Database\BaseConnection->query()
#4 C:\xampp\htdocs\projects\Petz24\system\CodeIgniter.php(941): App\Controllers\UserPetController->getUserPetList()
#5 C:\xampp\htdocs\projects\Petz24\system\CodeIgniter.php(502): CodeIgniter\CodeIgniter->runController()
#6 C:\xampp\htdocs\projects\Petz24\system\CodeIgniter.php(361): CodeIgniter\CodeIgniter->handleRequest()
#7 C:\xampp\htdocs\projects\Petz24\index.php(79): CodeIgniter\CodeIgniter->run()
#8 {main}
CRITICAL - 2025-06-03 16:33:52 --> CodeIgniter\Database\Exceptions\DatabaseException: You have an error in your SQL syntax; check the manual that corresponds to your MariaDB server version for the right syntax to use near ' p.pet_name, p.pet_img, b.breed_name FROM `user_pet_tbl` upt inner join pet_t...' at line 1
in SYSTEMPATH\Database\BaseConnection.php on line 647.
 1 APPPATH\Controllers\UserPetController.php(13): CodeIgniter\Database\BaseConnection->query()
 2 SYSTEMPATH\CodeIgniter.php(941): App\Controllers\UserPetController->getUserPetList()
 3 SYSTEMPATH\CodeIgniter.php(502): CodeIgniter\CodeIgniter->runController()
 4 SYSTEMPATH\CodeIgniter.php(361): CodeIgniter\CodeIgniter->handleRequest()
 5 FCPATH\index.php(79): CodeIgniter\CodeIgniter->run()
CRITICAL - 2025-06-03 16:33:52 --> [Caused by] CodeIgniter\Database\Exceptions\DatabaseException: You have an error in your SQL syntax; check the manual that corresponds to your MariaDB server version for the right syntax to use near ' p.pet_name, p.pet_img, b.breed_name FROM `user_pet_tbl` upt inner join pet_t...' at line 1
in SYSTEMPATH\Database\MySQLi\Connection.php on line 311.
 1 SYSTEMPATH\Database\BaseConnection.php(693): CodeIgniter\Database\MySQLi\Connection->execute()
 2 SYSTEMPATH\Database\BaseConnection.php(607): CodeIgniter\Database\BaseConnection->simpleQuery()
 3 APPPATH\Controllers\UserPetController.php(13): CodeIgniter\Database\BaseConnection->query()
 4 SYSTEMPATH\CodeIgniter.php(941): App\Controllers\UserPetController->getUserPetList()
 5 SYSTEMPATH\CodeIgniter.php(502): CodeIgniter\CodeIgniter->runController()
 6 SYSTEMPATH\CodeIgniter.php(361): CodeIgniter\CodeIgniter->handleRequest()
 7 FCPATH\index.php(79): CodeIgniter\CodeIgniter->run()
CRITICAL - 2025-06-03 16:33:52 --> [Caused by] mysqli_sql_exception: You have an error in your SQL syntax; check the manual that corresponds to your MariaDB server version for the right syntax to use near ' p.pet_name, p.pet_img, b.breed_name FROM `user_pet_tbl` upt inner join pet_t...' at line 1
in SYSTEMPATH\Database\MySQLi\Connection.php on line 306.
 1 SYSTEMPATH\Database\MySQLi\Connection.php(306): mysqli->query()
 2 SYSTEMPATH\Database\BaseConnection.php(693): CodeIgniter\Database\MySQLi\Connection->execute()
 3 SYSTEMPATH\Database\BaseConnection.php(607): CodeIgniter\Database\BaseConnection->simpleQuery()
 4 APPPATH\Controllers\UserPetController.php(13): CodeIgniter\Database\BaseConnection->query()
 5 SYSTEMPATH\CodeIgniter.php(941): App\Controllers\UserPetController->getUserPetList()
 6 SYSTEMPATH\CodeIgniter.php(502): CodeIgniter\CodeIgniter->runController()
 7 SYSTEMPATH\CodeIgniter.php(361): CodeIgniter\CodeIgniter->handleRequest()
 8 FCPATH\index.php(79): CodeIgniter\CodeIgniter->run()
ERROR - 2025-06-03 16:33:59 --> mysqli_sql_exception: You have an error in your SQL syntax; check the manual that corresponds to your MariaDB server version for the right syntax to use near ' p.pet_name, p.pet_img, b.breed_name FROM `user_pet_tbl` upt inner join pet_t...' at line 1 in C:\xampp\htdocs\projects\Petz24\system\Database\MySQLi\Connection.php:306
Stack trace:
#0 C:\xampp\htdocs\projects\Petz24\system\Database\MySQLi\Connection.php(306): mysqli->query()
#1 C:\xampp\htdocs\projects\Petz24\system\Database\BaseConnection.php(693): CodeIgniter\Database\MySQLi\Connection->execute()
#2 C:\xampp\htdocs\projects\Petz24\system\Database\BaseConnection.php(607): CodeIgniter\Database\BaseConnection->simpleQuery()
#3 C:\xampp\htdocs\projects\Petz24\app\Controllers\UserPetController.php(13): CodeIgniter\Database\BaseConnection->query()
#4 C:\xampp\htdocs\projects\Petz24\system\CodeIgniter.php(941): App\Controllers\UserPetController->getUserPetList()
#5 C:\xampp\htdocs\projects\Petz24\system\CodeIgniter.php(502): CodeIgniter\CodeIgniter->runController()
#6 C:\xampp\htdocs\projects\Petz24\system\CodeIgniter.php(361): CodeIgniter\CodeIgniter->handleRequest()
#7 C:\xampp\htdocs\projects\Petz24\index.php(79): CodeIgniter\CodeIgniter->run()
#8 {main}
CRITICAL - 2025-06-03 16:33:59 --> CodeIgniter\Database\Exceptions\DatabaseException: You have an error in your SQL syntax; check the manual that corresponds to your MariaDB server version for the right syntax to use near ' p.pet_name, p.pet_img, b.breed_name FROM `user_pet_tbl` upt inner join pet_t...' at line 1
in SYSTEMPATH\Database\BaseConnection.php on line 647.
 1 APPPATH\Controllers\UserPetController.php(13): CodeIgniter\Database\BaseConnection->query()
 2 SYSTEMPATH\CodeIgniter.php(941): App\Controllers\UserPetController->getUserPetList()
 3 SYSTEMPATH\CodeIgniter.php(502): CodeIgniter\CodeIgniter->runController()
 4 SYSTEMPATH\CodeIgniter.php(361): CodeIgniter\CodeIgniter->handleRequest()
 5 FCPATH\index.php(79): CodeIgniter\CodeIgniter->run()
CRITICAL - 2025-06-03 16:33:59 --> [Caused by] CodeIgniter\Database\Exceptions\DatabaseException: You have an error in your SQL syntax; check the manual that corresponds to your MariaDB server version for the right syntax to use near ' p.pet_name, p.pet_img, b.breed_name FROM `user_pet_tbl` upt inner join pet_t...' at line 1
in SYSTEMPATH\Database\MySQLi\Connection.php on line 311.
 1 SYSTEMPATH\Database\BaseConnection.php(693): CodeIgniter\Database\MySQLi\Connection->execute()
 2 SYSTEMPATH\Database\BaseConnection.php(607): CodeIgniter\Database\BaseConnection->simpleQuery()
 3 APPPATH\Controllers\UserPetController.php(13): CodeIgniter\Database\BaseConnection->query()
 4 SYSTEMPATH\CodeIgniter.php(941): App\Controllers\UserPetController->getUserPetList()
 5 SYSTEMPATH\CodeIgniter.php(502): CodeIgniter\CodeIgniter->runController()
 6 SYSTEMPATH\CodeIgniter.php(361): CodeIgniter\CodeIgniter->handleRequest()
 7 FCPATH\index.php(79): CodeIgniter\CodeIgniter->run()
CRITICAL - 2025-06-03 16:33:59 --> [Caused by] mysqli_sql_exception: You have an error in your SQL syntax; check the manual that corresponds to your MariaDB server version for the right syntax to use near ' p.pet_name, p.pet_img, b.breed_name FROM `user_pet_tbl` upt inner join pet_t...' at line 1
in SYSTEMPATH\Database\MySQLi\Connection.php on line 306.
 1 SYSTEMPATH\Database\MySQLi\Connection.php(306): mysqli->query()
 2 SYSTEMPATH\Database\BaseConnection.php(693): CodeIgniter\Database\MySQLi\Connection->execute()
 3 SYSTEMPATH\Database\BaseConnection.php(607): CodeIgniter\Database\BaseConnection->simpleQuery()
 4 APPPATH\Controllers\UserPetController.php(13): CodeIgniter\Database\BaseConnection->query()
 5 SYSTEMPATH\CodeIgniter.php(941): App\Controllers\UserPetController->getUserPetList()
 6 SYSTEMPATH\CodeIgniter.php(502): CodeIgniter\CodeIgniter->runController()
 7 SYSTEMPATH\CodeIgniter.php(361): CodeIgniter\CodeIgniter->handleRequest()
 8 FCPATH\index.php(79): CodeIgniter\CodeIgniter->run()
ERROR - 2025-06-03 16:35:11 --> mysqli_sql_exception: You have an error in your SQL syntax; check the manual that corresponds to your MariaDB server version for the right syntax to use near ' p.pet_name, p.pet_img, b.breed_name FROM `user_pet_tbl` upt inner join pet_t...' at line 1 in C:\xampp\htdocs\projects\Petz24\system\Database\MySQLi\Connection.php:306
Stack trace:
#0 C:\xampp\htdocs\projects\Petz24\system\Database\MySQLi\Connection.php(306): mysqli->query()
#1 C:\xampp\htdocs\projects\Petz24\system\Database\BaseConnection.php(693): CodeIgniter\Database\MySQLi\Connection->execute()
#2 C:\xampp\htdocs\projects\Petz24\system\Database\BaseConnection.php(607): CodeIgniter\Database\BaseConnection->simpleQuery()
#3 C:\xampp\htdocs\projects\Petz24\app\Controllers\UserPetController.php(13): CodeIgniter\Database\BaseConnection->query()
#4 C:\xampp\htdocs\projects\Petz24\system\CodeIgniter.php(941): App\Controllers\UserPetController->getUserPetList()
#5 C:\xampp\htdocs\projects\Petz24\system\CodeIgniter.php(502): CodeIgniter\CodeIgniter->runController()
#6 C:\xampp\htdocs\projects\Petz24\system\CodeIgniter.php(361): CodeIgniter\CodeIgniter->handleRequest()
#7 C:\xampp\htdocs\projects\Petz24\index.php(79): CodeIgniter\CodeIgniter->run()
#8 {main}
CRITICAL - 2025-06-03 16:35:11 --> CodeIgniter\Database\Exceptions\DatabaseException: You have an error in your SQL syntax; check the manual that corresponds to your MariaDB server version for the right syntax to use near ' p.pet_name, p.pet_img, b.breed_name FROM `user_pet_tbl` upt inner join pet_t...' at line 1
in SYSTEMPATH\Database\BaseConnection.php on line 647.
 1 APPPATH\Controllers\UserPetController.php(13): CodeIgniter\Database\BaseConnection->query()
 2 SYSTEMPATH\CodeIgniter.php(941): App\Controllers\UserPetController->getUserPetList()
 3 SYSTEMPATH\CodeIgniter.php(502): CodeIgniter\CodeIgniter->runController()
 4 SYSTEMPATH\CodeIgniter.php(361): CodeIgniter\CodeIgniter->handleRequest()
 5 FCPATH\index.php(79): CodeIgniter\CodeIgniter->run()
CRITICAL - 2025-06-03 16:35:11 --> [Caused by] CodeIgniter\Database\Exceptions\DatabaseException: You have an error in your SQL syntax; check the manual that corresponds to your MariaDB server version for the right syntax to use near ' p.pet_name, p.pet_img, b.breed_name FROM `user_pet_tbl` upt inner join pet_t...' at line 1
in SYSTEMPATH\Database\MySQLi\Connection.php on line 311.
 1 SYSTEMPATH\Database\BaseConnection.php(693): CodeIgniter\Database\MySQLi\Connection->execute()
 2 SYSTEMPATH\Database\BaseConnection.php(607): CodeIgniter\Database\BaseConnection->simpleQuery()
 3 APPPATH\Controllers\UserPetController.php(13): CodeIgniter\Database\BaseConnection->query()
 4 SYSTEMPATH\CodeIgniter.php(941): App\Controllers\UserPetController->getUserPetList()
 5 SYSTEMPATH\CodeIgniter.php(502): CodeIgniter\CodeIgniter->runController()
 6 SYSTEMPATH\CodeIgniter.php(361): CodeIgniter\CodeIgniter->handleRequest()
 7 FCPATH\index.php(79): CodeIgniter\CodeIgniter->run()
CRITICAL - 2025-06-03 16:35:11 --> [Caused by] mysqli_sql_exception: You have an error in your SQL syntax; check the manual that corresponds to your MariaDB server version for the right syntax to use near ' p.pet_name, p.pet_img, b.breed_name FROM `user_pet_tbl` upt inner join pet_t...' at line 1
in SYSTEMPATH\Database\MySQLi\Connection.php on line 306.
 1 SYSTEMPATH\Database\MySQLi\Connection.php(306): mysqli->query()
 2 SYSTEMPATH\Database\BaseConnection.php(693): CodeIgniter\Database\MySQLi\Connection->execute()
 3 SYSTEMPATH\Database\BaseConnection.php(607): CodeIgniter\Database\BaseConnection->simpleQuery()
 4 APPPATH\Controllers\UserPetController.php(13): CodeIgniter\Database\BaseConnection->query()
 5 SYSTEMPATH\CodeIgniter.php(941): App\Controllers\UserPetController->getUserPetList()
 6 SYSTEMPATH\CodeIgniter.php(502): CodeIgniter\CodeIgniter->runController()
 7 SYSTEMPATH\CodeIgniter.php(361): CodeIgniter\CodeIgniter->handleRequest()
 8 FCPATH\index.php(79): CodeIgniter\CodeIgniter->run()
ERROR - 2025-06-03 16:35:53 --> mysqli_sql_exception: You have an error in your SQL syntax; check the manual that corresponds to your MariaDB server version for the right syntax to use near ' p.pet_name, p.pet_img, b.breed_name FROM `user_pet_tbl` upt inner join pet_t...' at line 1 in C:\xampp\htdocs\projects\Petz24\system\Database\MySQLi\Connection.php:306
Stack trace:
#0 C:\xampp\htdocs\projects\Petz24\system\Database\MySQLi\Connection.php(306): mysqli->query()
#1 C:\xampp\htdocs\projects\Petz24\system\Database\BaseConnection.php(693): CodeIgniter\Database\MySQLi\Connection->execute()
#2 C:\xampp\htdocs\projects\Petz24\system\Database\BaseConnection.php(607): CodeIgniter\Database\BaseConnection->simpleQuery()
#3 C:\xampp\htdocs\projects\Petz24\app\Controllers\UserPetController.php(13): CodeIgniter\Database\BaseConnection->query()
#4 C:\xampp\htdocs\projects\Petz24\system\CodeIgniter.php(941): App\Controllers\UserPetController->getUserPetList()
#5 C:\xampp\htdocs\projects\Petz24\system\CodeIgniter.php(502): CodeIgniter\CodeIgniter->runController()
#6 C:\xampp\htdocs\projects\Petz24\system\CodeIgniter.php(361): CodeIgniter\CodeIgniter->handleRequest()
#7 C:\xampp\htdocs\projects\Petz24\index.php(79): CodeIgniter\CodeIgniter->run()
#8 {main}
CRITICAL - 2025-06-03 16:35:53 --> CodeIgniter\Database\Exceptions\DatabaseException: You have an error in your SQL syntax; check the manual that corresponds to your MariaDB server version for the right syntax to use near ' p.pet_name, p.pet_img, b.breed_name FROM `user_pet_tbl` upt inner join pet_t...' at line 1
in SYSTEMPATH\Database\BaseConnection.php on line 647.
 1 APPPATH\Controllers\UserPetController.php(13): CodeIgniter\Database\BaseConnection->query()
 2 SYSTEMPATH\CodeIgniter.php(941): App\Controllers\UserPetController->getUserPetList()
 3 SYSTEMPATH\CodeIgniter.php(502): CodeIgniter\CodeIgniter->runController()
 4 SYSTEMPATH\CodeIgniter.php(361): CodeIgniter\CodeIgniter->handleRequest()
 5 FCPATH\index.php(79): CodeIgniter\CodeIgniter->run()
CRITICAL - 2025-06-03 16:35:53 --> [Caused by] CodeIgniter\Database\Exceptions\DatabaseException: You have an error in your SQL syntax; check the manual that corresponds to your MariaDB server version for the right syntax to use near ' p.pet_name, p.pet_img, b.breed_name FROM `user_pet_tbl` upt inner join pet_t...' at line 1
in SYSTEMPATH\Database\MySQLi\Connection.php on line 311.
 1 SYSTEMPATH\Database\BaseConnection.php(693): CodeIgniter\Database\MySQLi\Connection->execute()
 2 SYSTEMPATH\Database\BaseConnection.php(607): CodeIgniter\Database\BaseConnection->simpleQuery()
 3 APPPATH\Controllers\UserPetController.php(13): CodeIgniter\Database\BaseConnection->query()
 4 SYSTEMPATH\CodeIgniter.php(941): App\Controllers\UserPetController->getUserPetList()
 5 SYSTEMPATH\CodeIgniter.php(502): CodeIgniter\CodeIgniter->runController()
 6 SYSTEMPATH\CodeIgniter.php(361): CodeIgniter\CodeIgniter->handleRequest()
 7 FCPATH\index.php(79): CodeIgniter\CodeIgniter->run()
CRITICAL - 2025-06-03 16:35:53 --> [Caused by] mysqli_sql_exception: You have an error in your SQL syntax; check the manual that corresponds to your MariaDB server version for the right syntax to use near ' p.pet_name, p.pet_img, b.breed_name FROM `user_pet_tbl` upt inner join pet_t...' at line 1
in SYSTEMPATH\Database\MySQLi\Connection.php on line 306.
 1 SYSTEMPATH\Database\MySQLi\Connection.php(306): mysqli->query()
 2 SYSTEMPATH\Database\BaseConnection.php(693): CodeIgniter\Database\MySQLi\Connection->execute()
 3 SYSTEMPATH\Database\BaseConnection.php(607): CodeIgniter\Database\BaseConnection->simpleQuery()
 4 APPPATH\Controllers\UserPetController.php(13): CodeIgniter\Database\BaseConnection->query()
 5 SYSTEMPATH\CodeIgniter.php(941): App\Controllers\UserPetController->getUserPetList()
 6 SYSTEMPATH\CodeIgniter.php(502): CodeIgniter\CodeIgniter->runController()
 7 SYSTEMPATH\CodeIgniter.php(361): CodeIgniter\CodeIgniter->handleRequest()
 8 FCPATH\index.php(79): CodeIgniter\CodeIgniter->run()
